src/features/daily-reports/components/DailyReportForm.tsx(156,19): error TS2345: Argument of type '{ weather: true; work: true; issues: true; workforce: true; equipment: true; deliveries: true; visitors: true; photos: true; }' is not assignable to parameter of type 'SetStateAction<{ templates: boolean; weather: boolean; work: boolean; issues: boolean; workforce: boolean; equipment: boolean; deliveries: boolean; visitors: boolean; photos: boolean; signatures: boolean; }>'.
  Type '{ weather: true; work: true; issues: true; workforce: true; equipment: true; deliveries: true; visitors: true; photos: true; }' is missing the following properties from type '{ templates: boolean; weather: boolean; work: boolean; issues: boolean; workforce: boolean; equipment: boolean; deliveries: boolean; visitors: boolean; photos: boolean; signatures: boolean; }': templates, signatures
src/features/daily-reports/components/TemplateSelector.tsx(8,3): error TS2305: Module '"lucide-react"' has no exported member 'FileTemplate'.
src/features/daily-reports/hooks/useDuplicateDetection.ts(37,9): error TS2322: Type 'string | null' is not assignable to type 'string'.
  Type 'null' is not assignable to type 'string'.
src/features/daily-reports/hooks/useDuplicateDetection.ts(38,9): error TS2322: Type 'string | null' is not assignable to type 'string'.
  Type 'null' is not assignable to type 'string'.
src/features/daily-reports/hooks/useOfflineSync.ts(119,21): error TS2769: No overload matches this call.
  Overload 1 of 2, '(values: { approved_at?: string | null | undefined; approved_by?: string | null | undefined; comments?: string | null | undefined; created_at?: string | null | undefined; created_by?: string | null | undefined; ... 24 more ...; work_completed?: string | ... 1 more ... | undefined; }, options?: { ...; } | undefined): PostgrestFilterBuilder<...>', gave the following error.
    Argument of type '{ project_id: string; report_date: string; weather_condition: string | undefined; temperature_high: number | undefined; temperature_low: number | undefined; precipitation: number | undefined; ... 8 more ...; total_workers: number; }' is not assignable to parameter of type '{ approved_at?: string | null | undefined; approved_by?: string | null | undefined; comments?: string | null | undefined; created_at?: string | null | undefined; created_by?: string | null | undefined; ... 24 more ...; work_completed?: string | ... 1 more ... | undefined; }'.
      Property 'reporter_id' is missing in type '{ project_id: string; report_date: string; weather_condition: string | undefined; temperature_high: number | undefined; temperature_low: number | undefined; precipitation: number | undefined; ... 8 more ...; total_workers: number; }' but required in type '{ approved_at?: string | null | undefined; approved_by?: string | null | undefined; comments?: string | null | undefined; created_at?: string | null | undefined; created_by?: string | null | undefined; ... 24 more ...; work_completed?: string | ... 1 more ... | undefined; }'.
  Overload 2 of 2, '(values: { approved_at?: string | null | undefined; approved_by?: string | null | undefined; comments?: string | null | undefined; created_at?: string | null | undefined; created_by?: string | null | undefined; ... 24 more ...; work_completed?: string | ... 1 more ... | undefined; }[], options?: { ...; } | undefined): PostgrestFilterBuilder<...>', gave the following error.
    Argument of type '{ project_id: string; report_date: string; weather_condition: string | undefined; temperature_high: number | undefined; temperature_low: number | undefined; precipitation: number | undefined; ... 8 more ...; total_workers: number; }' is not assignable to parameter of type '{ approved_at?: string | null | undefined; approved_by?: string | null | undefined; comments?: string | null | undefined; created_at?: string | null | undefined; created_by?: string | null | undefined; ... 24 more ...; work_completed?: string | ... 1 more ... | undefined; }[]'.
      Type '{ project_id: string; report_date: string; weather_condition: string | undefined; temperature_high: number | undefined; temperature_low: number | undefined; precipitation: number | undefined; ... 8 more ...; total_workers: number; }' is missing the following properties from type '{ approved_at?: string | null | undefined; approved_by?: string | null | undefined; comments?: string | null | undefined; created_at?: string | null | undefined; created_by?: string | null | undefined; ... 24 more ...; work_completed?: string | ... 1 more ... | undefined; }[]': length, pop, push, concat, and 28 more.
src/features/daily-reports/services/reportTemplates.ts(40,33): error TS2589: Type instantiation is excessively deep and possibly infinite.
src/features/daily-reports/services/reportTemplates.ts(41,11): error TS2769: No overload matches this call.
  Overload 1 of 2, '(relation: "projects" | "analytics_predictions" | "approval_requests" | "approval_steps" | "approval_workflows" | "companies" | "users" | "change_orders" | "documents" | "subcontractors" | ... 108 more ... | "workflow_item_history"): PostgrestQueryBuilder<...>', gave the following error.
    Argument of type '"daily_report_templates"' is not assignable to parameter of type '"projects" | "analytics_predictions" | "approval_requests" | "approval_steps" | "approval_workflows" | "companies" | "users" | "change_orders" | "documents" | "subcontractors" | ... 108 more ... | "workflow_item_history"'.
  Overload 2 of 2, '(relation: "auth_users_readonly" | "auth_users_safe" | "client_project_summary" | "analytics_latest_predictions" | "change_order_summary" | "document_ai_status" | "rfi_summary" | ... 10 more ... | "safety_incident_stats"): PostgrestQueryBuilder<...>', gave the following error.
    Argument of type '"daily_report_templates"' is not assignable to parameter of type '"auth_users_readonly" | "auth_users_safe" | "client_project_summary" | "analytics_latest_predictions" | "change_order_summary" | "document_ai_status" | "rfi_summary" | ... 10 more ... | "safety_incident_stats"'.
src/features/daily-reports/services/reportTemplates.ts(102,33): error TS2589: Type instantiation is excessively deep and possibly infinite.
src/features/daily-reports/services/reportTemplates.ts(103,11): error TS2769: No overload matches this call.
  Overload 1 of 2, '(relation: "projects" | "analytics_predictions" | "approval_requests" | "approval_steps" | "approval_workflows" | "companies" | "users" | "change_orders" | "documents" | "subcontractors" | ... 108 more ... | "workflow_item_history"): PostgrestQueryBuilder<...>', gave the following error.
    Argument of type '"daily_report_templates"' is not assignable to parameter of type '"projects" | "analytics_predictions" | "approval_requests" | "approval_steps" | "approval_workflows" | "companies" | "users" | "change_orders" | "documents" | "subcontractors" | ... 108 more ... | "workflow_item_history"'.
  Overload 2 of 2, '(relation: "auth_users_readonly" | "auth_users_safe" | "client_project_summary" | "analytics_latest_predictions" | "change_order_summary" | "document_ai_status" | "rfi_summary" | ... 10 more ... | "safety_incident_stats"): PostgrestQueryBuilder<...>', gave the following error.
    Argument of type '"daily_report_templates"' is not assignable to parameter of type '"auth_users_readonly" | "auth_users_safe" | "client_project_summary" | "analytics_latest_predictions" | "change_order_summary" | "document_ai_status" | "rfi_summary" | ... 10 more ... | "safety_incident_stats"'.
src/features/daily-reports/services/reportTemplates.ts(114,27): error TS2345: Argument of type '(record: Record<string, unknown>) => ReportTemplate' is not assignable to parameter of type '(value: ResultOne, index: number, array: ResultOne[]) => ReportTemplate'.
  Types of parameters 'record' and 'value' are incompatible.
    Type 'ResultOne' is not assignable to type 'Record<string, unknown>'.
src/features/daily-reports/services/reportTemplates.ts(120,11): error TS2769: No overload matches this call.
  Overload 1 of 2, '(relation: "projects" | "analytics_predictions" | "approval_requests" | "approval_steps" | "approval_workflows" | "companies" | "users" | "change_orders" | "documents" | "subcontractors" | ... 108 more ... | "workflow_item_history"): PostgrestQueryBuilder<...>', gave the following error.
    Argument of type '"daily_report_templates"' is not assignable to parameter of type '"projects" | "analytics_predictions" | "approval_requests" | "approval_steps" | "approval_workflows" | "companies" | "users" | "change_orders" | "documents" | "subcontractors" | ... 108 more ... | "workflow_item_history"'.
  Overload 2 of 2, '(relation: "auth_users_readonly" | "auth_users_safe" | "client_project_summary" | "analytics_latest_predictions" | "change_order_summary" | "document_ai_status" | "rfi_summary" | ... 10 more ... | "safety_incident_stats"): PostgrestQueryBuilder<...>', gave the following error.
    Argument of type '"daily_report_templates"' is not assignable to parameter of type '"auth_users_readonly" | "auth_users_safe" | "client_project_summary" | "analytics_latest_predictions" | "change_order_summary" | "document_ai_status" | "rfi_summary" | ... 10 more ... | "safety_incident_stats"'.
src/features/daily-reports/services/reportVersioning.ts(41,11): error TS2769: No overload matches this call.
  Overload 1 of 2, '(relation: "projects" | "analytics_predictions" | "approval_requests" | "approval_steps" | "approval_workflows" | "companies" | "users" | "change_orders" | "documents" | "subcontractors" | ... 108 more ... | "workflow_item_history"): PostgrestQueryBuilder<...>', gave the following error.
    Argument of type '"daily_report_versions"' is not assignable to parameter of type '"projects" | "analytics_predictions" | "approval_requests" | "approval_steps" | "approval_workflows" | "companies" | "users" | "change_orders" | "documents" | "subcontractors" | ... 108 more ... | "workflow_item_history"'.
  Overload 2 of 2, '(relation: "auth_users_readonly" | "auth_users_safe" | "client_project_summary" | "analytics_latest_predictions" | "change_order_summary" | "document_ai_status" | "rfi_summary" | ... 10 more ... | "safety_incident_stats"): PostgrestQueryBuilder<...>', gave the following error.
    Argument of type '"daily_report_versions"' is not assignable to parameter of type '"auth_users_readonly" | "auth_users_safe" | "client_project_summary" | "analytics_latest_predictions" | "change_order_summary" | "document_ai_status" | "rfi_summary" | ... 10 more ... | "safety_incident_stats"'.
src/features/daily-reports/services/reportVersioning.ts(47,46): error TS2339: Property 'version_number' does not exist on type 'SelectQueryError<"column 'version_number' does not exist on 'projects'."> | SelectQueryError<"column 'version_number' does not exist on 'analytics_predictions'."> | ... 116 more ... | SelectQueryError<...>'.
  Property 'version_number' does not exist on type 'SelectQueryError<"column 'version_number' does not exist on 'projects'.">'.
src/features/daily-reports/services/reportVersioning.ts(48,28): error TS2339: Property 'version_number' does not exist on type 'SelectQueryError<"column 'version_number' does not exist on 'projects'."> | SelectQueryError<"column 'version_number' does not exist on 'analytics_predictions'."> | ... 116 more ... | SelectQueryError<...>'.
  Property 'version_number' does not exist on type 'SelectQueryError<"column 'version_number' does not exist on 'projects'.">'.
src/features/daily-reports/services/reportVersioning.ts(52,11): error TS2769: No overload matches this call.
  Overload 1 of 2, '(relation: "projects" | "analytics_predictions" | "approval_requests" | "approval_steps" | "approval_workflows" | "companies" | "users" | "change_orders" | "documents" | "subcontractors" | ... 108 more ... | "workflow_item_history"): PostgrestQueryBuilder<...>', gave the following error.
    Argument of type '"daily_report_versions"' is not assignable to parameter of type '"projects" | "analytics_predictions" | "approval_requests" | "approval_steps" | "approval_workflows" | "companies" | "users" | "change_orders" | "documents" | "subcontractors" | ... 108 more ... | "workflow_item_history"'.
  Overload 2 of 2, '(relation: "auth_users_readonly" | "auth_users_safe" | "client_project_summary" | "analytics_latest_predictions" | "change_order_summary" | "document_ai_status" | "rfi_summary" | ... 10 more ... | "safety_incident_stats"): PostgrestQueryBuilder<...>', gave the following error.
    Argument of type '"daily_report_versions"' is not assignable to parameter of type '"auth_users_readonly" | "auth_users_safe" | "client_project_summary" | "analytics_latest_predictions" | "change_order_summary" | "document_ai_status" | "rfi_summary" | ... 10 more ... | "safety_incident_stats"'.
src/features/daily-reports/services/reportVersioning.ts(54,7): error TS2769: No overload matches this call.
  Overload 1 of 2, '(values: { accuracy?: number | null | undefined; config_json_url?: string | null | undefined; created_at?: string | null | undefined; created_by?: string | null | undefined; deployed_at?: string | ... 1 more ... | undefined; ... 22 more ...; validation_samples?: number | ... 1 more ... | undefined; } | ... 117 more ... | { ...; }, options?: { ...; } | undefined): PostgrestFilterBuilder<...>', gave the following error.
    Object literal may only specify known properties, and 'report_id' does not exist in type '{ accuracy?: number | null | undefined; config_json_url?: string | null | undefined; created_at?: string | null | undefined; created_by?: string | null | undefined; deployed_at?: string | ... 1 more ... | undefined; ... 22 more ...; validation_samples?: number | ... 1 more ... | undefined; } | ... 117 more ... | { ....'.
  Overload 2 of 2, '(values: ({ accuracy?: number | null | undefined; config_json_url?: string | null | undefined; created_at?: string | null | undefined; created_by?: string | null | undefined; deployed_at?: string | ... 1 more ... | undefined; ... 22 more ...; validation_samples?: number | ... 1 more ... | undefined; } | ... 117 more ... | { ...; })[], options?: { ...; } | undefined): PostgrestFilterBuilder<...>', gave the following error.
    Object literal may only specify known properties, and 'report_id' does not exist in type '({ accuracy?: number | null | undefined; config_json_url?: string | null | undefined; created_at?: string | null | undefined; created_by?: string | null | undefined; deployed_at?: string | ... 1 more ... | undefined; ... 22 more ...; validation_samples?: number | ... 1 more ... | undefined; } | ... 117 more ... | { ...'.
src/features/daily-reports/services/reportVersioning.ts(106,33): error TS2589: Type instantiation is excessively deep and possibly infinite.
src/features/daily-reports/services/reportVersioning.ts(107,11): error TS2769: No overload matches this call.
  Overload 1 of 2, '(relation: "projects" | "analytics_predictions" | "approval_requests" | "approval_steps" | "approval_workflows" | "companies" | "users" | "change_orders" | "documents" | "subcontractors" | ... 108 more ... | "workflow_item_history"): PostgrestQueryBuilder<...>', gave the following error.
    Argument of type '"daily_report_versions"' is not assignable to parameter of type '"projects" | "analytics_predictions" | "approval_requests" | "approval_steps" | "approval_workflows" | "companies" | "users" | "change_orders" | "documents" | "subcontractors" | ... 108 more ... | "workflow_item_history"'.
  Overload 2 of 2, '(relation: "auth_users_readonly" | "auth_users_safe" | "client_project_summary" | "analytics_latest_predictions" | "change_order_summary" | "document_ai_status" | "rfi_summary" | ... 10 more ... | "safety_incident_stats"): PostgrestQueryBuilder<...>', gave the following error.
    Argument of type '"daily_report_versions"' is not assignable to parameter of type '"auth_users_readonly" | "auth_users_safe" | "client_project_summary" | "analytics_latest_predictions" | "change_order_summary" | "document_ai_status" | "rfi_summary" | ... 10 more ... | "safety_incident_stats"'.
src/features/daily-reports/services/reportVersioning.ts(121,11): error TS2339: Property 'id' does not exist on type 'ResultOne'.
src/features/daily-reports/services/reportVersioning.ts(122,18): error TS2339: Property 'report_id' does not exist on type 'ResultOne'.
src/features/daily-reports/services/reportVersioning.ts(123,23): error TS2339: Property 'version_number' does not exist on type 'ResultOne'.
src/features/daily-reports/services/reportVersioning.ts(124,19): error TS2339: Property 'changed_by' does not exist on type 'ResultOne'.
src/features/daily-reports/services/reportVersioning.ts(125,25): error TS2339: Property 'user' does not exist on type 'ResultOne'.
src/features/daily-reports/services/reportVersioning.ts(126,19): error TS2339: Property 'changed_at' does not exist on type 'ResultOne'.
src/features/daily-reports/services/reportVersioning.ts(127,20): error TS2339: Property 'change_type' does not exist on type 'ResultOne'.
src/features/daily-reports/services/reportVersioning.ts(128,23): error TS2339: Property 'change_summary' does not exist on type 'ResultOne'.
src/features/daily-reports/services/reportVersioning.ts(129,22): error TS2339: Property 'previous_data' does not exist on type 'ResultOne'.
src/features/daily-reports/services/reportVersioning.ts(130,17): error TS2339: Property 'new_data' does not exist on type 'ResultOne'.
src/features/weather-logs/components/WeatherLogFormDialog.tsx(219,72): error TS2344: Type '"weather_logs"' does not satisfy the constraint '"projects" | "analytics_predictions" | "approval_requests" | "approval_steps" | "approval_workflows" | "companies" | "users" | "change_orders" | "documents" | "subcontractors" | ... 108 more ... | "workflow_item_history"'.
src/features/weather-logs/hooks/useWeatherLogs.ts(28,19): error TS2589: Type instantiation is excessively deep and possibly infinite.
src/features/weather-logs/hooks/useWeatherLogs.ts(29,15): error TS2769: No overload matches this call.
  Overload 1 of 2, '(relation: "projects" | "analytics_predictions" | "approval_requests" | "approval_steps" | "approval_workflows" | "companies" | "users" | "change_orders" | "documents" | "subcontractors" | ... 108 more ... | "workflow_item_history"): PostgrestQueryBuilder<...>', gave the following error.
    Argument of type '"weather_logs"' is not assignable to parameter of type '"projects" | "analytics_predictions" | "approval_requests" | "approval_steps" | "approval_workflows" | "companies" | "users" | "change_orders" | "documents" | "subcontractors" | ... 108 more ... | "workflow_item_history"'.
  Overload 2 of 2, '(relation: "auth_users_readonly" | "auth_users_safe" | "client_project_summary" | "analytics_latest_predictions" | "change_order_summary" | "document_ai_status" | "rfi_summary" | ... 10 more ... | "safety_incident_stats"): PostgrestQueryBuilder<...>', gave the following error.
    Argument of type '"weather_logs"' is not assignable to parameter of type '"auth_users_readonly" | "auth_users_safe" | "client_project_summary" | "analytics_latest_predictions" | "change_order_summary" | "document_ai_status" | "rfi_summary" | ... 10 more ... | "safety_incident_stats"'.
src/features/weather-logs/hooks/useWeatherLogs.ts(72,19): error TS2589: Type instantiation is excessively deep and possibly infinite.
src/features/weather-logs/hooks/useWeatherLogs.ts(73,15): error TS2769: No overload matches this call.
  Overload 1 of 2, '(relation: "projects" | "analytics_predictions" | "approval_requests" | "approval_steps" | "approval_workflows" | "companies" | "users" | "change_orders" | "documents" | "subcontractors" | ... 108 more ... | "workflow_item_history"): PostgrestQueryBuilder<...>', gave the following error.
    Argument of type '"weather_logs"' is not assignable to parameter of type '"projects" | "analytics_predictions" | "approval_requests" | "approval_steps" | "approval_workflows" | "companies" | "users" | "change_orders" | "documents" | "subcontractors" | ... 108 more ... | "workflow_item_history"'.
  Overload 2 of 2, '(relation: "auth_users_readonly" | "auth_users_safe" | "client_project_summary" | "analytics_latest_predictions" | "change_order_summary" | "document_ai_status" | "rfi_summary" | ... 10 more ... | "safety_incident_stats"): PostgrestQueryBuilder<...>', gave the following error.
    Argument of type '"weather_logs"' is not assignable to parameter of type '"auth_users_readonly" | "auth_users_safe" | "client_project_summary" | "analytics_latest_predictions" | "change_order_summary" | "document_ai_status" | "rfi_summary" | ... 10 more ... | "safety_incident_stats"'.
src/features/weather-logs/hooks/useWeatherLogs.ts(115,37): error TS2589: Type instantiation is excessively deep and possibly infinite.
src/features/weather-logs/hooks/useWeatherLogs.ts(116,15): error TS2769: No overload matches this call.
  Overload 1 of 2, '(relation: "projects" | "analytics_predictions" | "approval_requests" | "approval_steps" | "approval_workflows" | "companies" | "users" | "change_orders" | "documents" | "subcontractors" | ... 108 more ... | "workflow_item_history"): PostgrestQueryBuilder<...>', gave the following error.
    Argument of type '"weather_logs"' is not assignable to parameter of type '"projects" | "analytics_predictions" | "approval_requests" | "approval_steps" | "approval_workflows" | "companies" | "users" | "change_orders" | "documents" | "subcontractors" | ... 108 more ... | "workflow_item_history"'.
  Overload 2 of 2, '(relation: "auth_users_readonly" | "auth_users_safe" | "client_project_summary" | "analytics_latest_predictions" | "change_order_summary" | "document_ai_status" | "rfi_summary" | ... 10 more ... | "safety_incident_stats"): PostgrestQueryBuilder<...>', gave the following error.
    Argument of type '"weather_logs"' is not assignable to parameter of type '"auth_users_readonly" | "auth_users_safe" | "client_project_summary" | "analytics_latest_predictions" | "change_order_summary" | "document_ai_status" | "rfi_summary" | ... 10 more ... | "safety_incident_stats"'.
src/features/weather-logs/hooks/useWeatherLogs.ts(142,37): error TS2589: Type instantiation is excessively deep and possibly infinite.
src/features/weather-logs/hooks/useWeatherLogs.ts(143,15): error TS2769: No overload matches this call.
  Overload 1 of 2, '(relation: "projects" | "analytics_predictions" | "approval_requests" | "approval_steps" | "approval_workflows" | "companies" | "users" | "change_orders" | "documents" | "subcontractors" | ... 108 more ... | "workflow_item_history"): PostgrestQueryBuilder<...>', gave the following error.
    Argument of type '"weather_logs"' is not assignable to parameter of type '"projects" | "analytics_predictions" | "approval_requests" | "approval_steps" | "approval_workflows" | "companies" | "users" | "change_orders" | "documents" | "subcontractors" | ... 108 more ... | "workflow_item_history"'.
  Overload 2 of 2, '(relation: "auth_users_readonly" | "auth_users_safe" | "client_project_summary" | "analytics_latest_predictions" | "change_order_summary" | "document_ai_status" | "rfi_summary" | ... 10 more ... | "safety_incident_stats"): PostgrestQueryBuilder<...>', gave the following error.
    Argument of type '"weather_logs"' is not assignable to parameter of type '"auth_users_readonly" | "auth_users_safe" | "client_project_summary" | "analytics_latest_predictions" | "change_order_summary" | "document_ai_status" | "rfi_summary" | ... 10 more ... | "safety_incident_stats"'.
src/features/weather-logs/hooks/useWeatherLogs.ts(162,48): error TS2344: Type '"weather_logs"' does not satisfy the constraint '"projects" | "analytics_predictions" | "approval_requests" | "approval_steps" | "approval_workflows" | "companies" | "users" | "change_orders" | "documents" | "subcontractors" | ... 108 more ... | "workflow_item_history"'.
src/features/weather-logs/hooks/useWeatherLogs.ts(170,37): error TS2589: Type instantiation is excessively deep and possibly infinite.
src/features/weather-logs/hooks/useWeatherLogs.ts(171,15): error TS2769: No overload matches this call.
  Overload 1 of 2, '(relation: "projects" | "analytics_predictions" | "approval_requests" | "approval_steps" | "approval_workflows" | "companies" | "users" | "change_orders" | "documents" | "subcontractors" | ... 108 more ... | "workflow_item_history"): PostgrestQueryBuilder<...>', gave the following error.
    Argument of type '"weather_logs"' is not assignable to parameter of type '"projects" | "analytics_predictions" | "approval_requests" | "approval_steps" | "approval_workflows" | "companies" | "users" | "change_orders" | "documents" | "subcontractors" | ... 108 more ... | "workflow_item_history"'.
  Overload 2 of 2, '(relation: "auth_users_readonly" | "auth_users_safe" | "client_project_summary" | "analytics_latest_predictions" | "change_order_summary" | "document_ai_status" | "rfi_summary" | ... 10 more ... | "safety_incident_stats"): PostgrestQueryBuilder<...>', gave the following error.
    Argument of type '"weather_logs"' is not assignable to parameter of type '"auth_users_readonly" | "auth_users_safe" | "client_project_summary" | "analytics_latest_predictions" | "change_order_summary" | "document_ai_status" | "rfi_summary" | ... 10 more ... | "safety_incident_stats"'.
src/features/weather-logs/hooks/useWeatherLogs.ts(173,11): error TS2698: Spread types may only be created from object types.
src/features/weather-logs/hooks/useWeatherLogs.ts(196,37): error TS2589: Type instantiation is excessively deep and possibly infinite.
src/features/weather-logs/hooks/useWeatherLogs.ts(197,15): error TS2769: No overload matches this call.
  Overload 1 of 2, '(relation: "projects" | "analytics_predictions" | "approval_requests" | "approval_steps" | "approval_workflows" | "companies" | "users" | "change_orders" | "documents" | "subcontractors" | ... 108 more ... | "workflow_item_history"): PostgrestQueryBuilder<...>', gave the following error.
    Argument of type '"weather_logs"' is not assignable to parameter of type '"projects" | "analytics_predictions" | "approval_requests" | "approval_steps" | "approval_workflows" | "companies" | "users" | "change_orders" | "documents" | "subcontractors" | ... 108 more ... | "workflow_item_history"'.
  Overload 2 of 2, '(relation: "auth_users_readonly" | "auth_users_safe" | "client_project_summary" | "analytics_latest_predictions" | "change_order_summary" | "document_ai_status" | "rfi_summary" | ... 10 more ... | "safety_incident_stats"): PostgrestQueryBuilder<...>', gave the following error.
    Argument of type '"weather_logs"' is not assignable to parameter of type '"auth_users_readonly" | "auth_users_safe" | "client_project_summary" | "analytics_latest_predictions" | "change_order_summary" | "document_ai_status" | "rfi_summary" | ... 10 more ... | "safety_incident_stats"'.
src/features/weather-logs/hooks/useWeatherLogs.ts(222,15): error TS2769: No overload matches this call.
  Overload 1 of 2, '(relation: "projects" | "analytics_predictions" | "approval_requests" | "approval_steps" | "approval_workflows" | "companies" | "users" | "change_orders" | "documents" | "subcontractors" | ... 108 more ... | "workflow_item_history"): PostgrestQueryBuilder<...>', gave the following error.
    Argument of type '"weather_logs"' is not assignable to parameter of type '"projects" | "analytics_predictions" | "approval_requests" | "approval_steps" | "approval_workflows" | "companies" | "users" | "change_orders" | "documents" | "subcontractors" | ... 108 more ... | "workflow_item_history"'.
  Overload 2 of 2, '(relation: "auth_users_readonly" | "auth_users_safe" | "client_project_summary" | "analytics_latest_predictions" | "change_order_summary" | "document_ai_status" | "rfi_summary" | ... 10 more ... | "safety_incident_stats"): PostgrestQueryBuilder<...>', gave the following error.
    Argument of type '"weather_logs"' is not assignable to parameter of type '"auth_users_readonly" | "auth_users_safe" | "client_project_summary" | "analytics_latest_predictions" | "change_order_summary" | "document_ai_status" | "rfi_summary" | ... 10 more ... | "safety_incident_stats"'.
src/features/weather-logs/hooks/useWeatherLogs.ts(252,19): error TS2589: Type instantiation is excessively deep and possibly infinite.
src/features/weather-logs/hooks/useWeatherLogs.ts(253,15): error TS2769: No overload matches this call.
  Overload 1 of 2, '(relation: "projects" | "analytics_predictions" | "approval_requests" | "approval_steps" | "approval_workflows" | "companies" | "users" | "change_orders" | "documents" | "subcontractors" | ... 108 more ... | "workflow_item_history"): PostgrestQueryBuilder<...>', gave the following error.
    Argument of type '"weather_logs"' is not assignable to parameter of type '"projects" | "analytics_predictions" | "approval_requests" | "approval_steps" | "approval_workflows" | "companies" | "users" | "change_orders" | "documents" | "subcontractors" | ... 108 more ... | "workflow_item_history"'.
  Overload 2 of 2, '(relation: "auth_users_readonly" | "auth_users_safe" | "client_project_summary" | "analytics_latest_predictions" | "change_order_summary" | "document_ai_status" | "rfi_summary" | ... 10 more ... | "safety_incident_stats"): PostgrestQueryBuilder<...>', gave the following error.
    Argument of type '"weather_logs"' is not assignable to parameter of type '"auth_users_readonly" | "auth_users_safe" | "client_project_summary" | "analytics_latest_predictions" | "change_order_summary" | "document_ai_status" | "rfi_summary" | ... 10 more ... | "safety_incident_stats"'.
src/features/weather-logs/hooks/useWeatherLogs.ts(310,78): error TS2571: Object is of type 'unknown'.
src/features/weather-logs/hooks/useWeatherLogs.ts(310,85): error TS2571: Object is of type 'unknown'.
src/lib/api/services/takeoff-templates.ts(65,37): error TS2589: Type instantiation is excessively deep and possibly infinite.
src/lib/api/services/takeoff-templates.ts(66,15): error TS2769: No overload matches this call.
  Overload 1 of 2, '(relation: "projects" | "analytics_predictions" | "approval_requests" | "approval_steps" | "approval_workflows" | "companies" | "users" | "change_orders" | "documents" | "subcontractors" | ... 108 more ... | "workflow_item_history"): PostgrestQueryBuilder<...>', gave the following error.
    Argument of type '"takeoff_templates"' is not assignable to parameter of type '"projects" | "analytics_predictions" | "approval_requests" | "approval_steps" | "approval_workflows" | "companies" | "users" | "change_orders" | "documents" | "subcontractors" | ... 108 more ... | "workflow_item_history"'.
  Overload 2 of 2, '(relation: "auth_users_readonly" | "auth_users_safe" | "client_project_summary" | "analytics_latest_predictions" | "change_order_summary" | "document_ai_status" | "rfi_summary" | ... 10 more ... | "safety_incident_stats"): PostgrestQueryBuilder<...>', gave the following error.
    Argument of type '"takeoff_templates"' is not assignable to parameter of type '"auth_users_readonly" | "auth_users_safe" | "client_project_summary" | "analytics_latest_predictions" | "change_order_summary" | "document_ai_status" | "rfi_summary" | ... 10 more ... | "safety_incident_stats"'.
src/lib/api/services/takeoff-templates.ts(80,7): error TS2322: Type 'ResultOne[]' is not assignable to type 'TakeoffTemplate[]'.
  Type 'ResultOne' is not assignable to type 'TakeoffTemplate'.
src/pages/daily-reports/DailyReportDetailPage.tsx(311,9): error TS2322: Type 'unknown' is not assignable to type 'ReactNode'.
src/pages/daily-reports/DailyReportDetailPage.tsx(415,11): error TS2322: Type 'DailyReportWithProject' is not assignable to type '{ approved_at: string | null; approved_by: string | null; comments: string | null; created_at: string | null; created_by: string | null; deleted_at: string | null; id: string; ... 22 more ...; work_completed: string | null; } & { ...; }'.
  Type 'DailyReportWithProject' is not assignable to type '{ project?: { name: string; } | undefined; }'.
    Types of property 'project' are incompatible.
      Type '{ id: string; name: string; } | null | undefined' is not assignable to type '{ name: string; } | undefined'.
        Type 'null' is not assignable to type '{ name: string; } | undefined'.
src/pages/daily-reports/DailyReportDetailPage.tsx(416,11): error TS2322: Type 'DailyReportWorkforce[]' is not assignable to type '{ entry_type: string; team_name?: string | undefined; worker_name?: string | undefined; trade?: string | undefined; worker_count?: number | undefined; activity?: string | undefined; hours_worked?: number | undefined; }[]'.
  Type 'DailyReportWorkforce' is not assignable to type '{ entry_type: string; team_name?: string | undefined; worker_name?: string | undefined; trade?: string | undefined; worker_count?: number | undefined; activity?: string | undefined; hours_worked?: number | undefined; }'.
    Types of property 'entry_type' are incompatible.
      Type 'string | null' is not assignable to type 'string'.
        Type 'null' is not assignable to type 'string'.
src/pages/daily-reports/DailyReportDetailPage.tsx(417,11): error TS2322: Type 'DailyReportEquipment[]' is not assignable to type '{ equipment_type: string; equipment_description?: string | undefined; quantity: number; owner?: string | undefined; hours_used?: number | undefined; notes?: string | undefined; }[]'.
  Type 'DailyReportEquipment' is not assignable to type '{ equipment_type: string; equipment_description?: string | undefined; quantity: number; owner?: string | undefined; hours_used?: number | undefined; notes?: string | undefined; }'.
    Types of property 'equipment_description' are incompatible.
      Type 'string | null' is not assignable to type 'string | undefined'.
        Type 'null' is not assignable to type 'string | undefined'.
src/pages/daily-reports/DailyReportDetailPage.tsx(418,11): error TS2322: Type 'DailyReportDelivery[]' is not assignable to type '{ material_description: string; quantity?: string | undefined; vendor?: string | undefined; delivery_ticket_number?: string | undefined; delivery_time?: string | undefined; notes?: string | undefined; }[]'.
  Type 'DailyReportDelivery' is not assignable to type '{ material_description: string; quantity?: string | undefined; vendor?: string | undefined; delivery_ticket_number?: string | undefined; delivery_time?: string | undefined; notes?: string | undefined; }'.
    Types of property 'quantity' are incompatible.
      Type 'string | null' is not assignable to type 'string | undefined'.
        Type 'null' is not assignable to type 'string | undefined'.
src/pages/daily-reports/DailyReportDetailPage.tsx(419,11): error TS2322: Type 'DailyReportVisitor[]' is not assignable to type '{ visitor_name: string; company?: string | undefined; purpose?: string | undefined; arrival_time?: string | undefined; departure_time?: string | undefined; }[]'.
  Type 'DailyReportVisitor' is not assignable to type '{ visitor_name: string; company?: string | undefined; purpose?: string | undefined; arrival_time?: string | undefined; departure_time?: string | undefined; }'.
    Types of property 'company' are incompatible.
      Type 'string | null' is not assignable to type 'string | undefined'.
        Type 'null' is not assignable to type 'string | undefined'.
src/pages/takeoffs/TakeoffPage.tsx(405,11): error TS2322: Type 'string | null' is not assignable to type 'string'.
  Type 'null' is not assignable to type 'string'.
src/pages/takeoffs/TakeoffsListPage.tsx(58,49): error TS2345: Argument of type '{ filters: { column: string; operator: string; value: string; }[]; }' is not assignable to parameter of type 'string'.
src/pages/takeoffs/TakeoffsListPage.tsx(247,36): error TS2322: Type '{ children: Element[]; value: "all" | MeasurementType; onValueChange: (v: any) => void; }' is not assignable to type 'IntrinsicAttributes & SelectProps & RefAttributes<HTMLSelectElement>'.
  Property 'onValueChange' does not exist on type 'IntrinsicAttributes & SelectProps & RefAttributes<HTMLSelectElement>'. Did you mean 'onVolumeChange'?
src/pages/takeoffs/TakeoffsListPage.tsx(247,52): error TS7006: Parameter 'v' implicitly has an 'any' type.
src/pages/takeoffs/TakeoffsListPage.tsx(350,11): error TS2322: Type 'string | null' is not assignable to type 'string'.
  Type 'null' is not assignable to type 'string'.
src/pages/weather-logs/WeatherLogDetailPage.tsx(285,60): error TS7006: Parameter 'activity' implicitly has an 'any' type.
src/pages/weather-logs/WeatherLogDetailPage.tsx(285,70): error TS7006: Parameter 'index' implicitly has an 'any' type.
src/pages/weather-logs/WeatherLogDetailPage.tsx(325,47): error TS7006: Parameter 'url' implicitly has an 'any' type.
src/pages/weather-logs/WeatherLogDetailPage.tsx(325,52): error TS7006: Parameter 'index' implicitly has an 'any' type.
src/pages/weather-logs/WeatherLogsPage.tsx(72,13): error TS2339: Property 'impact_notes' does not exist on type 'WeatherLogWithProject'.
src/pages/weather-logs/WeatherLogsPage.tsx(73,13): error TS2339: Property 'safety_concerns' does not exist on type 'WeatherLogWithProject'.
src/pages/weather-logs/WeatherLogsPage.tsx(74,13): error TS2339: Property 'affected_activities' does not exist on type 'WeatherLogWithProject'.
src/pages/weather-logs/WeatherLogsPage.tsx(74,39): error TS7006: Parameter 'activity' implicitly has an 'any' type.
src/pages/weather-logs/WeatherLogsPage.tsx(404,46): error TS2339: Property 'id' does not exist on type 'WeatherLogWithProject'.
src/types/database.ts(12961,55): error TS2339: Property 'weather_logs' does not exist on type '{ analytics_model_metadata: { Row: { accuracy: number | null; config_json_url: string | null; created_at: string | null; created_by: string | null; deployed_at: string | null; deprecated_at: string | null; ... 21 more ...; validation_samples: number | null; }; Insert: { ...; }; Update: { ...; }; Relationships: [...]...'.
