
> construction-management-platform@0.1.0 type-check
> tsc --noEmit

src/features/change-orders/components/CreateChangeOrderDialog.tsx(44,9): error TS2322: Type 'number' is not assignable to type 'string'.
src/features/change-orders/hooks/useChangeOrderMutations.ts(55,17): error TS2352: Conversion of type '{ project_id: string; workflow_type_id: string; title: string; description: string; priority: string; cost_impact: number; schedule_impact: string; assignees: string[]; number: number; status: string; created_by: string; raised_by: string; }' to type '{ assignees?: string[]; closed_date?: string; cost_impact?: number; created_at?: string; created_by?: string; deleted_at?: string; description?: string; discipline?: string; due_date?: string; id?: string; ... 12 more ...; workflow_type_id: string; }' may be a mistake because neither type sufficiently overlaps with the other. If this was intentional, convert the expression to 'unknown' first.
  Types of property 'schedule_impact' are incompatible.
    Type 'string' is not comparable to type 'number'.
src/features/change-orders/hooks/useChangeOrderMutations.ts(202,5): error TS2322: Type '(_: any, variables: any) => void' is not assignable to type '(data: { comment: string; created_at: string; created_by: string; deleted_at: string; id: string; mentioned_users: string[]; updated_at: string; workflow_item_id: string; }) => void'.
  Target signature provides too few arguments. Expected 2 or more, but got 1.
src/features/change-orders/hooks/useChangeOrderMutations.ts(202,17): error TS7006: Parameter '_' implicitly has an 'any' type.
src/features/change-orders/hooks/useChangeOrderMutations.ts(202,20): error TS7006: Parameter 'variables' implicitly has an 'any' type.
src/features/change-orders/hooks/useChangeOrderMutations.ts(244,5): error TS2322: Type '(_: any, variables: any) => void' is not assignable to type '(data: { awarded_at: string; awarded_by: string; bid_status: string; created_at: string; deleted_at: string; duration_days: number; exclusions: string; id: string; is_awarded: boolean; lump_sum_cost: number; ... 7 more ...; workflow_item_id: string; }[]) => void'.
  Target signature provides too few arguments. Expected 2 or more, but got 1.
src/features/change-orders/hooks/useChangeOrderMutations.ts(244,17): error TS7006: Parameter '_' implicitly has an 'any' type.
src/features/change-orders/hooks/useChangeOrderMutations.ts(244,20): error TS7006: Parameter 'variables' implicitly has an 'any' type.
src/features/change-orders/hooks/useChangeOrders.ts(143,14): error TS2352: Conversion of type '{ assignees: string[]; closed_date: string; cost_impact: number; created_at: string; created_by: string; deleted_at: string; description: string; discipline: string; due_date: string; id: string; ... 17 more ...; bids: { ...; }[]; }' to type 'ChangeOrderDetailWithRelations' may be a mistake because neither type sufficiently overlaps with the other. If this was intentional, convert the expression to 'unknown' first.
  Type '{ assignees: string[]; closed_date: string; cost_impact: number; created_at: string; created_by: string; deleted_at: string; description: string; discipline: string; due_date: string; id: string; ... 17 more ...; bids: { ...; }[]; }' is not comparable to type '{ workflow_type?: { name_singular: string; prefix: string; statuses: any; priorities: any; }; raised_by_user?: { first_name: string; last_name: string; email: string; }; created_by_user?: { first_name: string; last_name: string; }; comments?: ({ ...; } & { ...; })[]; bids?: ({ ...; } & { ...; })[]; }'.
    Types of property 'bids' are incompatible.
      Type '{ awarded_at: string; awarded_by: string; bid_status: string; created_at: string; deleted_at: string; duration_days: number; exclusions: string; id: string; is_awarded: boolean; lump_sum_cost: number; ... 8 more ...; subcontractor: SelectQueryError<...>; }[]' is not comparable to type '({ awarded_at: string; awarded_by: string; bid_status: string; created_at: string; deleted_at: string; duration_days: number; exclusions: string; id: string; is_awarded: boolean; lump_sum_cost: number; ... 7 more ...; workflow_item_id: string; } & { ...; })[]'.
        Type '{ awarded_at: string; awarded_by: string; bid_status: string; created_at: string; deleted_at: string; duration_days: number; exclusions: string; id: string; is_awarded: boolean; lump_sum_cost: number; ... 8 more ...; subcontractor: SelectQueryError<...>; }' is not comparable to type '{ awarded_at: string; awarded_by: string; bid_status: string; created_at: string; deleted_at: string; duration_days: number; exclusions: string; id: string; is_awarded: boolean; lump_sum_cost: number; ... 7 more ...; workflow_item_id: string; } & { ...; }'.
          Type '{ awarded_at: string; awarded_by: string; bid_status: string; created_at: string; deleted_at: string; duration_days: number; exclusions: string; id: string; is_awarded: boolean; lump_sum_cost: number; ... 8 more ...; subcontractor: SelectQueryError<...>; }' is not comparable to type '{ subcontractor?: { company_name: string; contact_name: string; email: string; phone: string; }; }'.
            Types of property 'subcontractor' are incompatible.
              Type '{ error: true; } & String' is missing the following properties from type '{ company_name: string; contact_name: string; email: string; phone: string; }': company_name, contact_name, email, phone
src/features/change-orders/hooks/useChangeOrders.ts(270,17): error TS2352: Conversion of type '{ readonly workflow_item_id: string; readonly comment: string; readonly mentioned_users: readonly []; readonly created_by: string; }' to type '{ comment: string; created_at?: string; created_by?: string; deleted_at?: string; id?: string; mentioned_users?: string[]; updated_at?: string; workflow_item_id: string; }' may be a mistake because neither type sufficiently overlaps with the other. If this was intentional, convert the expression to 'unknown' first.
  Types of property 'mentioned_users' are incompatible.
    The type 'readonly []' is 'readonly' and cannot be assigned to the mutable type 'string[]'.
src/features/daily-reports/components/CreateDailyReportDialog.tsx(81,38): error TS2345: Argument of type '{ project_id: string; report_date: string; status: "submitted" | "draft" | "approved" | "rejected" | "in_review"; weather_condition?: string; temperature_high?: number; temperature_low?: number; total_workers?: number; weather_delays?: boolean; other_delays?: string; notes?: string; }' is not assignable to parameter of type 'Omit<{ approved_at: string; approved_by: string; comments: string; created_at: string; created_by: string; deleted_at: string; id: string; issues: string; observations: string; pdf_generated_at: string; ... 18 more ...; work_completed: string; }, "id" | ... 2 more ... | "updated_at">'.
  Type '{ project_id: string; report_date: string; status: "submitted" | "draft" | "approved" | "rejected" | "in_review"; weather_condition?: string; temperature_high?: number; temperature_low?: number; total_workers?: number; weather_delays?: boolean; other_delays?: string; notes?: string; }' is missing the following properties from type 'Omit<{ approved_at: string; approved_by: string; comments: string; created_at: string; created_by: string; deleted_at: string; id: string; issues: string; observations: string; pdf_generated_at: string; ... 18 more ...; work_completed: string; }, "id" | ... 2 more ... | "updated_at">': approved_by, reporter_id, reviewer_id, deleted_at, and 14 more.
src/features/daily-reports/components/EditDailyReportDialog.tsx(48,31): error TS2339: Property 'total_workers' does not exist on type '{ approved_at: string; approved_by: string; comments: string; created_at: string; created_by: string; deleted_at: string; id: string; issues: string; observations: string; pdf_generated_at: string; ... 18 more ...; work_completed: string; }'.
src/features/daily-reports/components/WorkforceSection.tsx(28,23): error TS7006: Parameter 'entry' implicitly has an 'any' type.
src/features/daily-reports/components/WorkforceSection.tsx(46,11): error TS2345: Argument of type '{ id: `${string}-${string}-${string}-${string}-${string}`; entry_type: string; }' is not assignable to parameter of type 'WorkforceEntry'.
  Types of property 'entry_type' are incompatible.
    Type 'string' is not assignable to type '"team" | "individual"'.
src/features/daily-reports/components/WorkforceSection.tsx(83,45): error TS2339: Property 'entry_type' does not exist on type '{}'.
src/features/daily-reports/components/WorkforceSection.tsx(102,45): error TS2339: Property 'trade' does not exist on type '{}'.
src/features/daily-reports/hooks/useDailyReports.ts(53,44): error TS2344: Type '{ approved_at: string; approved_by: string; comments: string; created_at: string; created_by: string; deleted_at: string; id: string; issues: string; observations: string; pdf_generated_at: string; ... 18 more ...; work_completed: string; }' does not satisfy the constraint '"companies" | "users" | "projects" | "subcontractors" | "workflow_items" | "checklist_templates" | "daily_reports" | "documents" | "safety_incidents" | "folders" | "checklists" | ... 30 more ... | "workflow_item_history"'.
src/features/daily-reports/hooks/useDailyReportsMutations.ts(26,43): error TS2345: Argument of type '{ reporter_id: string; project_id: string; approved_by: string | null; reviewer_id: string | null; status: string | null; deleted_at: string | null; submitted_at: string | null; ... 17 more ...; work_completed: string | null; }' is not assignable to parameter of type 'Omit<{ approved_at: string; approved_by: string; comments: string; created_at: string; created_by: string; deleted_at: string; id: string; issues: string; observations: string; pdf_generated_at: string; ... 18 more ...; work_completed: string; }, "id" | ... 1 more ... | "updated_at">'.
  Property 'created_by' is missing in type '{ reporter_id: string; project_id: string; approved_by: string | null; reviewer_id: string | null; status: string | null; deleted_at: string | null; submitted_at: string | null; ... 17 more ...; work_completed: string | null; }' but required in type 'Omit<{ approved_at: string; approved_by: string; comments: string; created_at: string; created_by: string; deleted_at: string; id: string; issues: string; observations: string; pdf_generated_at: string; ... 18 more ...; work_completed: string; }, "id" | ... 1 more ... | "updated_at">'.
src/features/daily-reports/store/offlineReportStore.ts(111,7): error TS7018: Object literal's property 'draftReport' implicitly has an 'any' type.
src/features/daily-reports/store/offlineReportStore.ts(112,7): error TS7018: Object literal's property 'workforce' implicitly has an 'any[]' type.
src/features/daily-reports/store/offlineReportStore.ts(113,7): error TS7018: Object literal's property 'equipment' implicitly has an 'any[]' type.
src/features/daily-reports/store/offlineReportStore.ts(114,7): error TS7018: Object literal's property 'deliveries' implicitly has an 'any[]' type.
src/features/daily-reports/store/offlineReportStore.ts(115,7): error TS7018: Object literal's property 'visitors' implicitly has an 'any[]' type.
src/features/daily-reports/store/offlineReportStore.ts(117,7): error TS7018: Object literal's property 'syncError' implicitly has an 'any' type.
src/features/daily-reports/store/offlineReportStore.ts(119,7): error TS7018: Object literal's property 'syncQueue' implicitly has an 'any[]' type.
src/features/documents/components/DocumentsList.tsx(236,9): error TS2322: Type '{ projectId: string; open: boolean; onOpenChange: Dispatch<SetStateAction<boolean>>; folderId: string; onSuccess: () => void; }' is not assignable to type 'IntrinsicAttributes & DocumentUploadProps'.
  Property 'open' does not exist on type 'IntrinsicAttributes & DocumentUploadProps'.
src/features/documents/components/DocumentUpload.tsx(119,7): error TS7018: Object literal's property 'description' implicitly has an 'any' type.
src/features/documents/components/DocumentUpload.tsx(121,7): error TS7018: Object literal's property 'discipline' implicitly has an 'any' type.
src/features/documents/components/DocumentUpload.tsx(127,7): error TS7018: Object literal's property 'revision' implicitly has an 'any' type.
src/features/documents/components/DocumentUpload.tsx(129,7): error TS7018: Object literal's property 'supersedes_document_id' implicitly has an 'any' type.
src/features/documents/components/DocumentUpload.tsx(130,7): error TS7018: Object literal's property 'drawing_number' implicitly has an 'any' type.
src/features/documents/components/DocumentUpload.tsx(131,7): error TS7018: Object literal's property 'specification_section' implicitly has an 'any' type.
src/features/documents/components/DocumentUpload.tsx(132,7): error TS7018: Object literal's property 'issue_date' implicitly has an 'any' type.
src/features/documents/components/DocumentUpload.tsx(137,7): error TS7018: Object literal's property 'deleted_at' implicitly has an 'any' type.
src/features/documents/components/DocumentUpload.tsx(138,7): error TS7018: Object literal's property 'created_by' implicitly has an 'any' type.
src/features/documents/components/DocumentUpload.tsx(141,27): error TS2345: Argument of type '{ project_id: string; folder_id: string; name: string; description: any; document_type: string; discipline: any; file_url: string; file_name: string; file_size: number; file_type: string; version: string; ... 11 more ...; created_by: any; }' is not assignable to parameter of type 'Omit<{ created_at: string; created_by: string; deleted_at: string; description: string; discipline: string; document_type: string; drawing_number: string; file_name: string; file_size: number; ... 17 more ...; version: string; }, "id" | ... 1 more ... | "updated_at">'.
  Property 'search_vector' is missing in type '{ project_id: string; folder_id: string; name: string; description: any; document_type: string; discipline: any; file_url: string; file_name: string; file_size: number; file_type: string; version: string; ... 11 more ...; created_by: any; }' but required in type 'Omit<{ created_at: string; created_by: string; deleted_at: string; description: string; discipline: string; document_type: string; drawing_number: string; file_name: string; file_size: number; ... 17 more ...; version: string; }, "id" | ... 1 more ... | "updated_at">'.
src/features/documents/utils/fileUtils.ts(97,32): error TS2339: Property 'error' does not exist on type 'FileValidationResult'.
  Property 'error' does not exist on type 'FileValidationSuccess'.
src/features/projects/components/CreateProjectDialog.enhanced.tsx(107,9): error TS2353: Object literal may only specify known properties, and 'zip_code' does not exist in type 'SetStateAction<{ name: string; project_number: string; description: string; address: string; city: string; state: string; zip: string; start_date: string; end_date: string; status: string; }>'.
src/features/projects/components/CreateProjectDialog.enhanced.tsx(121,22): error TS2322: Type '{ children: ReactNode; asChild: true; }' is not assignable to type 'IntrinsicAttributes & ButtonHTMLAttributes<HTMLButtonElement> & RefAttributes<HTMLButtonElement>'.
  Property 'asChild' does not exist on type 'IntrinsicAttributes & ButtonHTMLAttributes<HTMLButtonElement> & RefAttributes<HTMLButtonElement>'.
src/features/projects/components/CreateProjectDialog.tsx(60,39): error TS2345: Argument of type '{ name: string; project_number: string; description: string; address: string; city: string; state: string; zip: string; start_date: string; end_date: string; status: "active" | "planning" | "on_hold" | "completed" | "archived"; weather_units: string; features_enabled: { ...; }; }' is not assignable to parameter of type 'Omit<{ address: string; budget: number; city: string; company_id: string; contract_value: number; created_at: string; created_by: string; deleted_at: string; description: string; end_date: string; ... 13 more ...; zip: string; }, "id" | ... 1 more ... | "updated_at">'.
  Type '{ name: string; project_number: string; description: string; address: string; city: string; state: string; zip: string; start_date: string; end_date: string; status: "active" | "planning" | "on_hold" | "completed" | "archived"; weather_units: string; features_enabled: { ...; }; }' is missing the following properties from type 'Omit<{ address: string; budget: number; city: string; company_id: string; contract_value: number; created_at: string; created_by: string; deleted_at: string; description: string; end_date: string; ... 13 more ...; zip: string; }, "id" | ... 1 more ... | "updated_at">': company_id, created_by, deleted_at, latitude, and 5 more.
src/features/projects/components/CreateProjectDialog.tsx(133,22): error TS2322: Type '{ children: ReactNode; asChild: true; }' is not assignable to type 'IntrinsicAttributes & ButtonHTMLAttributes<HTMLButtonElement> & RefAttributes<HTMLButtonElement>'.
  Property 'asChild' does not exist on type 'IntrinsicAttributes & ButtonHTMLAttributes<HTMLButtonElement> & RefAttributes<HTMLButtonElement>'.
src/features/projects/components/CreateProjectDialog.validated.tsx(81,39): error TS2345: Argument of type '{ name: string; project_number: string; description: string; address: string; city: string; state: string; zip: string; start_date: string; end_date: string; status: "active" | "planning" | "on_hold" | "completed" | "archived"; weather_units: string; features_enabled: { ...; }; }' is not assignable to parameter of type 'Omit<{ address: string; budget: number; city: string; company_id: string; contract_value: number; created_at: string; created_by: string; deleted_at: string; description: string; end_date: string; ... 13 more ...; zip: string; }, "id" | ... 1 more ... | "updated_at">'.
  Type '{ name: string; project_number: string; description: string; address: string; city: string; state: string; zip: string; start_date: string; end_date: string; status: "active" | "planning" | "on_hold" | "completed" | "archived"; weather_units: string; features_enabled: { ...; }; }' is missing the following properties from type 'Omit<{ address: string; budget: number; city: string; company_id: string; contract_value: number; created_at: string; created_by: string; deleted_at: string; description: string; end_date: string; ... 13 more ...; zip: string; }, "id" | ... 1 more ... | "updated_at">': company_id, created_by, deleted_at, latitude, and 5 more.
src/features/projects/components/CreateProjectDialog.validated.tsx(131,22): error TS2322: Type '{ children: ReactNode; asChild: true; }' is not assignable to type 'IntrinsicAttributes & ButtonHTMLAttributes<HTMLButtonElement> & RefAttributes<HTMLButtonElement>'.
  Property 'asChild' does not exist on type 'IntrinsicAttributes & ButtonHTMLAttributes<HTMLButtonElement> & RefAttributes<HTMLButtonElement>'.
src/features/projects/components/EditProjectDialog.tsx(89,9): error TS2353: Object literal may only specify known properties, and 'data' does not exist in type '{ id: string; updates: Partial<Omit<{ address: string; budget: number; city: string; company_id: string; contract_value: number; created_at: string; created_by: string; deleted_at: string; description: string; ... 14 more ...; zip: string; }, "id" | ... 1 more ... | "updated_at">>; }'.
src/features/projects/hooks/useProjects.ts(59,45): error TS2344: Type '{ address: string; budget: number; city: string; company_id: string; contract_value: number; created_at: string; created_by: string; deleted_at: string; description: string; end_date: string; features_enabled: Json; ... 12 more ...; zip: string; }' does not satisfy the constraint '"companies" | "users" | "projects" | "subcontractors" | "workflow_items" | "checklist_templates" | "daily_reports" | "documents" | "safety_incidents" | "folders" | "checklists" | ... 30 more ... | "workflow_item_history"'.
src/features/projects/hooks/useProjects.ts(67,11): error TS2698: Spread types may only be created from object types.
src/features/projects/hooks/useProjects.ts(134,37): error TS2589: Type instantiation is excessively deep and possibly infinite.
src/features/projects/hooks/useProjects.ts(135,15): error TS2769: No overload matches this call.
  Overload 1 of 2, '(relation: "companies" | "users" | "projects" | "subcontractors" | "workflow_items" | "checklist_templates" | "daily_reports" | "documents" | "safety_incidents" | "folders" | "checklists" | ... 30 more ... | "workflow_item_history"): PostgrestQueryBuilder<...>', gave the following error.
    Argument of type '"project_assignments"' is not assignable to parameter of type '"companies" | "users" | "projects" | "subcontractors" | "workflow_items" | "checklist_templates" | "daily_reports" | "documents" | "safety_incidents" | "folders" | "checklists" | ... 30 more ... | "workflow_item_history"'.
  Overload 2 of 2, '(relation: never): PostgrestQueryBuilder<{ PostgrestVersion: "13.0.5"; }, { Tables: { assemblies: { Row: { assembly_level: string; assembly_number: string; category: string; company_id: string; created_at: string; ... 9 more ...; variables: Json; }; Insert: { ...; }; Update: { ...; }; Relationships: [...]; }; ... 40 more ...; workflow_types: { ...; }; }; Views: {}; Functions: { ...; }; Enums: {}; CompositeTypes: {}; }, never, never, never>', gave the following error.
    Argument of type '"project_assignments"' is not assignable to parameter of type 'never'.
src/features/punch-lists/components/PunchListsProjectView.tsx(171,9): error TS2322: Type '{ projectId: string; open: boolean; onOpenChange: Dispatch<SetStateAction<boolean>>; onSuccess: () => void; }' is not assignable to type 'IntrinsicAttributes & CreatePunchItemDialogProps'.
  Property 'onSuccess' does not exist on type 'IntrinsicAttributes & CreatePunchItemDialogProps'.
src/features/rfis/components/CreateRFIDialog.tsx(48,9): error TS2353: Object literal may only specify known properties, and 'status' does not exist in type 'RFICreateInput'.
src/features/rfis/components/RFIForm.tsx(67,5): error TS2322: Type 'string' is not assignable to type '"normal" | "low" | "high"'.
src/features/rfis/components/RFIList.tsx(197,41): error TS2322: Type 'string' is not assignable to type 'RFIPriority'.
src/features/submittals/components/CreateSubmittalDialog.tsx(51,9): error TS2322: Type 'string' is not assignable to type 'number'.
src/features/submittals/components/CreateSubmittalDialog.tsx(52,9): error TS2322: Type 'string' is not assignable to type 'number'.
src/features/tasks/hooks/useTasks.ts(84,42): error TS2344: Type '{ assigned_to_subcontractor_id: string; assigned_to_type: string; assigned_to_user_id: string; completed_date: string; created_at: string; created_by: string; deleted_at: string; description: string; ... 11 more ...; updated_at: string; }' does not satisfy the constraint '"companies" | "users" | "projects" | "subcontractors" | "workflow_items" | "checklist_templates" | "daily_reports" | "documents" | "safety_incidents" | "folders" | "checklists" | ... 30 more ... | "workflow_item_history"'.
src/features/tasks/hooks/useTasks.ts(92,11): error TS2698: Spread types may only be created from object types.
src/features/tasks/hooks/useTasksMutations.ts(6,10): error TS2305: Module '"@/lib/api"' has no exported member 'tasksApi'.
src/lib/api/client.ts(38,33): error TS2769: No overload matches this call.
  Overload 1 of 2, '(relation: "companies" | "users" | "projects" | "subcontractors" | "workflow_items" | "checklist_templates" | "daily_reports" | "documents" | "safety_incidents" | "folders" | "checklists" | ... 30 more ... | "workflow_item_history"): PostgrestQueryBuilder<...>', gave the following error.
    Argument of type 'string' is not assignable to parameter of type '"companies" | "users" | "projects" | "subcontractors" | "workflow_items" | "checklist_templates" | "daily_reports" | "documents" | "safety_incidents" | "folders" | "checklists" | ... 30 more ... | "workflow_item_history"'.
  Overload 2 of 2, '(relation: never): PostgrestQueryBuilder<{ PostgrestVersion: "13.0.5"; }, { Tables: { assemblies: { Row: { assembly_level: string; assembly_number: string; category: string; company_id: string; created_at: string; ... 9 more ...; variables: Json; }; Insert: { ...; }; Update: { ...; }; Relationships: [...]; }; ... 40 more ...; workflow_types: { ...; }; }; Views: {}; Functions: { ...; }; Enums: {}; CompositeTypes: {}; }, never, never, never>', gave the following error.
    Argument of type 'string' is not assignable to parameter of type 'never'.
src/lib/api/client.ts(45,23): error TS2589: Type instantiation is excessively deep and possibly infinite.
src/lib/api/client.ts(107,15): error TS2769: No overload matches this call.
  Overload 1 of 2, '(relation: "companies" | "users" | "projects" | "subcontractors" | "workflow_items" | "checklist_templates" | "daily_reports" | "documents" | "safety_incidents" | "folders" | "checklists" | ... 30 more ... | "workflow_item_history"): PostgrestQueryBuilder<...>', gave the following error.
    Argument of type 'string' is not assignable to parameter of type '"companies" | "users" | "projects" | "subcontractors" | "workflow_items" | "checklist_templates" | "daily_reports" | "documents" | "safety_incidents" | "folders" | "checklists" | ... 30 more ... | "workflow_item_history"'.
  Overload 2 of 2, '(relation: never): PostgrestQueryBuilder<{ PostgrestVersion: "13.0.5"; }, { Tables: { assemblies: { Row: { assembly_level: string; assembly_number: string; category: string; company_id: string; created_at: string; ... 9 more ...; variables: Json; }; Insert: { ...; }; Update: { ...; }; Relationships: [...]; }; ... 40 more ...; workflow_types: { ...; }; }; Views: {}; Functions: { ...; }; Enums: {}; CompositeTypes: {}; }, never, never, never>', gave the following error.
    Argument of type 'string' is not assignable to parameter of type 'never'.
src/lib/api/client.ts(125,15): error TS2769: No overload matches this call.
  Overload 1 of 2, '(relation: "companies" | "users" | "projects" | "subcontractors" | "workflow_items" | "checklist_templates" | "daily_reports" | "documents" | "safety_incidents" | "folders" | "checklists" | ... 30 more ... | "workflow_item_history"): PostgrestQueryBuilder<...>', gave the following error.
    Argument of type 'string' is not assignable to parameter of type '"companies" | "users" | "projects" | "subcontractors" | "workflow_items" | "checklist_templates" | "daily_reports" | "documents" | "safety_incidents" | "folders" | "checklists" | ... 30 more ... | "workflow_item_history"'.
  Overload 2 of 2, '(relation: never): PostgrestQueryBuilder<{ PostgrestVersion: "13.0.5"; }, { Tables: { assemblies: { Row: { assembly_level: string; assembly_number: string; category: string; company_id: string; created_at: string; ... 9 more ...; variables: Json; }; Insert: { ...; }; Update: { ...; }; Relationships: [...]; }; ... 40 more ...; workflow_types: { ...; }; }; Views: {}; Functions: { ...; }; Enums: {}; CompositeTypes: {}; }, never, never, never>', gave the following error.
    Argument of type 'string' is not assignable to parameter of type 'never'.
src/lib/api/client.ts(143,15): error TS2769: No overload matches this call.
  Overload 1 of 2, '(relation: "companies" | "users" | "projects" | "subcontractors" | "workflow_items" | "checklist_templates" | "daily_reports" | "documents" | "safety_incidents" | "folders" | "checklists" | ... 30 more ... | "workflow_item_history"): PostgrestQueryBuilder<...>', gave the following error.
    Argument of type 'string' is not assignable to parameter of type '"companies" | "users" | "projects" | "subcontractors" | "workflow_items" | "checklist_templates" | "daily_reports" | "documents" | "safety_incidents" | "folders" | "checklists" | ... 30 more ... | "workflow_item_history"'.
  Overload 2 of 2, '(relation: never): PostgrestQueryBuilder<{ PostgrestVersion: "13.0.5"; }, { Tables: { assemblies: { Row: { assembly_level: string; assembly_number: string; category: string; company_id: string; created_at: string; ... 9 more ...; variables: Json; }; Insert: { ...; }; Update: { ...; }; Relationships: [...]; }; ... 40 more ...; workflow_types: { ...; }; }; Views: {}; Functions: { ...; }; Enums: {}; CompositeTypes: {}; }, never, never, never>', gave the following error.
    Argument of type 'string' is not assignable to parameter of type 'never'.
src/lib/api/client.ts(164,15): error TS2769: No overload matches this call.
  Overload 1 of 2, '(relation: "companies" | "users" | "projects" | "subcontractors" | "workflow_items" | "checklist_templates" | "daily_reports" | "documents" | "safety_incidents" | "folders" | "checklists" | ... 30 more ... | "workflow_item_history"): PostgrestQueryBuilder<...>', gave the following error.
    Argument of type 'string' is not assignable to parameter of type '"companies" | "users" | "projects" | "subcontractors" | "workflow_items" | "checklist_templates" | "daily_reports" | "documents" | "safety_incidents" | "folders" | "checklists" | ... 30 more ... | "workflow_item_history"'.
  Overload 2 of 2, '(relation: never): PostgrestQueryBuilder<{ PostgrestVersion: "13.0.5"; }, { Tables: { assemblies: { Row: { assembly_level: string; assembly_number: string; category: string; company_id: string; created_at: string; ... 9 more ...; variables: Json; }; Insert: { ...; }; Update: { ...; }; Relationships: [...]; }; ... 40 more ...; workflow_types: { ...; }; }; Views: {}; Functions: { ...; }; Enums: {}; CompositeTypes: {}; }, never, never, never>', gave the following error.
    Argument of type 'string' is not assignable to parameter of type 'never'.
src/lib/api/client.ts(183,15): error TS2769: No overload matches this call.
  Overload 1 of 2, '(relation: "companies" | "users" | "projects" | "subcontractors" | "workflow_items" | "checklist_templates" | "daily_reports" | "documents" | "safety_incidents" | "folders" | "checklists" | ... 30 more ... | "workflow_item_history"): PostgrestQueryBuilder<...>', gave the following error.
    Argument of type 'string' is not assignable to parameter of type '"companies" | "users" | "projects" | "subcontractors" | "workflow_items" | "checklist_templates" | "daily_reports" | "documents" | "safety_incidents" | "folders" | "checklists" | ... 30 more ... | "workflow_item_history"'.
  Overload 2 of 2, '(relation: never): PostgrestQueryBuilder<{ PostgrestVersion: "13.0.5"; }, { Tables: { assemblies: { Row: { assembly_level: string; assembly_number: string; category: string; company_id: string; created_at: string; ... 9 more ...; variables: Json; }; Insert: { ...; }; Update: { ...; }; Relationships: [...]; }; ... 40 more ...; workflow_types: { ...; }; }; Views: {}; Functions: { ...; }; Enums: {}; CompositeTypes: {}; }, never, never, never>', gave the following error.
    Argument of type 'string' is not assignable to parameter of type 'never'.
src/lib/api/client.ts(201,35): error TS2769: No overload matches this call.
  Overload 1 of 2, '(relation: "companies" | "users" | "projects" | "subcontractors" | "workflow_items" | "checklist_templates" | "daily_reports" | "documents" | "safety_incidents" | "folders" | "checklists" | ... 30 more ... | "workflow_item_history"): PostgrestQueryBuilder<...>', gave the following error.
    Argument of type 'string' is not assignable to parameter of type '"companies" | "users" | "projects" | "subcontractors" | "workflow_items" | "checklist_templates" | "daily_reports" | "documents" | "safety_incidents" | "folders" | "checklists" | ... 30 more ... | "workflow_item_history"'.
  Overload 2 of 2, '(relation: never): PostgrestQueryBuilder<{ PostgrestVersion: "13.0.5"; }, { Tables: { assemblies: { Row: { assembly_level: string; assembly_number: string; category: string; company_id: string; created_at: string; ... 9 more ...; variables: Json; }; Insert: { ...; }; Update: { ...; }; Relationships: [...]; }; ... 40 more ...; workflow_types: { ...; }; }; Views: {}; Functions: { ...; }; Enums: {}; CompositeTypes: {}; }, never, never, never>', gave the following error.
    Argument of type 'string' is not assignable to parameter of type 'never'.
src/lib/api/services/change-orders.ts(161,14): error TS2352: Conversion of type '{ assignees: string[]; closed_date: string; cost_impact: number; created_at: string; created_by: string; deleted_at: string; description: string; discipline: string; due_date: string; id: string; ... 17 more ...; bids: { ...; }[]; }' to type 'ChangeOrderDetailWithRelations' may be a mistake because neither type sufficiently overlaps with the other. If this was intentional, convert the expression to 'unknown' first.
  Type '{ assignees: string[]; closed_date: string; cost_impact: number; created_at: string; created_by: string; deleted_at: string; description: string; discipline: string; due_date: string; id: string; ... 17 more ...; bids: { ...; }[]; }' is not comparable to type '{ workflow_type?: { name_singular: string; prefix: string; statuses: any; priorities: any; }; raised_by_user?: { first_name: string; last_name: string; email: string; }; created_by_user?: { first_name: string; last_name: string; }; comments?: ({ ...; } & { ...; })[]; bids?: ({ ...; } & { ...; })[]; }'.
    Types of property 'bids' are incompatible.
      Type '{ awarded_at: string; awarded_by: string; bid_status: string; created_at: string; deleted_at: string; duration_days: number; exclusions: string; id: string; is_awarded: boolean; lump_sum_cost: number; ... 8 more ...; subcontractor: SelectQueryError<...>; }[]' is not comparable to type '({ awarded_at: string; awarded_by: string; bid_status: string; created_at: string; deleted_at: string; duration_days: number; exclusions: string; id: string; is_awarded: boolean; lump_sum_cost: number; ... 7 more ...; workflow_item_id: string; } & { ...; })[]'.
        Type '{ awarded_at: string; awarded_by: string; bid_status: string; created_at: string; deleted_at: string; duration_days: number; exclusions: string; id: string; is_awarded: boolean; lump_sum_cost: number; ... 8 more ...; subcontractor: SelectQueryError<...>; }' is not comparable to type '{ awarded_at: string; awarded_by: string; bid_status: string; created_at: string; deleted_at: string; duration_days: number; exclusions: string; id: string; is_awarded: boolean; lump_sum_cost: number; ... 7 more ...; workflow_item_id: string; } & { ...; }'.
          Type '{ awarded_at: string; awarded_by: string; bid_status: string; created_at: string; deleted_at: string; duration_days: number; exclusions: string; id: string; is_awarded: boolean; lump_sum_cost: number; ... 8 more ...; subcontractor: SelectQueryError<...>; }' is not comparable to type '{ subcontractor?: { company_name: string; contact_name: string; email: string; phone: string; }; }'.
            Types of property 'subcontractor' are incompatible.
              Type '{ error: true; } & String' is missing the following properties from type '{ company_name: string; contact_name: string; email: string; phone: string; }': company_name, contact_name, email, phone
src/lib/api/services/change-orders.ts(218,17): error TS2769: No overload matches this call.
  Overload 1 of 2, '(values: { assignees?: string[]; closed_date?: string; cost_impact?: number; created_at?: string; created_by?: string; deleted_at?: string; description?: string; discipline?: string; due_date?: string; id?: string; ... 12 more ...; workflow_type_id: string; }, options?: { ...; }): PostgrestFilterBuilder<...>', gave the following error.
    Argument of type '{ project_id: string; workflow_type_id: string; title: string; description: string; priority: string; cost_impact: number; schedule_impact: string; assignees: string[]; number: number; status: string; created_by: string; raised_by: string; }' is not assignable to parameter of type '{ assignees?: string[]; closed_date?: string; cost_impact?: number; created_at?: string; created_by?: string; deleted_at?: string; description?: string; discipline?: string; due_date?: string; id?: string; ... 12 more ...; workflow_type_id: string; }'.
      Types of property 'schedule_impact' are incompatible.
        Type 'string' is not assignable to type 'number'.
  Overload 2 of 2, '(values: { assignees?: string[]; closed_date?: string; cost_impact?: number; created_at?: string; created_by?: string; deleted_at?: string; description?: string; discipline?: string; due_date?: string; id?: string; ... 12 more ...; workflow_type_id: string; }[], options?: { ...; }): PostgrestFilterBuilder<...>', gave the following error.
    Argument of type '{ project_id: string; workflow_type_id: string; title: string; description: string; priority: string; cost_impact: number; schedule_impact: string; assignees: string[]; number: number; status: string; created_by: string; raised_by: string; }' is not assignable to parameter of type '{ assignees?: string[]; closed_date?: string; cost_impact?: number; created_at?: string; created_by?: string; deleted_at?: string; description?: string; discipline?: string; due_date?: string; id?: string; ... 12 more ...; workflow_type_id: string; }[]'.
      Type '{ project_id: string; workflow_type_id: string; title: string; description: string; priority: string; cost_impact: number; schedule_impact: string; assignees: string[]; number: number; status: string; created_by: string; raised_by: string; }' is missing the following properties from type '{ assignees?: string[]; closed_date?: string; cost_impact?: number; created_at?: string; created_by?: string; deleted_at?: string; description?: string; discipline?: string; due_date?: string; id?: string; ... 12 more ...; workflow_type_id: string; }[]': length, pop, push, concat, and 28 more.
src/lib/api/services/reports.ts(274,40): error TS2339: Property 'match' does not exist on type 'number'.
src/lib/api/services/reports.ts(279,44): error TS2339: Property 'match' does not exist on type 'number'.
src/lib/api/services/reports.ts(461,38): error TS2339: Property 'match' does not exist on type 'number'.
src/lib/api/services/tasks.ts(64,9): error TS2322: Type '{ column: string; operator: string; value: string; }[]' is not assignable to type 'QueryFilter[]'.
  Type '{ column: string; operator: string; value: string; }' is not assignable to type 'QueryFilter'.
    Types of property 'operator' are incompatible.
      Type 'string' is not assignable to type '"in" | "eq" | "neq" | "gt" | "gte" | "lt" | "lte" | "like" | "ilike"'.
src/lib/hooks/useMutationWithNotification.ts(4,43): error TS2724: '"@tanstack/react-query"' has no exported member named 'UseQueryClient'. Did you mean 'useQueryClient'?
src/lib/validation/schemas.ts(312,30): error TS2339: Property 'errors' does not exist on type 'ZodError<T>'.
src/lib/validation/schemas.ts(312,42): error TS7006: Parameter 'e' implicitly has an 'any' type.
src/lib/validation/useFormValidation.ts(45,22): error TS2339: Property 'errors' does not exist on type 'ZodError<T>'.
src/lib/validation/useFormValidation.ts(45,38): error TS7006: Parameter 'error' implicitly has an 'any' type.
src/lib/validation/useFormValidation.ts(96,58): error TS7006: Parameter 'e' implicitly has an 'any' type.
src/lib/validation/useFormValidation.ts(206,51): error TS7006: Parameter 'e' implicitly has an 'any' type.
src/lib/validation/validateAndCall.ts(19,18): error TS2339: Property 'errors' does not exist on type 'ZodError<T>'.
src/lib/validation/validateAndCall.ts(19,34): error TS7006: Parameter 'error' implicitly has an 'any' type.
src/lib/validation/validateAndCall.ts(64,18): error TS2872: This kind of expression is always truthy.
src/pages/daily-reports/DailyReportCreatePage.tsx(7,27): error TS2724: '"@/features/daily-reports/components/DailyReportForm"' has no exported member named 'DailyReportFormData'. Did you mean 'DailyReportForm'?
src/pages/daily-reports/DailyReportCreatePage.tsx(48,11): error TS2322: Type '{ projectId: string; onSubmit: (formData: DailyReportFormData) => Promise<void>; isLoading: boolean; }' is not assignable to type 'IntrinsicAttributes & DailyReportFormProps'.
  Property 'onSubmit' does not exist on type 'IntrinsicAttributes & DailyReportFormProps'.
src/pages/daily-reports/DailyReportEditPage.tsx(7,27): error TS2724: '"@/features/daily-reports/components/DailyReportForm"' has no exported member named 'DailyReportFormData'. Did you mean 'DailyReportForm'?
src/pages/daily-reports/DailyReportEditPage.tsx(95,11): error TS2322: Type '{ projectId: string; initialData: { approved_at: string; approved_by: string; comments: string; created_at: string; created_by: string; deleted_at: string; id: string; issues: string; observations: string; ... 19 more ...; work_completed: string; }; onSubmit: (formData: DailyReportFormData) => Promise<...>; isLoadin...' is not assignable to type 'IntrinsicAttributes & DailyReportFormProps'.
  Property 'initialData' does not exist on type 'IntrinsicAttributes & DailyReportFormProps'.
src/pages/daily-reports/DailyReportsPage.tsx(217,35): error TS2339: Property 'total_workers' does not exist on type '{ approved_at: string; approved_by: string; comments: string; created_at: string; created_by: string; deleted_at: string; id: string; issues: string; observations: string; pdf_generated_at: string; ... 18 more ...; work_completed: string; }'.
src/pages/rfis/RFIDetailPage.tsx(9,10): error TS2724: '"@/features/rfis/hooks/useRFIMutations"' has no exported member named 'useAnswerRFIWithNotification'. Did you mean 'useCreateRFIWithNotification'?
src/pages/rfis/RFIDetailPage.tsx(37,7): error TS2353: Object literal may only specify known properties, and 'status' does not exist in type 'RFIStatusChangeInput'.
src/pages/submittals/SubmittalDetailPage.tsx(162,80): error TS2339: Property 'vendor_name' does not exist on type '{ actual_delivery_date: string; approval_date: string; created_at: string; deleted_at: string; expected_delivery_date: string; id: string; lead_time_days: number; notes: string; order_date: string; ... 5 more ...; workflow_item_id: string; }'.
src/pages/submittals/SubmittalDetailPage.tsx(163,37): error TS2339: Property 'estimated_cost' does not exist on type '{ actual_delivery_date: string; approval_date: string; created_at: string; deleted_at: string; expected_delivery_date: string; id: string; lead_time_days: number; notes: string; order_date: string; ... 5 more ...; workflow_item_id: string; }'.
src/pages/submittals/SubmittalDetailPage.tsx(164,82): error TS2339: Property 'estimated_cost' does not exist on type '{ actual_delivery_date: string; approval_date: string; created_at: string; deleted_at: string; expected_delivery_date: string; id: string; lead_time_days: number; notes: string; order_date: string; ... 5 more ...; workflow_item_id: string; }'.
