src/features/change-orders/hooks/useChangeOrderMutations.ts(27,18): error TS2339: Property 'name' does not exist on type 'never'.
src/features/change-orders/hooks/useChangeOrderMutations.ts(60,20): error TS2339: Property 'id' does not exist on type 'never'.
src/features/change-orders/hooks/useChangeOrderMutations.ts(61,19): error TS2339: Property 'email' does not exist on type 'never'.
src/features/change-orders/hooks/useChangeOrderMutations.ts(62,18): error TS2339: Property 'full_name' does not exist on type 'never'.
src/features/change-orders/hooks/useChangeOrderMutations.ts(105,37): error TS2339: Property 'number' does not exist on type 'never'.
src/features/change-orders/hooks/useChangeOrderMutations.ts(109,17): error TS2769: No overload matches this call.
  Overload 1 of 2, '(values: never, options?: { count?: "exact" | "planned" | "estimated" | undefined; } | undefined): PostgrestFilterBuilder<{ PostgrestVersion: "13.0.5"; }, never, never, null, "workflow_items", never, "POST">', gave the following error.
    Argument of type '{ assignees?: string[] | null | undefined; closed_date?: string | null | undefined; cost_impact?: number | null | undefined; created_at?: string | null | undefined; created_by?: string | null | undefined; ... 17 more ...; workflow_type_id: string; }' is not assignable to parameter of type 'never'.
  Overload 2 of 2, '(values: never[], options?: { count?: "exact" | "planned" | "estimated" | undefined; defaultToNull?: boolean | undefined; } | undefined): PostgrestFilterBuilder<{ PostgrestVersion: "13.0.5"; }, never, ... 4 more ..., "POST">', gave the following error.
    Argument of type '{ assignees?: string[] | null | undefined; closed_date?: string | null | undefined; cost_impact?: number | null | undefined; created_at?: string | null | undefined; created_by?: string | null | undefined; ... 17 more ...; workflow_type_id: string; }' is not assignable to parameter of type 'never[]'.
      Type '{ assignees?: string[] | null | undefined; closed_date?: string | null | undefined; cost_impact?: number | null | undefined; created_at?: string | null | undefined; created_by?: string | null | undefined; ... 17 more ...; workflow_type_id: string; }' is missing the following properties from type 'never[]': length, pop, push, concat, and 28 more.
src/features/change-orders/hooks/useChangeOrderMutations.ts(152,17): error TS2345: Argument of type 'any' is not assignable to parameter of type 'never'.
src/features/change-orders/hooks/useChangeOrderMutations.ts(180,17): error TS2345: Argument of type 'any' is not assignable to parameter of type 'never'.
src/features/change-orders/hooks/useChangeOrderMutations.ts(208,17): error TS2345: Argument of type 'any' is not assignable to parameter of type 'never'.
src/features/change-orders/hooks/useChangeOrderMutations.ts(275,10): error TS2769: No overload matches this call.
  Overload 1 of 2, '(values: never, options?: { count?: "exact" | "planned" | "estimated" | undefined; } | undefined): PostgrestFilterBuilder<{ PostgrestVersion: "13.0.5"; }, never, never, null, "workflow_item_comments", never, "POST">', gave the following error.
    Argument of type '{ workflow_item_id: string; comment: string; mentioned_users: never[]; created_by: string; }' is not assignable to parameter of type 'never'.
  Overload 2 of 2, '(values: never[], options?: { count?: "exact" | "planned" | "estimated" | undefined; defaultToNull?: boolean | undefined; } | undefined): PostgrestFilterBuilder<{ PostgrestVersion: "13.0.5"; }, never, ... 4 more ..., "POST">', gave the following error.
    Object literal may only specify known properties, and 'workflow_item_id' does not exist in type 'never[]'.
src/features/change-orders/hooks/useChangeOrderMutations.ts(365,17): error TS2345: Argument of type 'any' is not assignable to parameter of type 'never'.
src/features/change-orders/hooks/useChangeOrderMutations.ts(366,37): error TS2339: Property 'workflow_item_id' does not exist on type 'never'.
src/features/change-orders/hooks/useChangeOrderMutations.ts(371,17): error TS2345: Argument of type '{ is_awarded: boolean; bid_status: string; awarded_at: string; awarded_by: string; }' is not assignable to parameter of type 'never'.
src/features/change-orders/hooks/useChangeOrders.ts(106,47): error TS2339: Property 'id' does not exist on type 'never'.
src/features/change-orders/hooks/useChangeOrders.ts(170,37): error TS2339: Property 'number' does not exist on type 'never'.
src/features/change-orders/hooks/useChangeOrders.ts(213,17): error TS2345: Argument of type 'any' is not assignable to parameter of type 'never'.
src/features/change-orders/hooks/useChangeOrders.ts(241,17): error TS2345: Argument of type 'any' is not assignable to parameter of type 'never'.
src/features/change-orders/hooks/useChangeOrders.ts(346,17): error TS2345: Argument of type 'any' is not assignable to parameter of type 'never'.
src/features/change-orders/hooks/useChangeOrders.ts(347,37): error TS2339: Property 'workflow_item_id' does not exist on type 'never'.
src/features/change-orders/hooks/useChangeOrders.ts(359,17): error TS2345: Argument of type 'any' is not assignable to parameter of type 'never'.
src/features/change-orders/hooks/useChangeOrdersOptimized.ts(164,40): error TS2339: Property 'id' does not exist on type 'never'.
src/features/change-orders/hooks/useChangeOrdersOptimized.ts(179,33): error TS2345: Argument of type 'string | undefined' is not assignable to parameter of type '{}'.
  Type 'undefined' is not assignable to type '{}'.
src/features/change-orders/hooks/useChangeOrdersOptimized.ts(263,37): error TS2339: Property 'number' does not exist on type 'never'.
src/features/change-orders/hooks/useChangeOrdersOptimized.ts(311,17): error TS2345: Argument of type 'any' is not assignable to parameter of type 'never'.
src/features/change-orders/hooks/useChangeOrdersOptimized.ts(359,49): error TS2345: Argument of type '{ p_project_id: string; p_workflow_type_id: string; }' is not assignable to parameter of type 'undefined'.
src/features/change-orders/hooks/useChangeOrdersOptimized.ts(379,39): error TS2339: Property 'status' does not exist on type 'never'.
src/features/change-orders/hooks/useChangeOrdersOptimized.ts(380,41): error TS2339: Property 'status' does not exist on type 'never'.
src/features/change-orders/hooks/useChangeOrdersOptimized.ts(381,42): error TS2339: Property 'status' does not exist on type 'never'.
src/features/change-orders/hooks/useChangeOrdersOptimized.ts(382,42): error TS2339: Property 'status' does not exist on type 'never'.
src/features/change-orders/hooks/useChangeOrdersOptimized.ts(383,65): error TS2339: Property 'cost_impact' does not exist on type 'never'.
src/features/contacts/hooks/useContacts.ts(183,10): error TS2769: No overload matches this call.
  Overload 1 of 2, '(values: never, options?: { count?: "exact" | "planned" | "estimated" | undefined; } | undefined): PostgrestFilterBuilder<{ PostgrestVersion: "13.0.5"; }, never, never, null, "contacts", never, "POST">', gave the following error.
    Argument of type '{ created_by: string; id?: string | undefined; project_id: string; created_at?: string | null | undefined; notes?: string | null | undefined; title?: string | null | undefined; updated_at?: string | null | undefined; deleted_at?: string | null | undefined; trade?: string | null | undefined; ... 13 more ...; phone_of...' is not assignable to parameter of type 'never'.
  Overload 2 of 2, '(values: never[], options?: { count?: "exact" | "planned" | "estimated" | undefined; defaultToNull?: boolean | undefined; } | undefined): PostgrestFilterBuilder<{ PostgrestVersion: "13.0.5"; }, never, ... 4 more ..., "POST">', gave the following error.
    Object literal may only specify known properties, and 'created_by' does not exist in type 'never[]'.
src/features/contacts/hooks/useContacts.ts(215,17): error TS2345: Argument of type 'Partial<{ address?: string | null | undefined; city?: string | null | undefined; company_name?: string | null | undefined; contact_type?: string | undefined; created_at?: string | null | undefined; ... 17 more ...; zip?: string | ... 1 more ... | undefined; }>' is not assignable to parameter of type 'never'.
src/features/contacts/hooks/useContacts.ts(253,17): error TS2345: Argument of type '{ deleted_at: string; }' is not assignable to parameter of type 'never'.
src/features/contacts/hooks/useContacts.ts(257,23): error TS2339: Property 'project_id' does not exist on type 'never'.
src/features/daily-reports/hooks/useDailyReports.ts(83,17): error TS2345: Argument of type 'any' is not assignable to parameter of type 'never'.
src/features/daily-reports/hooks/useDuplicateDetection.ts(35,18): error TS2339: Property 'id' does not exist on type 'never'.
src/features/daily-reports/hooks/useDuplicateDetection.ts(36,29): error TS2339: Property 'report_number' does not exist on type 'never'.
src/features/daily-reports/hooks/useDuplicateDetection.ts(37,22): error TS2339: Property 'status' does not exist on type 'never'.
src/features/daily-reports/hooks/useDuplicateDetection.ts(38,26): error TS2339: Property 'created_at' does not exist on type 'never'.
src/features/daily-reports/hooks/useOfflineSync.ts(126,21): error TS2769: No overload matches this call.
  Overload 1 of 2, '(values: never, options?: { count?: "exact" | "planned" | "estimated" | undefined; } | undefined): PostgrestFilterBuilder<{ PostgrestVersion: "13.0.5"; }, never, never, null, "daily_reports", never, "POST">', gave the following error.
    Argument of type '{ project_id: string; report_date: string; reporter_id: string; weather_condition: string | undefined; temperature_high: number | undefined; temperature_low: number | undefined; ... 9 more ...; total_workers: number; }' is not assignable to parameter of type 'never'.
  Overload 2 of 2, '(values: never[], options?: { count?: "exact" | "planned" | "estimated" | undefined; defaultToNull?: boolean | undefined; } | undefined): PostgrestFilterBuilder<{ PostgrestVersion: "13.0.5"; }, never, ... 4 more ..., "POST">', gave the following error.
    Argument of type '{ project_id: string; report_date: string; reporter_id: string; weather_condition: string | undefined; temperature_high: number | undefined; temperature_low: number | undefined; ... 9 more ...; total_workers: number; }' is not assignable to parameter of type 'never[]'.
      Type '{ project_id: string; report_date: string; reporter_id: string; weather_condition: string | undefined; temperature_high: number | undefined; temperature_low: number | undefined; ... 9 more ...; total_workers: number; }' is missing the following properties from type 'never[]': length, pop, push, concat, and 28 more.
src/features/daily-reports/hooks/useOfflineSync.ts(151,21): error TS2345: Argument of type 'Record<string, unknown>' is not assignable to parameter of type 'never'.
src/features/daily-reports/hooks/useOfflineSync.ts(231,19): error TS2769: No overload matches this call.
  Overload 1 of 2, '(values: never, options?: { count?: "exact" | "planned" | "estimated" | undefined; } | undefined): PostgrestFilterBuilder<{ PostgrestVersion: "13.0.5"; }, never, never, null, "daily_report_workforce"