src/features/daily-reports/hooks/useOfflineSync.ts(119,21): error TS2769: No overload matches this call.
  Overload 1 of 2, '(values: { approved_at?: string | null | undefined; approved_by?: string | null | undefined; comments?: string | null | undefined; created_at?: string | null | undefined; created_by?: string | null | undefined; ... 24 more ...; work_completed?: string | ... 1 more ... | undefined; }, options?: { ...; } | undefined): PostgrestFilterBuilder<...>', gave the following error.
    Argument of type 'Record<string, unknown>' is not assignable to parameter of type '{ approved_at?: string | null | undefined; approved_by?: string | null | undefined; comments?: string | null | undefined; created_at?: string | null | undefined; created_by?: string | null | undefined; ... 24 more ...; work_completed?: string | ... 1 more ... | undefined; }'.
      Type 'Record<string, unknown>' is missing the following properties from type '{ approved_at?: string | null | undefined; approved_by?: string | null | undefined; comments?: string | null | undefined; created_at?: string | null | undefined; created_by?: string | null | undefined; ... 24 more ...; work_completed?: string | ... 1 more ... | undefined; }': project_id, report_date, reporter_id
  Overload 2 of 2, '(values: { approved_at?: string | null | undefined; approved_by?: string | null | undefined; comments?: string | null | undefined; created_at?: string | null | undefined; created_by?: string | null | undefined; ... 24 more ...; work_completed?: string | ... 1 more ... | undefined; }[], options?: { ...; } | undefined): PostgrestFilterBuilder<...>', gave the following error.
    Argument of type 'Record<string, unknown>' is not assignable to parameter of type '{ approved_at?: string | null | undefined; approved_by?: string | null | undefined; comments?: string | null | undefined; created_at?: string | null | undefined; created_by?: string | null | undefined; ... 24 more ...; work_completed?: string | ... 1 more ... | undefined; }[]'.
      Type 'Record<string, unknown>' is missing the following properties from type '{ approved_at?: string | null | undefined; approved_by?: string | null | undefined; comments?: string | null | undefined; created_at?: string | null | undefined; created_by?: string | null | undefined; ... 24 more ...; work_completed?: string | ... 1 more ... | undefined; }[]': length, pop, push, concat, and 28 more.
src/features/daily-reports/hooks/useOfflineSync.ts(224,19): error TS2769: No overload matches this call.
  Overload 1 of 2, '(values: { activity?: string | null | undefined; created_at?: string | null | undefined; daily_report_id: string; entry_type?: string | null | undefined; hours_worked?: number | null | undefined; ... 5 more ...; worker_name?: string | ... 1 more ... | undefined; }, options?: { ...; } | undefined): PostgrestFilterBuilder<...>', gave the following error.
    Argument of type 'Record<string, unknown>[]' is not assignable to parameter of type '{ activity?: string | null | undefined; created_at?: string | null | undefined; daily_report_id: string; entry_type?: string | null | undefined; hours_worked?: number | null | undefined; ... 5 more ...; worker_name?: string | ... 1 more ... | undefined; }'.
      Property 'daily_report_id' is missing in type 'Record<string, unknown>[]' but required in type '{ activity?: string | null | undefined; created_at?: string | null | undefined; daily_report_id: string; entry_type?: string | null | undefined; hours_worked?: number | null | undefined; ... 5 more ...; worker_name?: string | ... 1 more ... | undefined; }'.
  Overload 2 of 2, '(values: { activity?: string | null | undefined; created_at?: string | null | undefined; daily_report_id: string; entry_type?: string | null | undefined; hours_worked?: number | null | undefined; ... 5 more ...; worker_name?: string | ... 1 more ... | undefined; }[], options?: { ...; } | undefined): PostgrestFilterBuilder<...>', gave the following error.
    Argument of type 'Record<string, unknown>[]' is not assignable to parameter of type '{ activity?: string | null | undefined; created_at?: string | null | undefined; daily_report_id: string; entry_type?: string | null | undefined; hours_worked?: number | null | undefined; ... 5 more ...; worker_name?: string | ... 1 more ... | undefined; }[]'.
      Property 'daily_report_id' is missing in type 'Record<string, unknown>' but required in type '{ activity?: string | null | undefined; created_at?: string | null | undefined; daily_report_id: string; entry_type?: string | null | undefined; hours_worked?: number | null | undefined; ... 5 more ...; worker_name?: string | ... 1 more ... | undefined; }'.
src/features/daily-reports/hooks/useOfflineSync.ts(244,19): error TS2769: No overload matches this call.
  Overload 1 of 2, '(values: { created_at?: string | null | undefined; daily_report_id: string; equipment_description?: string | null | undefined; equipment_type: string; hours_used?: number | null | undefined; id?: string | undefined; notes?: string | ... 1 more ... | undefined; owner?: string | ... 1 more ... | undefined; quantity?: number | ... 1 more ... | undefined; }, options?: { ...; } | undefined): PostgrestFilterBuilder<...>', gave the following error.
    Argument of type 'Record<string, unknown>[]' is not assignable to parameter of type '{ created_at?: string | null | undefined; daily_report_id: string; equipment_description?: string | null | undefined; equipment_type: string; hours_used?: number | null | undefined; id?: string | undefined; notes?: string | ... 1 more ... | undefined; owner?: string | ... 1 more ... | undefined; quantity?: number | ...'.
      Type 'Record<string, unknown>[]' is missing the following properties from type '{ created_at?: string | null | undefined; daily_report_id: string; equipment_description?: string | null | undefined; equipment_type: string; hours_used?: number | null | undefined; id?: string | undefined; notes?: string | ... 1 more ... | undefined; owner?: string | ... 1 more ... | undefined; quantity?: number | ...': daily_report_id, equipment_type
  Overload 2 of 2, '(values: { created_at?: string | null | undefined; daily_report_id: string; equipment_description?: string | null | undefined; equipment_type: string; hours_used?: number | null | undefined; id?: string | undefined; notes?: string | ... 1 more ... | undefined; owner?: string | ... 1 more ... | undefined; quantity?: number | ... 1 more ... | undefined; }[], options?: { ...; } | undefined): PostgrestFilterBuilder<...>', gave the following error.
    Argument of type 'Record<string, unknown>[]' is not assignable to parameter of type '{ created_at?: string | null | undefined; daily_report_id: string; equipment_description?: string | null | undefined; equipment_type: string; hours_used?: number | null | undefined; id?: string | undefined; notes?: string | ... 1 more ... | undefined; owner?: string | ... 1 more ... | undefined; quantity?: number | ...'.
      Type 'Record<string, unknown>' is missing the following properties from type '{ created_at?: string | null | undefined; daily_report_id: string; equipment_description?: string | null | undefined; equipment_type: string; hours_used?: number | null | undefined; id?: string | undefined; notes?: string | ... 1 more ... | undefined; owner?: string | ... 1 more ... | undefined; quantity?: number | ...': daily_report_id, equipment_type
src/features/daily-reports/hooks/useOfflineSync.ts(264,19): error TS2769: No overload matches this call.
  Overload 1 of 2, '(values: { created_at?: string | null | undefined; daily_report_id: string; delivery_ticket_number?: string | null | undefined; delivery_time?: string | null | undefined; id?: string | undefined; material_description: string; notes?: string | ... 1 more ... | undefined; quantity?: string | ... 1 more ... | undefined; vendor?: string | ... 1 more ... | undefined; }, options?: { ...; } | undefined): PostgrestFilterBuilder<...>', gave the following error.
    Argument of type 'Record<string, unknown>[]' is not assignable to parameter of type '{ created_at?: string | null | undefined; daily_report_id: string; delivery_ticket_number?: string | null | undefined; delivery_time?: string | null | undefined; id?: string | undefined; material_description: string; notes?: string | ... 1 more ... | undefined; quantity?: string | ... 1 more ... | undefined; vendor?...'.
      Type 'Record<string, unknown>[]' is missing the following properties from type '{ created_at?: string | null | undefined; daily_report_id: string; delivery_ticket_number?: string | null | undefined; delivery_time?: string | null | undefined; id?: string | undefined; material_description: string; notes?: string | ... 1 more ... | undefined; quantity?: string | ... 1 more ... | undefined; vendor?...': daily_report_id, material_description
  Overload 2 of 2, '(values: { created_at?: string | null | undefined; daily_report_id: string; delivery_ticket_number?: string | null | undefined; delivery_time?: string | null | undefined; id?: string | undefined; material_description: string; notes?: string | ... 1 more ... | undefined; quantity?: string | ... 1 more ... | undefined; vendor?: string | ... 1 more ... | undefined; }[], options?: { ...; } | undefined): PostgrestFilterBuilder<...>', gave the following error.
    Argument of type 'Record<string, unknown>[]' is not assignable to parameter of type '{ created_at?: string | null | undefined; daily_report_id: string; delivery_ticket_number?: string | null | undefined; delivery_time?: string | null | undefined; id?: string | undefined; material_description: string; notes?: string | ... 1 more ... | undefined; quantity?: string | ... 1 more ... | undefined; vendor?...'.
      Type 'Record<string, unknown>' is missing the following properties from type '{ created_at?: string | null | undefined; daily_report_id: string; delivery_ticket_number?: string | null | undefined; delivery_time?: string | null | undefined; id?: string | undefined; material_description: string; notes?: string | ... 1 more ... | undefined; quantity?: string | ... 1 more ... | undefined; vendor?...': daily_report_id, material_description
src/features/daily-reports/hooks/useOfflineSync.ts(283,19): error TS2769: No overload matches this call.
  Overload 1 of 2, '(values: { arrival_time?: string | null | undefined; company?: string | null | undefined; created_at?: string | null | undefined; daily_report_id: string; departure_time?: string | null | undefined; id?: string | undefined; purpose?: string | ... 1 more ... | undefined; visitor_name: string; }, options?: { ...; } | undefined): PostgrestFilterBuilder<...>', gave the following error.
    Argument of type 'Record<string, unknown>[]' is not assignable to parameter of type '{ arrival_time?: string | null | undefined; company?: string | null | undefined; created_at?: string | null | undefined; daily_report_id: string; departure_time?: string | null | undefined; id?: string | undefined; purpose?: string | ... 1 more ... | undefined; visitor_name: string; }'.
      Type 'Record<string, unknown>[]' is missing the following properties from type '{ arrival_time?: string | null | undefined; company?: string | null | undefined; created_at?: string | null | undefined; daily_report_id: string; departure_time?: string | null | undefined; id?: string | undefined; purpose?: string | ... 1 more ... | undefined; visitor_name: string; }': daily_report_id, visitor_name
  Overload 2 of 2, '(values: { arrival_time?: string | null | undefined; company?: string | null | undefined; created_at?: string | null | undefined; daily_report_id: string; departure_time?: string | null | undefined; id?: string | undefined; purpose?: string | ... 1 more ... | undefined; visitor_name: string; }[], options?: { ...; } | undefined): PostgrestFilterBuilder<...>', gave the following error.
    Argument of type 'Record<string, unknown>[]' is not assignable to parameter of type '{ arrival_time?: string | null | undefined; company?: string | null | undefined; created_at?: string | null | undefined; daily_report_id: string; departure_time?: string | null | undefined; id?: string | undefined; purpose?: string | ... 1 more ... | undefined; visitor_name: string; }[]'.
      Type 'Record<string, unknown>' is missing the following properties from type '{ arrival_time?: string | null | undefined; company?: string | null | undefined; created_at?: string | null | undefined; daily_report_id: string; departure_time?: string | null | undefined; id?: string | undefined; purpose?: string | ... 1 more ... | undefined; visitor_name: string; }': daily_report_id, visitor_name
src/features/takeoffs/components/TakeoffTemplateDialog.tsx(315,17): error TS2322: Type '{ children: Element[]; value: MeasurementType; onValueChange: (v: any) => void; }' is not assignable to type 'IntrinsicAttributes & SelectProps & RefAttributes<HTMLSelectElement>'.
  Property 'onValueChange' does not exist on type 'IntrinsicAttributes & SelectProps & RefAttributes<HTMLSelectElement>'. Did you mean 'onVolumeChange'?
src/features/takeoffs/components/TakeoffTemplateDialog.tsx(315,33): error TS7006: Parameter 'v' implicitly has an 'any' type.
src/features/takeoffs/components/TakeoffTemplateDialog.tsx(333,37): error TS2322: Type '{ children: Element[]; value: "project" | "company"; onValueChange: (v: any) => void; }' is not assignable to type 'IntrinsicAttributes & SelectProps & RefAttributes<HTMLSelectElement>'.
  Property 'onValueChange' does not exist on type 'IntrinsicAttributes & SelectProps & RefAttributes<HTMLSelectElement>'. Did you mean 'onVolumeChange'?
src/features/takeoffs/components/TakeoffTemplateDialog.tsx(333,53): error TS7006: Parameter 'v' implicitly has an 'any' type.
src/features/takeoffs/components/TakeoffTemplateDialog.tsx(402,42): error TS2322: Type '{ children: Element[]; value: "all" | MeasurementType; onValueChange: (v: any) => void; }' is not assignable to type 'IntrinsicAttributes & SelectProps & RefAttributes<HTMLSelectElement>'.
  Property 'onValueChange' does not exist on type 'IntrinsicAttributes & SelectProps & RefAttributes<HTMLSelectElement>'. Did you mean 'onVolumeChange'?
src/features/takeoffs/components/TakeoffTemplateDialog.tsx(402,58): error TS7006: Parameter 'v' implicitly has an 'any' type.
src/features/weather-logs/components/WeatherLogCard.tsx(119,66): error TS7006: Parameter 'activity' implicitly has an 'any' type.
src/features/weather-logs/components/WeatherLogCard.tsx(119,76): error TS7006: Parameter 'index' implicitly has an 'any' type.
src/features/weather-logs/components/WeatherLogFormDialog.tsx(219,72): error TS2344: Type '"weather_logs"' does not satisfy the constraint '"projects" | "analytics_predictions" | "approval_requests" | "approval_steps" | "approval_workflows" | "companies" | "users" | "change_orders" | "documents" | "subcontractors" | ... 108 more ... | "workflow_item_history"'.
src/features/weather-logs/hooks/useWeatherLogs.ts(28,19): error TS2589: Type instantiation is excessively deep and possibly infinite.
src/features/weather-logs/hooks/useWeatherLogs.ts(29,15): error TS2769: No overload matches this call.
  Overload 1 of 2, '(relation: "projects" | "analytics_predictions" | "approval_requests" | "approval_steps" | "approval_workflows" | "companies" | "users" | "change_orders" | "documents" | "subcontractors" | ... 108 more ... | "workflow_item_history"): PostgrestQueryBuilder<...>', gave the following error.
    Argument of type '"weather_logs"' is not assignable to parameter of type '"projects" | "analytics_predictions" | "approval_requests" | "approval_steps" | "approval_workflows" | "companies" | "users" | "change_orders" | "documents" | "subcontractors" | ... 108 more ... | "workflow_item_history"'.
  Overload 2 of 2, '(relation: "auth_users_readonly" | "auth_users_safe" | "client_project_summary" | "analytics_latest_predictions" | "change_order_summary" | "document_ai_status" | "rfi_summary" | ... 10 more ... | "safety_incident_stats"): PostgrestQueryBuilder<...>', gave the following error.
    Argument of type '"weather_logs"' is not assignable to parameter of type '"auth_users_readonly" | "auth_users_safe" | "client_project_summary" | "analytics_latest_predictions" | "change_order_summary" | "document_ai_status" | "rfi_summary" | ... 10 more ... | "safety_incident_stats"'.
src/features/weather-logs/hooks/useWeatherLogs.ts(72,19): error TS2589: Type instantiation is excessively deep and possibly infinite.
src/features/weather-logs/hooks/useWeatherLogs.ts(73,15): error TS2769: No overload matches this call.
  Overload 1 of 2, '(relation: "projects" | "analytics_predictions" | "approval_requests" | "approval_steps" | "approval_workflows" | "companies" | "users" | "change_orders" | "documents" | "subcontractors" | ... 108 more ... | "workflow_item_history"): PostgrestQueryBuilder<...>', gave the following error.
    Argument of type '"weather_logs"' is not assignable to parameter of type '"projects" | "analytics_predictions" | "approval_requests" | "approval_steps" | "approval_workflows" | "companies" | "users" | "change_orders" | "documents" | "subcontractors" | ... 108 more ... | "workflow_item_history"'.
  Overload 2 of 2, '(relation: "auth_users_readonly" | "auth_users_safe" | "client_project_summary" | "analytics_latest_predictions" | "change_order_summary" | "document_ai_status" | "rfi_summary" | ... 10 more ... | "safety_incident_stats"): PostgrestQueryBuilder<...>', gave the following error.
    Argument of type '"weather_logs"' is not assignable to parameter of type '"auth_users_readonly" | "auth_users_safe" | "client_project_summary" | "analytics_latest_predictions" | "change_order_summary" | "document_ai_status" | "rfi_summary" | ... 10 more ... | "safety_incident_stats"'.
src/features/weather-logs/hooks/useWeatherLogs.ts(115,37): error TS2589: Type instantiation is excessively deep and possibly infinite.
src/features/weather-logs/hooks/useWeatherLogs.ts(116,15): error TS2769: No overload matches this call.
  Overload 1 of 2, '(relation: "projects" | "analytics_predictions" | "approval_requests" | "approval_steps" | "approval_workflows" | "companies" | "users" | "change_orders" | "documents" | "subcontractors" | ... 108 more ... | "workflow_item_history"): PostgrestQueryBuilder<...>', gave the following error.
    Argument of type '"weather_logs"' is not assignable to parameter of type '"projects" | "analytics_predictions" | "approval_requests" | "approval_steps" | "approval_workflows" | "companies" | "users" | "change_orders" | "documents" | "subcontractors" | ... 108 more ... | "workflow_item_history"'.
  Overload 2 of 2, '(relation: "auth_users_readonly" | "auth_users_safe" | "client_project_summary" | "analytics_latest_predictions" | "change_order_summary" | "document_ai_status" | "rfi_summary" | ... 10 more ... | "safety_incident_stats"): PostgrestQueryBuilder<...>', gave the following error.
    Argument of type '"weather_logs"' is not assignable to parameter of type '"auth_users_readonly" | "auth_users_safe" | "client_project_summary" | "analytics_latest_predictions" | "change_order_summary" | "document_ai_status" | "rfi_summary" | ... 10 more ... | "safety_incident_stats"'.
src/features/weather-logs/hooks/useWeatherLogs.ts(142,37): error TS2589: Type instantiation is excessively deep and possibly infinite.
src/features/weather-logs/hooks/useWeatherLogs.ts(143,15): error TS2769: No overload matches this call.
  Overload 1 of 2, '(relation: "projects" | "analytics_predictions" | "approval_requests" | "approval_steps" | "approval_workflows" | "companies" | "users" | "change_orders" | "documents" | "subcontractors" | ... 108 more ... | "workflow_item_history"): PostgrestQueryBuilder<...>', gave the following error.
    Argument of type '"weather_logs"' is not assignable to parameter of type '"projects" | "analytics_predictions" | "approval_requests" | "approval_steps" | "approval_workflows" | "companies" | "users" | "change_orders" | "documents" | "subcontractors" | ... 108 more ... | "workflow_item_history"'.
  Overload 2 of 2, '(relation: "auth_users_readonly" | "auth_users_safe" | "client_project_summary" | "analytics_latest_predictions" | "change_order_summary" | "document_ai_status" | "rfi_summary" | ... 10 more ... | "safety_incident_stats"): PostgrestQueryBuilder<...>', gave the following error.
    Argument of type '"weather_logs"' is not assignable to parameter of type '"auth_users_readonly" | "auth_users_safe" | "client_project_summary" | "analytics_latest_predictions" | "change_order_summary" | "document_ai_status" | "rfi_summary" | ... 10 more ... | "safety_incident_stats"'.
src/features/weather-logs/hooks/useWeatherLogs.ts(162,48): error TS2344: Type '"weather_logs"' does not satisfy the constraint '"projects" | "analytics_predictions" | "approval_requests" | "approval_steps" | "approval_workflows" | "companies" | "users" | "change_orders" | "documents" | "subcontractors" | ... 108 more ... | "workflow_item_history"'.
src/features/weather-logs/hooks/useWeatherLogs.ts(170,37): error TS2589: Type instantiation is excessively deep and possibly infinite.
src/features/weather-logs/hooks/useWeatherLogs.ts(171,15): error TS2769: No overload matches this call.
  Overload 1 of 2, '(relation: "projects" | "analytics_predictions" | "approval_requests" | "approval_steps" | "approval_workflows" | "companies" | "users" | "change_orders" | "documents" | "subcontractors" | ... 108 more ... | "workflow_item_history"): PostgrestQueryBuilder<...>', gave the following error.
    Argument of type '"weather_logs"' is not assignable to parameter of type '"projects" | "analytics_predictions" | "approval_requests" | "approval_steps" | "approval_workflows" | "companies" | "users" | "change_orders" | "documents" | "subcontractors" | ... 108 more ... | "workflow_item_history"'.
  Overload 2 of 2, '(relation: "auth_users_readonly" | "auth_users_safe" | "client_project_summary" | "analytics_latest_predictions" | "change_order_summary" | "document_ai_status" | "rfi_summary" | ... 10 more ... | "safety_incident_stats"): PostgrestQueryBuilder<...>', gave the following error.
    Argument of type '"weather_logs"' is not assignable to parameter of type '"auth_users_readonly" | "auth_users_safe" | "client_project_summary" | "analytics_latest_predictions" | "change_order_summary" | "document_ai_status" | "rfi_summary" | ... 10 more ... | "safety_incident_stats"'.
src/features/weather-logs/hooks/useWeatherLogs.ts(173,11): error TS2698: Spread types may only be created from object types.
src/features/weather-logs/hooks/useWeatherLogs.ts(196,37): error TS2589: Type instantiation is excessively deep and possibly infinite.
src/features/weather-logs/hooks/useWeatherLogs.ts(197,15): error TS2769: No overload matches this call.
  Overload 1 of 2, '(relation: "projects" | "analytics_predictions" | "approval_requests" | "approval_steps" | "approval_workflows" | "companies" | "users" | "change_orders" | "documents" | "subcontractors" | ... 108 more ... | "workflow_item_history"): PostgrestQueryBuilder<...>', gave the following error.
    Argument of type '"weather_logs"' is not assignable to parameter of type '"projects" | "analytics_predictions" | "approval_requests" | "approval_steps" | "approval_workflows" | "companies" | "users" | "change_orders" | "documents" | "subcontractors" | ... 108 more ... | "workflow_item_history"'.
  Overload 2 of 2, '(relation: "auth_users_readonly" | "auth_users_safe" | "client_project_summary" | "analytics_latest_predictions" | "change_order_summary" | "document_ai_status" | "rfi_summary" | ... 10 more ... | "safety_incident_stats"): PostgrestQueryBuilder<...>', gave the following error.
    Argument of type '"weather_logs"' is not assignable to parameter of type '"auth_users_readonly" | "auth_users_safe" | "client_project_summary" | "analytics_latest_predictions" | "change_order_summary" | "document_ai_status" | "rfi_summary" | ... 10 more ... | "safety_incident_stats"'.
src/features/weather-logs/hooks/useWeatherLogs.ts(222,15): error TS2769: No overload matches this call.
  Overload 1 of 2, '(relation: "projects" | "analytics_predictions" | "approval_requests" | "approval_steps" | "approval_workflows" | "companies" | "users" | "change_orders" | "documents" | "subcontractors" | ... 108 more ... | "workflow_item_history"): PostgrestQueryBuilder<...>', gave the following error.
    Argument of type '"weather_logs"' is not assignable to parameter of type '"projects" | "analytics_predictions" | "approval_requests" | "approval_steps" | "approval_workflows" | "companies" | "users" | "change_orders" | "documents" | "subcontractors" | ... 108 more ... | "workflow_item_history"'.
  Overload 2 of 2, '(relation: "auth_users_readonly" | "auth_users_safe" | "client_project_summary" | "analytics_latest_predictions" | "change_order_summary" | "document_ai_status" | "rfi_summary" | ... 10 more ... | "safety_incident_stats"): PostgrestQueryBuilder<...>', gave the following error.
    Argument of type '"weather_logs"' is not assignable to parameter of type '"auth_users_readonly" | "auth_users_safe" | "client_project_summary" | "analytics_latest_predictions" | "change_order_summary" | "document_ai_status" | "rfi_summary" | ... 10 more ... | "safety_incident_stats"'.
src/features/weather-logs/hooks/useWeatherLogs.ts(252,19): error TS2589: Type instantiation is excessively deep and possibly infinite.
src/features/weather-logs/hooks/useWeatherLogs.ts(253,15): error TS2769: No overload matches this call.
  Overload 1 of 2, '(relation: "projects" | "analytics_predictions" | "approval_requests" | "approval_steps" | "approval_workflows" | "companies" | "users" | "change_orders" | "documents" | "subcontractors" | ... 108 more ... | "workflow_item_history"): PostgrestQueryBuilder<...>', gave the following error.
    Argument of type '"weather_logs"' is not assignable to parameter of type '"projects" | "analytics_predictions" | "approval_requests" | "approval_steps" | "approval_workflows" | "companies" | "users" | "change_orders" | "documents" | "subcontractors" | ... 108 more ... | "workflow_item_history"'.
  Overload 2 of 2, '(relation: "auth_users_readonly" | "auth_users_safe" | "client_project_summary" | "analytics_latest_predictions" | "change_order_summary" | "document_ai_status" | "rfi_summary" | ... 10 more ... | "safety_incident_stats"): PostgrestQueryBuilder<...>', gave the following error.
    Argument of type '"weather_logs"' is not assignable to parameter of type '"auth_users_readonly" | "auth_users_safe" | "client_project_summary" | "analytics_latest_predictions" | "change_order_summary" | "document_ai_status" | "rfi_summary" | ... 10 more ... | "safety_incident_stats"'.
src/features/weather-logs/hooks/useWeatherLogs.ts(310,83): error TS2571: Object is of type 'unknown'.
src/features/weather-logs/hooks/useWeatherLogs.ts(310,90): error TS2571: Object is of type 'unknown'.
src/lib/api/services/takeoff-templates.ts(81,14): error TS2352: Conversion of type '{ address: string | null; budget: number | null; city: string | null; company_id: string; contract_value: number | null; created_at: string | null; created_by: string | null; deleted_at: string | null; ... 15 more ...; zip: string | null; }[]' to type 'TakeoffTemplate[]' may be a mistake because neither type sufficiently overlaps with the other. If this was intentional, convert the expression to 'unknown' first.
  Type '{ address: string | null; budget: number | null; city: string | null; company_id: string; contract_value: number | null; created_at: string | null; created_by: string | null; deleted_at: string | null; ... 15 more ...; zip: string | null; }' is missing the following properties from type 'TakeoffTemplate': project_id, measurement_type, template_data, tags, and 2 more.
src/lib/api/services/takeoff-templates.ts(129,16): error TS2352: Conversion of type '{ address: string | null; budget: number | null; city: string | null; company_id: string; contract_value: number | null; created_at: string | null; created_by: string | null; deleted_at: string | null; ... 15 more ...; zip: string | null; }[]' to type 'TakeoffTemplate[]' may be a mistake because neither type sufficiently overlaps with the other. If this was intentional, convert the expression to 'unknown' first.
  Type '{ address: string | null; budget: number | null; city: string | null; company_id: string; contract_value: number | null; created_at: string | null; created_by: string | null; deleted_at: string | null; ... 15 more ...; zip: string | null; }' is missing the following properties from type 'TakeoffTemplate': project_id, measurement_type, template_data, tags, and 2 more.
src/lib/api/services/takeoff-templates.ts(280,44): error TS2345: Argument of type '"increment_template_usage"' is not assignable to parameter of type '"calculate_checklist_score" | "calculate_duration_days" | "calculate_risk_score" | "can_access_compliance_document" | "can_user_approve_request" | "check_circular_dependency" | ... 39 more ... | "user_has_project_access"'.
src/lib/api/services/takeoff-templates.ts(343,16): error TS2352: Conversion of type '{ address: string | null; budget: number | null; city: string | null; company_id: string; contract_value: number | null; created_at: string | null; created_by: string | null; deleted_at: string | null; ... 15 more ...; zip: string | null; }[]' to type 'TakeoffTemplate[]' may be a mistake because neither type sufficiently overlaps with the other. If this was intentional, convert the expression to 'unknown' first.
  Type '{ address: string | null; budget: number | null; city: string | null; company_id: string; contract_value: number | null; created_at: string | null; created_by: string | null; deleted_at: string | null; ... 15 more ...; zip: string | null; }' is missing the following properties from type 'TakeoffTemplate': project_id, measurement_type, template_data, tags, and 2 more.
src/pages/daily-reports/DailyReportDetailPage.tsx(288,9): error TS2322: Type 'unknown' is not assignable to type 'ReactNode'.
src/pages/takeoffs/TakeoffPage.tsx(405,11): error TS2322: Type 'string | null' is not assignable to type 'string'.
  Type 'null' is not assignable to type 'string'.
src/pages/takeoffs/TakeoffsListPage.tsx(58,49): error TS2345: Argument of type '{ filters: { column: string; operator: string; value: string; }[]; }' is not assignable to parameter of type 'string'.
src/pages/takeoffs/TakeoffsListPage.tsx(247,36): error TS2322: Type '{ children: Element[]; value: "all" | MeasurementType; onValueChange: (v: any) => void; }' is not assignable to type 'IntrinsicAttributes & SelectProps & RefAttributes<HTMLSelectElement>'.
  Property 'onValueChange' does not exist on type 'IntrinsicAttributes & SelectProps & RefAttributes<HTMLSelectElement>'. Did you mean 'onVolumeChange'?
src/pages/takeoffs/TakeoffsListPage.tsx(247,52): error TS7006: Parameter 'v' implicitly has an 'any' type.
src/pages/takeoffs/TakeoffsListPage.tsx(350,11): error TS2322: Type 'string | null' is not assignable to type 'string'.
  Type 'null' is not assignable to type 'string'.
src/pages/weather-logs/WeatherLogDetailPage.tsx(285,60): error TS7006: Parameter 'activity' implicitly has an 'any' type.
src/pages/weather-logs/WeatherLogDetailPage.tsx(285,70): error TS7006: Parameter 'index' implicitly has an 'any' type.
src/pages/weather-logs/WeatherLogDetailPage.tsx(325,47): error TS7006: Parameter 'url' implicitly has an 'any' type.
src/pages/weather-logs/WeatherLogDetailPage.tsx(325,52): error TS7006: Parameter 'index' implicitly has an 'any' type.
src/pages/weather-logs/WeatherLogsPage.tsx(72,13): error TS2339: Property 'impact_notes' does not exist on type 'WeatherLogWithProject'.
src/pages/weather-logs/WeatherLogsPage.tsx(73,13): error TS2339: Property 'safety_concerns' does not exist on type 'WeatherLogWithProject'.
src/pages/weather-logs/WeatherLogsPage.tsx(74,13): error TS2339: Property 'affected_activities' does not exist on type 'WeatherLogWithProject'.
src/pages/weather-logs/WeatherLogsPage.tsx(74,39): error TS7006: Parameter 'activity' implicitly has an 'any' type.
src/pages/weather-logs/WeatherLogsPage.tsx(404,46): error TS2339: Property 'id' does not exist on type 'WeatherLogWithProject'.
