TN:
SF:src\components\auth\ProtectedRoute.tsx
FN:12,ProtectedRoute
FNF:1
FNH:1
FNDA:22,ProtectedRoute
DA:13,22
DA:15,22
DA:17,11
DA:20,11
DA:21,4
DA:24,7
LF:6
LH:6
BRDA:15,0,0,11
BRDA:15,0,1,11
BRDA:20,1,0,4
BRDA:20,1,1,7
BRF:4
BRH:4
end_of_record
TN:
SF:src\components\ui\badge.tsx
FN:31,Badge
FNF:1
FNH:1
FNDA:3,Badge
DA:8,4
DA:32,3
LF:2
LH:2
BRF:0
BRH:0
end_of_record
TN:
SF:src\components\ui\button.tsx
FN:41,(anonymous_0)
FNF:1
FNH:1
FNDA:590,(anonymous_0)
DA:8,4
DA:40,4
DA:42,590
DA:51,4
LF:4
LH:4
BRF:0
BRH:0
end_of_record
TN:
SF:src\components\ui\checkbox.tsx
FN:13,(anonymous_0)
FN:14,(anonymous_1)
FNF:2
FNH:2
FNDA:70,(anonymous_0)
FNDA:2,(anonymous_1)
DA:12,3
DA:14,70
DA:15,2
DA:16,2
DA:19,70
DA:33,3
LF:6
LH:6
BRF:0
BRH:0
end_of_record
TN:
SF:src\components\ui\dialog.tsx
FN:14,(anonymous_0)
FN:24,(anonymous_1)
FN:27,(anonymous_2)
FN:33,(anonymous_3)
FN:48,(anonymous_4)
FN:55,(anonymous_5)
FN:65,(anonymous_6)
FN:80,(anonymous_7)
FN:90,(anonymous_8)
FN:100,(anonymous_9)
FN:110,(anonymous_10)
FN:123,(anonymous_11)
FN:138,(anonymous_12)
FN:153,(anonymous_13)
FN:168,(anonymous_14)
FNF:15
FNH:9
FNDA:0,(anonymous_0)
FNDA:20,(anonymous_1)
FNDA:12,(anonymous_2)
FNDA:0,(anonymous_3)
FNDA:0,(anonymous_4)
FNDA:0,(anonymous_5)
FNDA:17,(anonymous_6)
FNDA:16,(anonymous_7)
FNDA:0,(anonymous_8)
FNDA:17,(anonymous_9)
FNDA:5,(anonymous_10)
FNDA:16,(anonymous_11)
FNDA:16,(anonymous_12)
FNDA:16,(anonymous_13)
FNDA:0,(anonymous_14)
DA:9,1
DA:24,1
DA:25,20
DA:27,20
DA:28,12
DA:29,12
DA:33,20
DA:34,0
DA:35,0
DA:38,20
DA:45,1
DA:49,0
DA:50,0
DA:52,0
DA:56,0
DA:57,0
DA:63,1
DA:65,1
DA:66,17
DA:68,17
DA:70,16
DA:77,1
DA:81,16
DA:83,16
DA:90,0
DA:95,1
DA:97,1
DA:101,17
DA:110,5
DA:118,1
DA:120,1
DA:124,16
DA:133,1
DA:135,1
DA:139,16
DA:148,1
DA:150,1
DA:154,16
DA:163,1
DA:165,1
DA:169,0
DA:175,1
LF:42
LH:33
BRDA:25,0,0,20
BRDA:25,0,1,0
BRDA:28,1,0,12
BRDA:28,1,1,0
BRDA:48,2,0,0
BRDA:50,3,0,0
BRDA:50,3,1,0
BRDA:68,4,0,1
BRDA:68,4,1,16
BRF:9
BRH:4
end_of_record
TN:
SF:src\components\ui\input.tsx
FN:11,(anonymous_0)
FNF:1
FNH:1
FNDA:16,(anonymous_0)
DA:10,1
DA:12,16
DA:25,1
LF:3
LH:3
BRF:0
BRH:0
end_of_record
TN:
SF:src\components\ui\popover.tsx
FN:18,(anonymous_0)
FN:21,Popover
FN:26,(anonymous_2)
FN:48,PopoverTrigger
FN:51,(anonymous_4)
FN:58,(anonymous_5)
FN:83,PopoverContent
FN:93,(anonymous_7)
FN:96,(anonymous_8)
FN:103,(anonymous_9)
FN:107,(anonymous_10)
FN:110,(anonymous_11)
FN:117,(anonymous_12)
FNF:13
FNH:10
FNDA:0,(anonymous_0)
FNDA:62,Popover
FNDA:10,(anonymous_2)
FNDA:62,PopoverTrigger
FNDA:10,(anonymous_4)
FNDA:10,(anonymous_5)
FNDA:62,PopoverContent
FNDA:53,(anonymous_7)
FNDA:0,(anonymous_8)
FNDA:10,(anonymous_9)
FNDA:53,(anonymous_10)
FNDA:0,(anonymous_11)
FNDA:10,(anonymous_12)
DA:13,3
DA:22,62
DA:24,62
DA:25,62
DA:27,10
DA:28,0
DA:30,10
DA:35,62
DA:49,62
DA:51,62
DA:52,10
DA:55,62
DA:56,62
DA:59,10
DA:60,10
DA:65,0
DA:89,62
DA:90,62
DA:93,62
DA:94,53
DA:96,10
DA:97,0
DA:98,0
DA:102,10
DA:103,10
DA:107,62
DA:108,53
DA:110,10
DA:111,0
DA:112,0
DA:116,10
DA:117,10
DA:120,62
DA:122,10
DA:128,10
DA:135,10
LF:36
LH:30
BRDA:24,0,0,62
BRDA:24,0,1,0
BRDA:27,1,0,0
BRDA:27,1,1,10
BRDA:55,2,0,62
BRDA:55,2,1,0
BRDA:55,3,0,62
BRDA:55,3,1,62
BRDA:86,4,0,62
BRDA:87,5,0,62
BRDA:94,6,0,43
BRDA:94,6,1,10
BRDA:97,7,0,0
BRDA:97,7,1,0
BRDA:97,8,0,0
BRDA:97,8,1,0
BRDA:108,9,0,43
BRDA:108,9,1,10
BRDA:111,10,0,0
BRDA:111,10,1,0
BRDA:120,11,0,52
BRDA:120,11,1,10
BRF:22
BRH:13
end_of_record
TN:
SF:src\components\ui\tabs.tsx
FN:14,useTabsContext
FN:30,Tabs
FN:41,(anonymous_2)
FN:62,TabsList
FN:82,TabsTrigger
FN:92,(anonymous_5)
FN:112,TabsContent
FNF:7
FNH:7
FNDA:96,useTabsContext
FNDA:16,Tabs
FNDA:3,(anonymous_2)
FNDA:16,TabsList
FNDA:48,TabsTrigger
FNDA:3,(anonymous_5)
FNDA:48,TabsContent
DA:12,1
DA:15,96
DA:16,96
DA:17,0
DA:19,96
DA:37,16
DA:39,16
DA:40,16
DA:42,3
DA:43,0
DA:45,3
DA:50,16
DA:63,16
DA:83,48
DA:84,48
DA:86,48
DA:92,3
DA:113,48
DA:115,48
DA:116,32
DA:119,16
LF:21
LH:19
BRDA:16,0,0,0
BRDA:16,0,1,96
BRDA:37,1,0,16
BRDA:37,1,1,16
BRDA:39,2,0,16
BRDA:39,2,1,0
BRDA:42,3,0,0
BRDA:42,3,1,3
BRDA:95,4,0,16
BRDA:95,4,1,32
BRDA:115,5,0,32
BRDA:115,5,1,16
BRF:12
BRH:9
end_of_record
TN:
SF:src\features\change-orders\hooks\useChangeOrders.ts
FN:69,useChangeOrders
FN:74,(anonymous_1)
FN:117,useChangeOrder
FN:120,(anonymous_3)
FN:150,useCreateChangeOrder
FN:155,(anonymous_5)
FN:196,(anonymous_6)
FN:204,useUpdateChangeOrder
FN:208,(anonymous_8)
FN:221,(anonymous_9)
FN:230,useDeleteChangeOrder
FN:234,(anonymous_11)
FN:246,(anonymous_12)
FN:253,useAddChangeOrderComment
FN:258,(anonymous_14)
FN:277,(anonymous_15)
FN:284,useRequestBids
FN:295,(anonymous_17)
FN:300,(anonymous_18)
FN:317,(anonymous_19)
FN:324,useAwardBid
FN:329,(anonymous_21)
FN:367,(anonymous_22)
FNF:23
FNH:2
FNDA:14,useChangeOrders
FNDA:6,(anonymous_1)
FNDA:0,useChangeOrder
FNDA:0,(anonymous_3)
FNDA:0,useCreateChangeOrder
FNDA:0,(anonymous_5)
FNDA:0,(anonymous_6)
FNDA:0,useUpdateChangeOrder
FNDA:0,(anonymous_8)
FNDA:0,(anonymous_9)
FNDA:0,useDeleteChangeOrder
FNDA:0,(anonymous_11)
FNDA:0,(anonymous_12)
FNDA:0,useAddChangeOrderComment
FNDA:0,(anonymous_14)
FNDA:0,(anonymous_15)
FNDA:0,useRequestBids
FNDA:0,(anonymous_17)
FNDA:0,(anonymous_18)
FNDA:0,(anonymous_19)
FNDA:0,useAwardBid
FNDA:0,(anonymous_21)
FNDA:0,(anonymous_22)
DA:70,14
DA:72,14
DA:75,6
DA:77,6
DA:80,6
DA:87,6
DA:88,5
DA:90,5
DA:109,5
DA:110,5
DA:118,0
DA:121,0
DA:123,0
DA:142,0
DA:143,0
DA:151,0
DA:152,0
DA:154,0
DA:156,0
DA:157,0
DA:161,0
DA:170,0
DA:172,0
DA:187,0
DA:193,0
DA:194,0
DA:197,0
DA:198,0
DA:205,0
DA:207,0
DA:209,0
DA:211,0
DA:218,0
DA:219,0
DA:222,0
DA:223,0
DA:224,0
DA:231,0
DA:233,0
DA:235,0
DA:239,0
DA:244,0
DA:247,0
DA:254,0
DA:255,0
DA:257,0
DA:259,0
DA:261,0
DA:268,0
DA:274,0
DA:275,0
DA:278,0
DA:285,0
DA:286,0
DA:294,0
DA:300,0
DA:309,0
DA:314,0
DA:315,0
DA:318,0
DA:325,0
DA:326,0
DA:328,0
DA:330,0
DA:333,0
DA:339,0
DA:340,0
DA:343,0
DA:344,0
DA:350,0
DA:357,0
DA:364,0
DA:365,0
DA:368,0
LF:74
LH:10
BRDA:75,0,0,0
BRDA:75,0,1,6
BRDA:77,1,0,0
BRDA:77,1,1,6
BRDA:87,2,0,1
BRDA:87,2,1,5
BRDA:88,3,0,0
BRDA:88,3,1,5
BRDA:109,4,0,0
BRDA:109,4,1,5
BRDA:110,5,0,5
BRDA:110,5,1,0
BRDA:112,6,0,14
BRDA:112,6,1,13
BRDA:121,7,0,0
BRDA:121,7,1,0
BRDA:142,8,0,0
BRDA:142,8,1,0
BRDA:156,9,0,0
BRDA:156,9,1,0
BRDA:170,10,0,0
BRDA:170,10,1,0
BRDA:176,11,0,0
BRDA:176,11,1,0
BRDA:177,12,0,0
BRDA:177,12,1,0
BRDA:178,13,0,0
BRDA:178,13,1,0
BRDA:179,14,0,0
BRDA:179,14,1,0
BRDA:180,15,0,0
BRDA:180,15,1,0
BRDA:193,16,0,0
BRDA:193,16,1,0
BRDA:218,17,0,0
BRDA:218,17,1,0
BRDA:244,18,0,0
BRDA:244,18,1,0
BRDA:259,19,0,0
BRDA:259,19,1,0
BRDA:274,20,0,0
BRDA:274,20,1,0
BRDA:306,21,0,0
BRDA:306,21,1,0
BRDA:314,22,0,0
BRDA:314,22,1,0
BRDA:330,23,0,0
BRDA:330,23,1,0
BRDA:339,24,0,0
BRDA:339,24,1,0
BRDA:340,25,0,0
BRDA:340,25,1,0
BRDA:364,26,0,0
BRDA:364,26,1,0
BRF:54
BRH:9
end_of_record
TN:
SF:src\features\daily-reports\hooks\useDailyReports.ts
FN:9,useDailyReports
FN:12,(anonymous_1)
FN:29,useDailyReport
FN:32,(anonymous_3)
FN:49,useCreateDailyReport
FN:53,(anonymous_5)
FN:63,(anonymous_6)
FN:71,useUpdateDailyReport
FN:75,(anonymous_8)
FN:86,(anonymous_9)
FN:95,useDeleteDailyReport
FN:99,(anonymous_11)
FN:107,(anonymous_12)
FNF:13
FNH:13
FNDA:7,useDailyReports
FNDA:3,(anonymous_1)
FNDA:5,useDailyReport
FNDA:2,(anonymous_3)
FNDA:2,useCreateDailyReport
FNDA:2,(anonymous_5)
FNDA:1,(anonymous_6)
FNDA:2,useUpdateDailyReport
FNDA:2,(anonymous_8)
FNDA:1,(anonymous_9)
FNDA:3,useDeleteDailyReport
FNDA:3,(anonymous_11)
FNDA:1,(anonymous_12)
DA:10,7
DA:13,3
DA:15,3
DA:21,3
DA:22,2
DA:30,5
DA:33,2
DA:35,2
DA:41,2
DA:42,1
DA:50,2
DA:52,2
DA:54,2
DA:60,2
DA:61,1
DA:64,1
DA:65,1
DA:72,2
DA:74,2
DA:76,2
DA:83,2
DA:84,1
DA:87,1
DA:88,1
DA:89,1
DA:96,3
DA:98,3
DA:100,3
DA:105,3
DA:108,1
LF:30
LH:30
BRDA:13,0,0,0
BRDA:13,0,1,3
BRDA:21,1,0,1
BRDA:21,1,1,2
BRDA:33,2,0,0
BRDA:33,2,1,2
BRDA:41,3,0,1
BRDA:41,3,1,1
BRDA:60,4,0,1
BRDA:60,4,1,1
BRDA:83,5,0,1
BRDA:83,5,1,1
BRDA:105,6,0,2
BRDA:105,6,1,1
BRF:14
BRH:12
end_of_record
TN:
SF:src\features\documents\components\DrawingCanvas.tsx
FN:68,generateCloudPath
FN:127,useIsMobile
FN:130,(anonymous_2)
FN:131,(anonymous_3)
FN:139,(anonymous_4)
FN:151,DrawingCanvas
FN:205,(anonymous_6)
FN:208,(anonymous_7)
FN:220,(anonymous_8)
FN:224,(anonymous_9)
FN:231,(anonymous_10)
FN:232,(anonymous_11)
FN:244,(anonymous_12)
FN:246,(anonymous_13)
FN:261,(anonymous_14)
FN:262,(anonymous_15)
FN:270,(anonymous_16)
FN:281,(anonymous_17)
FN:325,(anonymous_18)
FN:363,(anonymous_19)
FN:385,(anonymous_20)
FN:425,(anonymous_21)
FN:430,(anonymous_22)
FN:431,(anonymous_23)
FN:450,(anonymous_24)
FN:455,(anonymous_25)
FN:456,(anonymous_26)
FN:471,(anonymous_27)
FN:481,(anonymous_28)
FN:482,(anonymous_29)
FN:521,(anonymous_30)
FN:530,(anonymous_31)
FN:531,(anonymous_32)
FN:542,(anonymous_33)
FN:554,(anonymous_34)
FN:561,(anonymous_35)
FN:568,(anonymous_36)
FN:578,(anonymous_37)
FN:614,(anonymous_38)
FN:622,(anonymous_39)
FN:630,(anonymous_40)
FN:638,(anonymous_41)
FN:646,(anonymous_42)
FN:654,(anonymous_43)
FN:662,(anonymous_44)
FN:670,(anonymous_45)
FN:682,(anonymous_46)
FN:695,(anonymous_47)
FN:770,(anonymous_48)
FN:785,(anonymous_49)
FN:786,(anonymous_50)
FN:804,(anonymous_51)
FN:805,(anonymous_52)
FN:823,(anonymous_53)
FN:824,(anonymous_54)
FN:841,(anonymous_55)
FN:842,(anonymous_56)
FN:858,(anonymous_57)
FN:859,(anonymous_58)
FN:880,(anonymous_59)
FN:892,(anonymous_60)
FN:893,(anonymous_61)
FN:956,(anonymous_62)
FNF:63
FNH:23
FNDA:0,generateCloudPath
FNDA:77,useIsMobile
FNDA:39,(anonymous_2)
FNDA:39,(anonymous_3)
FNDA:39,(anonymous_4)
FNDA:79,DrawingCanvas
FNDA:58,(anonymous_6)
FNDA:2,(anonymous_7)
FNDA:40,(anonymous_8)
FNDA:2,(anonymous_9)
FNDA:40,(anonymous_10)
FNDA:2,(anonymous_11)
FNDA:55,(anonymous_12)
FNDA:2,(anonymous_13)
FNDA:39,(anonymous_14)
FNDA:39,(anonymous_15)
FNDA:39,(anonymous_16)
FNDA:0,(anonymous_17)
FNDA:0,(anonymous_18)
FNDA:0,(anonymous_19)
FNDA:0,(anonymous_20)
FNDA:0,(anonymous_21)
FNDA:0,(anonymous_22)
FNDA:0,(anonymous_23)
FNDA:0,(anonymous_24)
FNDA:0,(anonymous_25)
FNDA:0,(anonymous_26)
FNDA:0,(anonymous_27)
FNDA:0,(anonymous_28)
FNDA:0,(anonymous_29)
FNDA:0,(anonymous_30)
FNDA:0,(anonymous_31)
FNDA:0,(anonymous_32)
FNDA:0,(anonymous_33)
FNDA:0,(anonymous_34)
FNDA:0,(anonymous_35)
FNDA:0,(anonymous_36)
FNDA:0,(anonymous_37)
FNDA:0,(anonymous_38)
FNDA:2,(anonymous_39)
FNDA:1,(anonymous_40)
FNDA:1,(anonymous_41)
FNDA:1,(anonymous_42)
FNDA:0,(anonymous_43)
FNDA:0,(anonymous_44)
FNDA:0,(anonymous_45)
FNDA:2,(anonymous_46)
FNDA:1,(anonymous_47)
FNDA:2,(anonymous_48)
FNDA:0,(anonymous_49)
FNDA:0,(anonymous_50)
FNDA:0,(anonymous_51)
FNDA:0,(anonymous_52)
FNDA:0,(anonymous_53)
FNDA:0,(anonymous_54)
FNDA:0,(anonymous_55)
FNDA:0,(anonymous_56)
FNDA:0,(anonymous_57)
FNDA:0,(anonymous_58)
FNDA:0,(anonymous_59)
FNDA:0,(anonymous_60)
FNDA:0,(anonymous_61)
FNDA:0,(anonymous_62)
DA:73,0
DA:75,0
DA:76,0
DA:77,0
DA:78,0
DA:80,0
DA:81,0
DA:84,0
DA:87,0
DA:88,0
DA:89,0
DA:90,0
DA:91,0
DA:92,0
DA:96,0
DA:97,0
DA:98,0
DA:99,0
DA:100,0
DA:101,0
DA:105,0
DA:106,0
DA:107,0
DA:108,0
DA:109,0
DA:113,0
DA:114,0
DA:115,0
DA:116,0
DA:117,0
DA:120,0
DA:121,0
DA:128,77
DA:130,77
DA:131,39
DA:132,39
DA:133,39
DA:134,39
DA:137,39
DA:138,39
DA:139,39
DA:142,77
DA:163,79
DA:164,79
DA:167,79
DA:168,79
DA:169,79
DA:172,79
DA:173,79
DA:174,79
DA:175,79
DA:178,79
DA:179,79
DA:182,79
DA:191,79
DA:192,79
DA:193,79
DA:196,79
DA:197,79
DA:198,79
DA:199,79
DA:202,79
DA:205,79
DA:206,58
DA:207,41
DA:208,41
DA:209,2
DA:210,1
DA:216,41
DA:220,79
DA:221,40
DA:224,40
DA:225,2
DA:227,40
DA:231,79
DA:232,40
DA:234,2
DA:236,2
DA:238,2
DA:239,2
DA:244,79
DA:245,55
DA:246,2
DA:254,1
DA:255,1
DA:256,1
DA:261,79
DA:262,39
DA:263,39
DA:264,0
DA:270,79
DA:271,39
DA:272,0
DA:273,0
DA:274,0
DA:275,0
DA:281,79
DA:282,0
DA:284,0
DA:285,0
DA:287,0
DA:289,0
DA:298,0
DA:299,0
DA:300,0
DA:301,0
DA:302,0
DA:303,0
DA:304,0
DA:305,0
DA:306,0
DA:307,0
DA:308,0
DA:309,0
DA:310,0
DA:311,0
DA:312,0
DA:313,0
DA:314,0
DA:315,0
DA:316,0
DA:317,0
DA:318,0
DA:321,0
DA:325,79
DA:326,0
DA:328,0
DA:329,0
DA:331,0
DA:333,0
DA:334,0
DA:338,0
DA:339,0
DA:340,0
DA:346,0
DA:347,0
DA:348,0
DA:349,0
DA:350,0
DA:353,0
DA:354,0
DA:355,0
DA:356,0
DA:359,0
DA:363,79
DA:364,0
DA:366,0
DA:369,0
DA:370,0
DA:373,0
DA:374,0
DA:375,0
DA:376,0
DA:378,0
DA:381,0
DA:385,79
DA:386,0
DA:387,0
DA:394,0
DA:395,0
DA:396,0
DA:397,0
DA:398,0
DA:399,0
DA:400,0
DA:401,0
DA:402,0
DA:403,0
DA:404,0
DA:405,0
DA:407,0
DA:419,0
DA:420,0
DA:425,79
DA:426,0
DA:427,0
DA:430,0
DA:431,0
DA:432,0
DA:433,0
DA:434,0
DA:442,0
DA:445,0
DA:450,79
DA:451,0
DA:452,0
DA:455,0
DA:456,0
DA:457,0
DA:464,0
DA:471,79
DA:472,0
DA:473,0
DA:476,0
DA:477,0
DA:478,0
DA:481,0
DA:482,0
DA:483,0
DA:507,0
DA:508,0
DA:511,0
DA:521,79
DA:522,0
DA:523,0
DA:524,0
DA:525,0
DA:530,79
DA:531,0
DA:532,0
DA:533,0
DA:536,0
DA:537,0
DA:538,0
DA:539,0
DA:542,0
DA:543,0
DA:544,0
DA:545,0
DA:547,0
DA:548,0
DA:554,79
DA:555,0
DA:556,0
DA:557,0
DA:561,79
DA:562,0
DA:563,0
DA:564,0
DA:568,79
DA:569,0
DA:570,0
DA:571,0
DA:572,0
DA:573,0
DA:576,0
DA:577,0
DA:578,0
DA:579,0
DA:581,0
DA:582,0
DA:588,79
DA:589,17
DA:596,60
DA:614,0
DA:622,2
DA:630,1
DA:638,1
DA:646,1
DA:654,0
DA:662,0
DA:670,0
DA:682,2
DA:695,1
DA:771,2
DA:772,0
DA:785,0
DA:786,0
DA:791,2
DA:792,1
DA:804,0
DA:805,0
DA:810,1
DA:811,1
DA:823,0
DA:824,0
DA:829,0
DA:830,0
DA:841,0
DA:842,0
DA:847,0
DA:848,0
DA:858,0
DA:859,0
DA:864,0
DA:865,0
DA:870,0
DA:881,0
DA:882,0
DA:883,0
DA:885,0
DA:886,0
DA:888,0
DA:890,0
DA:892,0
DA:893,0
DA:899,0
DA:957,0
DA:962,0
DA:963,0
DA:964,0
DA:966,0
DA:967,0
LF:293
LH:85
BRDA:71,0,0,0
BRDA:73,1,0,0
BRDA:73,1,1,0
BRDA:73,2,0,0
BRDA:73,2,1,0
BRDA:77,3,0,0
BRDA:77,3,1,0
BRDA:78,4,0,0
BRDA:78,4,1,0
BRDA:132,5,0,39
BRDA:132,5,1,0
BRDA:134,6,0,39
BRDA:134,6,1,39
BRDA:154,7,0,79
BRDA:156,8,0,79
BRDA:157,9,0,79
BRDA:158,10,0,79
BRDA:164,11,0,79
BRDA:164,11,1,71
BRDA:206,12,0,17
BRDA:206,12,1,41
BRDA:209,13,0,1
BRDA:209,13,1,1
BRDA:209,14,0,2
BRDA:209,14,1,2
BRDA:212,15,0,1
BRDA:212,15,1,1
BRDA:212,15,2,1
BRDA:225,16,0,2
BRDA:225,16,1,0
BRDA:234,17,0,0
BRDA:234,17,1,2
BRDA:236,18,0,0
BRDA:236,18,1,2
BRDA:236,19,0,2
BRDA:236,19,1,2
BRDA:238,20,0,0
BRDA:238,20,1,2
BRDA:238,21,0,2
BRDA:238,21,1,0
BRDA:238,21,2,0
BRDA:245,22,0,1
BRDA:245,22,1,54
BRDA:245,23,0,55
BRDA:245,23,1,38
BRDA:250,24,0,2
BRDA:250,24,1,0
BRDA:251,25,0,2
BRDA:251,25,1,0
BRDA:252,26,0,2
BRDA:252,26,1,0
BRDA:263,27,0,0
BRDA:263,27,1,39
BRDA:271,28,0,0
BRDA:271,28,1,39
BRDA:271,29,0,39
BRDA:271,29,1,0
BRDA:271,29,2,0
BRDA:273,30,0,0
BRDA:273,30,1,0
BRDA:282,31,0,0
BRDA:282,31,1,0
BRDA:282,32,0,0
BRDA:282,32,1,0
BRDA:285,33,0,0
BRDA:285,33,1,0
BRDA:298,34,0,0
BRDA:298,34,1,0
BRDA:300,35,0,0
BRDA:300,35,1,0
BRDA:304,36,0,0
BRDA:304,36,1,0
BRDA:308,37,0,0
BRDA:308,37,1,0
BRDA:311,38,0,0
BRDA:311,38,1,0
BRDA:314,39,0,0
BRDA:314,39,1,0
BRDA:326,40,0,0
BRDA:326,40,1,0
BRDA:326,41,0,0
BRDA:326,41,1,0
BRDA:326,41,2,0
BRDA:329,42,0,0
BRDA:329,42,1,0
BRDA:333,43,0,0
BRDA:333,43,1,0
BRDA:333,44,0,0
BRDA:333,44,1,0
BRDA:339,45,0,0
BRDA:339,45,1,0
BRDA:339,46,0,0
BRDA:339,46,1,0
BRDA:346,47,0,0
BRDA:346,47,1,0
BRDA:349,48,0,0
BRDA:349,48,1,0
BRDA:354,49,0,0
BRDA:354,49,1,0
BRDA:364,50,0,0
BRDA:364,50,1,0
BRDA:364,51,0,0
BRDA:364,51,1,0
BRDA:364,51,2,0
BRDA:394,52,0,0
BRDA:394,52,1,0
BRDA:395,53,0,0
BRDA:395,53,1,0
BRDA:396,54,0,0
BRDA:396,54,1,0
BRDA:397,55,0,0
BRDA:397,55,1,0
BRDA:398,56,0,0
BRDA:398,56,1,0
BRDA:399,57,0,0
BRDA:399,57,1,0
BRDA:400,58,0,0
BRDA:400,58,1,0
BRDA:401,59,0,0
BRDA:401,59,1,0
BRDA:402,60,0,0
BRDA:402,60,1,0
BRDA:403,61,0,0
BRDA:403,61,1,0
BRDA:404,62,0,0
BRDA:404,62,1,0
BRDA:405,63,0,0
BRDA:405,63,1,0
BRDA:426,64,0,0
BRDA:426,64,1,0
BRDA:432,65,0,0
BRDA:432,65,1,0
BRDA:457,66,0,0
BRDA:457,66,1,0
BRDA:483,67,0,0
BRDA:483,67,1,0
BRDA:492,68,0,0
BRDA:492,68,1,0
BRDA:492,69,0,0
BRDA:492,69,1,0
BRDA:495,70,0,0
BRDA:495,70,1,0
BRDA:495,71,0,0
BRDA:495,71,1,0
BRDA:498,72,0,0
BRDA:498,72,1,0
BRDA:498,73,0,0
BRDA:498,73,1,0
BRDA:522,74,0,0
BRDA:522,74,1,0
BRDA:524,75,0,0
BRDA:524,75,1,0
BRDA:543,76,0,0
BRDA:543,76,1,0
BRDA:555,77,0,0
BRDA:555,77,1,0
BRDA:562,78,0,0
BRDA:562,78,1,0
BRDA:569,79,0,0
BRDA:569,79,1,0
BRDA:576,80,0,0
BRDA:576,80,1,0
BRDA:576,81,0,0
BRDA:576,81,1,0
BRDA:588,82,0,17
BRDA:588,82,1,62
BRDA:599,83,0,60
BRDA:599,83,1,1
BRDA:599,83,2,1
BRDA:607,84,0,79
BRDA:607,84,1,54
BRDA:613,85,0,47
BRDA:613,85,1,7
BRDA:621,86,0,3
BRDA:621,86,1,51
BRDA:629,87,0,1
BRDA:629,87,1,53
BRDA:637,88,0,1
BRDA:637,88,1,53
BRDA:645,89,0,2
BRDA:645,89,1,52
BRDA:653,90,0,0
BRDA:653,90,1,54
BRDA:661,91,0,0
BRDA:661,91,1,54
BRDA:669,92,0,0
BRDA:669,92,1,54
BRDA:759,93,0,79
BRDA:759,93,1,1
BRDA:771,94,0,0
BRDA:771,94,1,2
BRDA:771,95,0,2
BRDA:771,95,1,0
BRDA:791,96,0,1
BRDA:791,96,1,1
BRDA:791,97,0,2
BRDA:791,97,1,1
BRDA:801,98,0,1
BRDA:801,98,1,0
BRDA:802,99,0,1
BRDA:802,99,1,0
BRDA:810,100,0,1
BRDA:810,100,1,0
BRDA:817,101,0,1
BRDA:817,101,1,0
BRDA:818,102,0,1
BRDA:818,102,1,0
BRDA:821,103,0,1
BRDA:821,103,1,1
BRDA:829,104,0,0
BRDA:829,104,1,0
BRDA:836,105,0,0
BRDA:836,105,1,0
BRDA:839,106,0,0
BRDA:839,106,1,0
BRDA:847,107,0,0
BRDA:847,107,1,0
BRDA:854,108,0,0
BRDA:854,108,1,0
BRDA:856,109,0,0
BRDA:856,109,1,0
BRDA:864,110,0,0
BRDA:864,110,1,0
BRDA:866,111,0,0
BRDA:866,111,1,0
BRDA:867,112,0,0
BRDA:867,112,1,0
BRDA:868,113,0,0
BRDA:868,113,1,0
BRDA:878,114,0,0
BRDA:878,114,1,0
BRDA:881,115,0,0
BRDA:881,115,1,0
BRDA:886,116,0,0
BRDA:886,116,1,0
BRDA:886,117,0,0
BRDA:886,117,1,0
BRDA:903,118,0,79
BRDA:903,118,1,0
BRDA:905,119,0,0
BRDA:905,119,1,0
BRDA:905,119,2,0
BRDA:917,120,0,0
BRDA:917,120,1,0
BRDA:917,120,2,0
BRDA:924,121,0,0
BRDA:924,121,1,0
BRDA:925,122,0,0
BRDA:925,122,1,0
BRDA:928,123,0,0
BRDA:928,123,1,0
BRDA:932,124,0,0
BRDA:932,124,1,0
BRDA:933,125,0,0
BRDA:933,125,1,0
BRDA:936,126,0,0
BRDA:936,126,1,0
BRDA:939,127,0,0
BRDA:939,127,1,0
BRDA:943,128,0,0
BRDA:943,128,1,0
BRDA:946,129,0,0
BRDA:946,129,1,0
BRDA:949,130,0,0
BRDA:949,130,1,0
BRDA:955,131,0,0
BRDA:955,131,1,0
BRDA:958,132,0,0
BRDA:958,132,1,0
BRDA:959,133,0,0
BRDA:959,133,1,0
BRDA:960,134,0,0
BRDA:960,134,1,0
BRDA:962,135,0,0
BRDA:962,135,1,0
BRDA:975,136,0,79
BRDA:975,136,1,53
BRF:277
BRH:73
end_of_record
TN:
SF:src\features\documents\components\LinkMarkupDialog.tsx
FN:68,LinkMarkupDialog
FN:83,(anonymous_1)
FN:105,(anonymous_2)
FN:119,(anonymous_3)
FN:129,(anonymous_4)
FN:142,(anonymous_5)
FN:152,(anonymous_6)
FN:163,(anonymous_7)
FN:176,(anonymous_8)
FN:181,(anonymous_9)
FN:194,(anonymous_10)
FN:239,(anonymous_11)
FN:261,(anonymous_12)
FN:294,(anonymous_13)
FN:310,ItemList
FN:321,(anonymous_15)
FN:329,(anonymous_16)
FNF:17
FNH:9
FNDA:17,LinkMarkupDialog
FNDA:11,(anonymous_1)
FNDA:0,(anonymous_2)
FNDA:2,(anonymous_3)
FNDA:0,(anonymous_4)
FNDA:1,(anonymous_5)
FNDA:0,(anonymous_6)
FNDA:17,(anonymous_7)
FNDA:0,(anonymous_8)
FNDA:0,(anonymous_9)
FNDA:1,(anonymous_10)
FNDA:3,(anonymous_11)
FNDA:0,(anonymous_12)
FNDA:1,(anonymous_13)
FNDA:16,ItemList
FNDA:0,(anonymous_15)
FNDA:0,(anonymous_16)
DA:56,1
DA:62,1
DA:76,17
DA:77,17
DA:78,17
DA:81,17
DA:85,11
DA:91,11
DA:92,0
DA:95,11
DA:104,11
DA:105,11
DA:117,17
DA:120,2
DA:128,2
DA:129,2
DA:140,17
DA:143,1
DA:151,1
DA:152,1
DA:163,17
DA:164,17
DA:166,14
DA:168,2
DA:170,1
DA:172,0
DA:176,17
DA:177,0
DA:181,17
DA:182,0
DA:183,0
DA:184,0
DA:185,0
DA:186,0
DA:188,0
DA:190,0
DA:194,17
DA:195,1
DA:196,1
DA:197,1
DA:198,1
DA:199,1
DA:201,0
DA:203,1
DA:207,17
DA:209,17
DA:239,3
DA:261,0
DA:294,1
DA:311,16
DA:312,16
DA:319,0
DA:322,0
DA:329,0
LF:54
LH:39
BRDA:81,0,0,17
BRDA:91,1,0,0
BRDA:91,1,1,11
BRDA:91,2,0,11
BRDA:91,2,1,11
BRDA:104,3,0,0
BRDA:104,3,1,11
BRDA:105,4,0,11
BRDA:105,4,1,11
BRDA:108,5,0,0
BRDA:108,5,1,0
BRDA:109,6,0,0
BRDA:109,6,1,0
BRDA:110,7,0,0
BRDA:110,7,1,0
BRDA:113,8,0,17
BRDA:113,8,1,16
BRDA:117,9,0,17
BRDA:128,10,0,0
BRDA:128,10,1,2
BRDA:129,11,0,2
BRDA:129,11,1,2
BRDA:132,12,0,0
BRDA:132,12,1,0
BRDA:133,13,0,0
BRDA:133,13,1,0
BRDA:136,14,0,17
BRDA:136,14,1,16
BRDA:140,15,0,17
BRDA:151,16,0,0
BRDA:151,16,1,1
BRDA:152,17,0,1
BRDA:152,17,1,1
BRDA:155,18,0,0
BRDA:155,18,1,0
BRDA:157,19,0,0
BRDA:157,19,1,0
BRDA:160,20,0,17
BRDA:160,20,1,16
BRDA:164,21,0,14
BRDA:164,21,1,2
BRDA:164,21,2,1
BRDA:164,21,3,0
BRDA:177,22,0,0
BRDA:177,22,1,0
BRDA:207,23,0,17
BRDA:207,23,1,4
BRDA:219,24,0,17
BRDA:219,24,1,4
BRDA:311,25,0,16
BRDA:311,25,1,0
BRDA:325,26,0,0
BRDA:325,26,1,0
BRDA:329,27,0,0
BRDA:329,27,1,0
BRDA:333,28,0,0
BRDA:333,28,1,0
BRDA:342,29,0,0
BRDA:342,29,1,0
BRDA:347,30,0,0
BRDA:347,30,1,0
BRF:61
BRH:29
end_of_record
TN:
SF:src\features\documents\components\MarkupFilterPanel.tsx
FN:69,(anonymous_0)
FN:70,(anonymous_1)
FN:71,(anonymous_2)
FN:72,(anonymous_3)
FN:75,MarkupFilterPanel
FN:91,(anonymous_5)
FN:98,(anonymous_6)
FN:100,(anonymous_7)
FN:108,(anonymous_8)
FN:116,(anonymous_9)
FN:118,(anonymous_10)
FN:126,(anonymous_11)
FN:188,(anonymous_12)
FN:193,(anonymous_13)
FN:217,(anonymous_14)
FN:229,(anonymous_15)
FN:245,(anonymous_16)
FN:249,(anonymous_17)
FNF:18
FNH:9
FNDA:0,(anonymous_0)
FNDA:0,(anonymous_1)
FNDA:0,(anonymous_2)
FNDA:0,(anonymous_3)
FNDA:62,MarkupFilterPanel
FNDA:1,(anonymous_5)
FNDA:1,(anonymous_6)
FNDA:6,(anonymous_7)
FNDA:0,(anonymous_8)
FNDA:0,(anonymous_9)
FNDA:0,(anonymous_10)
FNDA:1,(anonymous_11)
FNDA:372,(anonymous_12)
FNDA:1,(anonymous_13)
FNDA:248,(anonymous_14)
FNDA:0,(anonymous_15)
FNDA:42,(anonymous_16)
FNDA:0,(anonymous_17)
DA:50,3
DA:59,3
DA:68,3
DA:69,0
DA:70,0
DA:71,0
DA:72,0
DA:82,62
DA:84,62
DA:91,62
DA:92,1
DA:98,62
DA:99,1
DA:100,6
DA:102,1
DA:108,62
DA:109,0
DA:110,0
DA:116,62
DA:117,0
DA:118,0
DA:120,0
DA:126,62
DA:127,1
DA:136,62
DA:138,62
DA:189,372
DA:193,1
DA:218,248
DA:229,0
DA:246,42
DA:249,0
LF:32
LH:21
BRDA:80,0,0,62
BRDA:99,1,0,1
BRDA:99,1,1,0
BRDA:117,2,0,0
BRDA:117,2,1,0
BRDA:144,3,0,62
BRDA:144,3,1,3
BRDA:201,4,0,372
BRDA:201,4,1,372
BRDA:221,5,0,62
BRDA:221,5,1,186
BRDA:221,6,0,248
BRDA:221,6,1,62
BRDA:221,6,2,186
BRDA:221,6,3,0
BRDA:238,7,0,62
BRDA:238,7,1,22
BRDA:253,8,0,42
BRDA:253,8,1,20
BRDA:258,9,0,1
BRDA:258,9,1,41
BRF:21
BRH:17
end_of_record
TN:
SF:src\features\documents\hooks\useDocuments.ts
FN:17,useDocuments
FN:20,(anonymous_1)
FN:50,useDocument
FN:53,(anonymous_3)
FN:73,useDocumentVersions
FN:76,(anonymous_5)
FN:104,useFolders
FN:107,(anonymous_7)
FN:137,useFolder
FN:140,(anonymous_9)
FN:163,useCreateDocument
FN:168,(anonymous_11)
FN:183,(anonymous_12)
FN:194,useUpdateDocument
FN:198,(anonymous_14)
FN:209,(anonymous_15)
FN:222,useDeleteDocument
FN:226,(anonymous_17)
FN:234,(anonymous_18)
FN:247,useCreateFolder
FN:252,(anonymous_20)
FN:267,(anonymous_21)
FN:278,useUpdateFolder
FN:282,(anonymous_23)
FN:293,(anonymous_24)
FN:305,useDeleteFolder
FN:309,(anonymous_26)
FN:317,(anonymous_27)
FN:330,useDocumentVersionHistory
FN:333,(anonymous_29)
FN:344,useLatestDocumentVersion
FN:347,(anonymous_31)
FN:358,useCreateDocumentVersion
FN:362,(anonymous_33)
FN:373,(anonymous_34)
FN:385,useRevertDocumentVersion
FN:389,(anonymous_36)
FN:392,(anonymous_37)
FN:403,useCompareDocumentVersions
FN:409,(anonymous_39)
FNF:40
FNH:28
FNDA:7,useDocuments
FNDA:3,(anonymous_1)
FNDA:3,useDocument
FNDA:1,(anonymous_3)
FNDA:3,useDocumentVersions
FNDA:1,(anonymous_5)
FNDA:6,useFolders
FNDA:3,(anonymous_7)
FNDA:3,useFolder
FNDA:1,(anonymous_9)
FNDA:2,useCreateDocument
FNDA:2,(anonymous_11)
FNDA:1,(anonymous_12)
FNDA:1,useUpdateDocument
FNDA:1,(anonymous_14)
FNDA:1,(anonymous_15)
FNDA:1,useDeleteDocument
FNDA:1,(anonymous_17)
FNDA:1,(anonymous_18)
FNDA:2,useCreateFolder
FNDA:2,(anonymous_20)
FNDA:1,(anonymous_21)
FNDA:1,useUpdateFolder
FNDA:1,(anonymous_23)
FNDA:1,(anonymous_24)
FNDA:1,useDeleteFolder
FNDA:1,(anonymous_26)
FNDA:1,(anonymous_27)
FNDA:0,useDocumentVersionHistory
FNDA:0,(anonymous_29)
FNDA:0,useLatestDocumentVersion
FNDA:0,(anonymous_31)
FNDA:0,useCreateDocumentVersion
FNDA:0,(anonymous_33)
FNDA:0,(anonymous_34)
FNDA:0,useRevertDocumentVersion
FNDA:0,(anonymous_36)
FNDA:0,(anonymous_37)
FNDA:0,useCompareDocumentVersions
FNDA:0,(anonymous_39)
DA:18,7
DA:21,3
DA:23,3
DA:30,3
DA:31,2
DA:32,1
DA:34,1
DA:38,3
DA:40,3
DA:41,3
DA:51,3
DA:54,1
DA:56,1
DA:62,1
DA:63,1
DA:74,3
DA:77,1
DA:81,1
DA:88,1
DA:89,1
DA:105,6
DA:108,3
DA:110,3
DA:117,3
DA:118,2
DA:119,1
DA:121,1
DA:125,3
DA:127,3
DA:128,3
DA:138,3
DA:141,1
DA:143,1
DA:149,1
DA:150,1
DA:164,2
DA:165,2
DA:167,2
DA:169,2
DA:171,1
DA:180,1
DA:181,1
DA:184,1
DA:185,1
DA:186,1
DA:195,1
DA:197,1
DA:199,1
DA:206,1
DA:207,1
DA:210,1
DA:211,1
DA:212,1
DA:213,1
DA:214,1
DA:223,1
DA:225,1
DA:227,1
DA:232,1
DA:235,1
DA:248,2
DA:249,2
DA:251,2
DA:253,2
DA:255,1
DA:264,1
DA:265,1
DA:268,1
DA:269,1
DA:270,1
DA:279,1
DA:281,1
DA:283,1
DA:290,1
DA:291,1
DA:294,1
DA:295,1
DA:296,1
DA:297,1
DA:306,1
DA:308,1
DA:310,1
DA:315,1
DA:318,1
DA:331,0
DA:334,0
DA:335,0
DA:345,0
DA:348,0
DA:349,0
DA:359,0
DA:361,0
DA:371,0
DA:375,0
DA:376,0
DA:377,0
DA:386,0
DA:388,0
DA:390,0
DA:394,0
DA:395,0
DA:407,0
DA:410,0
DA:411,0
DA:413,0
LF:105
LH:84
BRDA:21,0,0,0
BRDA:21,0,1,3
BRDA:30,1,0,2
BRDA:30,1,1,1
BRDA:31,2,0,1
BRDA:31,2,1,1
BRDA:40,3,0,0
BRDA:40,3,1,3
BRDA:54,4,0,0
BRDA:54,4,1,1
BRDA:62,5,0,0
BRDA:62,5,1,1
BRDA:77,6,0,0
BRDA:77,6,1,1
BRDA:88,7,0,0
BRDA:88,7,1,1
BRDA:108,8,0,0
BRDA:108,8,1,3
BRDA:117,9,0,2
BRDA:117,9,1,1
BRDA:118,10,0,1
BRDA:118,10,1,1
BRDA:127,11,0,0
BRDA:127,11,1,3
BRDA:141,12,0,0
BRDA:141,12,1,1
BRDA:149,13,0,0
BRDA:149,13,1,1
BRDA:169,14,0,1
BRDA:169,14,1,1
BRDA:180,15,0,0
BRDA:180,15,1,1
BRDA:206,16,0,0
BRDA:206,16,1,1
BRDA:232,17,0,0
BRDA:232,17,1,1
BRDA:253,18,0,1
BRDA:253,18,1,1
BRDA:264,19,0,0
BRDA:264,19,1,1
BRDA:290,20,0,0
BRDA:290,20,1,1
BRDA:315,21,0,0
BRDA:315,21,1,1
BRDA:334,22,0,0
BRDA:334,22,1,0
BRDA:348,23,0,0
BRDA:348,23,1,0
BRDA:410,24,0,0
BRDA:410,24,1,0
BRDA:410,25,0,0
BRDA:410,25,1,0
BRDA:415,26,0,0
BRDA:415,26,1,0
BRF:54
BRH:28
end_of_record
TN:
SF:src\features\documents\hooks\useMarkups.ts
FN:13,useDocumentMarkups
FN:19,(anonymous_1)
FN:30,useMarkup
FN:33,(anonymous_3)
FN:44,useCreateMarkup
FN:49,(anonymous_5)
FN:59,(anonymous_6)
FN:77,useUpdateMarkup
FN:81,(anonymous_8)
FN:87,(anonymous_9)
FN:103,useDeleteMarkup
FN:107,(anonymous_11)
FN:111,(anonymous_12)
FN:125,useBatchCreateMarkups
FN:130,(anonymous_14)
FN:135,(anonymous_15)
FN:142,(anonymous_16)
FN:158,useBatchDeleteMarkups
FN:162,(anonymous_18)
FN:166,(anonymous_19)
FNF:20
FNH:20
FNDA:52,useDocumentMarkups
FNDA:18,(anonymous_1)
FNDA:3,useMarkup
FNDA:1,(anonymous_3)
FNDA:49,useCreateMarkup
FNDA:1,(anonymous_5)
FNDA:1,(anonymous_6)
FNDA:49,useUpdateMarkup
FNDA:1,(anonymous_8)
FNDA:1,(anonymous_9)
FNDA:49,useDeleteMarkup
FNDA:1,(anonymous_11)
FNDA:1,(anonymous_12)
FNDA:2,useBatchCreateMarkups
FNDA:1,(anonymous_14)
FNDA:2,(anonymous_15)
FNDA:1,(anonymous_16)
FNDA:2,useBatchDeleteMarkups
FNDA:1,(anonymous_18)
FNDA:1,(anonymous_19)
DA:17,52
DA:20,18
DA:21,18
DA:31,3
DA:34,1
DA:35,1
DA:45,49
DA:46,49
DA:48,49
DA:52,1
DA:54,1
DA:61,1
DA:66,1
DA:78,49
DA:80,49
DA:85,1
DA:89,1
DA:93,1
DA:104,49
DA:106,49
DA:108,1
DA:109,1
DA:113,1
DA:126,2
DA:127,2
DA:129,2
DA:133,1
DA:135,2
DA:140,1
DA:143,1
DA:145,1
DA:159,2
DA:161,2
DA:163,1
DA:164,1
DA:168,1
LF:36
LH:36
BRDA:20,0,0,0
BRDA:20,0,1,18
BRDA:34,1,0,0
BRDA:34,1,1,1
BRDA:52,2,0,0
BRDA:52,2,1,1
BRDA:133,3,0,0
BRDA:133,3,1,1
BRDA:143,4,0,1
BRDA:143,4,1,0
BRF:10
BRH:5
end_of_record
TN:
SF:src\features\gantt\utils\criticalPath.ts
FN:36,buildDependencyGraph
FN:47,(anonymous_1)
FN:53,(anonymous_2)
FN:77,calculateConstraintDate
FN:120,topologicalSort
FN:129,(anonymous_5)
FN:143,(anonymous_6)
FN:145,(anonymous_7)
FN:159,(anonymous_8)
FN:159,(anonymous_9)
FN:169,calculateCriticalPath
FN:184,(anonymous_11)
FN:191,(anonymous_12)
FN:207,(anonymous_13)
FN:221,(anonymous_14)
FN:248,(anonymous_15)
FN:256,(anonymous_16)
FN:270,(anonymous_17)
FN:314,(anonymous_18)
FN:320,(anonymous_19)
FN:331,(anonymous_20)
FN:350,getCriticalTasks
FN:356,(anonymous_22)
FN:362,isTaskCritical
FN:374,getTaskFloat
FNF:25
FNH:23
FNDA:14,buildDependencyGraph
FNDA:27,(anonymous_1)
FNDA:12,(anonymous_2)
FNDA:12,calculateConstraintDate
FNDA:14,topologicalSort
FNDA:27,(anonymous_5)
FNDA:61,(anonymous_6)
FNDA:29,(anonymous_7)
FNDA:0,(anonymous_8)
FNDA:0,(anonymous_9)
FNDA:16,calculateCriticalPath
FNDA:27,(anonymous_11)
FNDA:27,(anonymous_12)
FNDA:27,(anonymous_13)
FNDA:12,(anonymous_14)
FNDA:27,(anonymous_15)
FNDA:27,(anonymous_16)
FNDA:12,(anonymous_17)
FNDA:27,(anonymous_18)
FNDA:12,(anonymous_19)
FNDA:27,(anonymous_20)
FNDA:2,getCriticalTasks
FNDA:2,(anonymous_22)
FNDA:2,isTaskCritical
FNDA:3,getTaskFloat
DA:43,14
DA:44,14
DA:47,14
DA:48,27
DA:49,27
DA:53,14
DA:54,12
DA:55,12
DA:60,12
DA:62,12
DA:63,12
DA:68,12
DA:71,14
DA:84,12
DA:87,9
DA:93,1
DA:99,1
DA:105,1
DA:110,0
DA:124,14
DA:125,14
DA:126,14
DA:129,14
DA:130,27
DA:131,27
DA:132,27
DA:133,18
DA:138,14
DA:139,27
DA:140,27
DA:143,27
DA:144,61
DA:145,61
DA:146,12
DA:147,12
DA:148,12
DA:149,9
DA:156,14
DA:157,0
DA:159,0
DA:160,0
DA:163,14
DA:173,16
DA:174,2
DA:183,14
DA:184,27
DA:185,14
DA:188,14
DA:191,14
DA:192,27
DA:193,27
DA:194,27
DA:207,14
DA:208,27
DA:209,27
DA:210,27
DA:211,27
DA:213,27
DA:215,18
DA:216,18
DA:219,9
DA:221,9
DA:222,12
DA:223,12
DA:224,12
DA:231,12
DA:232,9
DA:237,9
DA:238,9
DA:241,27
DA:245,14
DA:246,14
DA:248,14
DA:249,27
DA:250,27
DA:254,14
DA:256,14
DA:257,27
DA:258,27
DA:259,27
DA:260,27
DA:262,27
DA:264,15
DA:265,15
DA:268,12
DA:270,12
DA:271,12
DA:272,12
DA:273,12
DA:277,12
DA:279,9
DA:280,9
DA:282,1
DA:283,1
DA:285,1
DA:286,1
DA:288,1
DA:289,1
DA:291,0
DA:294,12
DA:295,12
DA:300,12
DA:301,12
DA:305,27
DA:308,27
DA:310,27
DA:314,14
DA:315,27
DA:316,27
DA:317,15
DA:319,12
DA:320,12
DA:321,12
DA:322,12
DA:323,12
DA:326,12
DA:331,14
DA:332,27
DA:333,27
DA:336,14
DA:338,14
DA:354,2
DA:355,2
DA:356,2
DA:367,2
DA:368,2
DA:379,3
DA:380,3
DA:381,3
DA:382,2
LF:130
LH:125
BRDA:54,0,0,12
BRDA:54,0,1,0
BRDA:62,1,0,12
BRDA:62,1,1,0
BRDA:84,2,0,9
BRDA:84,2,1,1
BRDA:84,2,2,1
BRDA:84,2,3,1
BRDA:84,2,4,0
BRDA:130,3,0,27
BRDA:130,3,1,0
BRDA:132,4,0,18
BRDA:132,4,1,9
BRDA:144,5,0,61
BRDA:144,5,1,0
BRDA:145,6,0,12
BRDA:145,6,1,49
BRDA:146,7,0,12
BRDA:146,7,1,0
BRDA:148,8,0,9
BRDA:148,8,1,3
BRDA:156,9,0,0
BRDA:156,9,1,14
BRDA:173,10,0,2
BRDA:173,10,1,14
BRDA:210,11,0,27
BRDA:210,11,1,0
BRDA:213,12,0,18
BRDA:213,12,1,9
BRDA:223,13,0,12
BRDA:223,13,1,0
BRDA:231,14,0,9
BRDA:231,14,1,3
BRDA:249,15,0,20
BRDA:249,15,1,7
BRDA:250,16,0,15
BRDA:250,16,1,12
BRDA:259,17,0,27
BRDA:259,17,1,0
BRDA:262,18,0,15
BRDA:262,18,1,12
BRDA:273,19,0,12
BRDA:273,19,1,0
BRDA:273,20,0,12
BRDA:273,20,1,12
BRDA:277,21,0,9
BRDA:277,21,1,1
BRDA:277,21,2,1
BRDA:277,21,3,1
BRDA:277,21,4,0
BRDA:294,22,0,12
BRDA:294,22,1,0
BRDA:315,23,0,27
BRDA:315,23,1,0
BRDA:316,24,0,15
BRDA:316,24,1,12
BRDA:322,25,0,12
BRDA:322,25,1,0
BRDA:322,26,0,12
BRDA:322,26,1,12
BRDA:333,27,0,27
BRDA:333,27,1,27
BRDA:381,28,0,1
BRDA:381,28,1,2
BRF:64
BRH:49
end_of_record
TN:
SF:src\features\gantt\utils\dateUtils.ts
FN:30,getUnitsBetweenDates
FN:52,getColumnWidth
FN:70,getDatePosition
FN:95,getTaskBarWidth
FN:120,generateTimelineColumns
FN:132,(anonymous_5)
FN:147,(anonymous_6)
FN:163,(anonymous_7)
FN:178,(anonymous_8)
FN:179,(anonymous_9)
FN:200,calculateOptimalDateRange
FN:227,getOptimalZoomLevel
FN:239,formatDateForZoom
FN:258,snapDateToUnit
FN:278,calculateTimelineWidth
FN:291,getVisibleDateRange
FN:334,isTaskVisible
FN:350,getWorkingDays
FN:352,(anonymous_18)
FN:358,addWorkingDays
FNF:20
FNH:18
FNDA:5,getUnitsBetweenDates
FNDA:13,getColumnWidth
FNDA:3,getDatePosition
FNDA:3,getTaskBarWidth
FNDA:4,generateTimelineColumns
FNDA:14,(anonymous_5)
FNDA:4,(anonymous_6)
FNDA:6,(anonymous_7)
FNDA:0,(anonymous_8)
FNDA:0,(anonymous_9)
FNDA:2,calculateOptimalDateRange
FNDA:4,getOptimalZoomLevel
FNDA:3,formatDateForZoom
FNDA:4,snapDateToUnit
FNDA:1,calculateTimelineWidth
FNDA:3,getVisibleDateRange
FNDA:3,isTaskVisible
FNDA:2,getWorkingDays
FNDA:9,(anonymous_18)
FNDA:2,addWorkingDays
DA:35,5
DA:37,2
DA:39,1
DA:41,1
DA:43,1
DA:45,0
DA:53,13
DA:55,7
DA:57,2
DA:59,2
DA:61,1
DA:63,1
DA:76,3
DA:78,3
DA:80,2
DA:82,1
DA:84,0
DA:86,0
DA:88,0
DA:101,3
DA:103,3
DA:105,2
DA:107,1
DA:109,0
DA:111,0
DA:113,0
DA:125,4
DA:126,4
DA:127,4
DA:129,4
DA:131,2
DA:132,2
DA:133,14
DA:142,2
DA:146,1
DA:147,1
DA:148,4
DA:149,4
DA:158,1
DA:162,1
DA:163,1
DA:164,6
DA:173,1
DA:177,0
DA:178,0
DA:179,0
DA:180,0
DA:181,0
DA:190,0
DA:194,4
DA:205,2
DA:207,2
DA:209,1
DA:215,1
DA:216,1
DA:218,1
DA:228,4
DA:230,4
DA:231,3
DA:232,2
DA:233,1
DA:240,3
DA:242,1
DA:244,0
DA:246,1
DA:248,1
DA:249,1
DA:251,0
DA:259,4
DA:261,1
DA:263,1
DA:265,1
DA:267,1
DA:268,1
DA:269,1
DA:271,0
DA:283,1
DA:284,1
DA:285,1
DA:297,3
DA:303,3
DA:305,3
DA:306,3
DA:307,3
DA:309,0
DA:310,0
DA:311,0
DA:313,0
DA:314,0
DA:315,0
DA:317,0
DA:318,0
DA:319,0
DA:321,0
DA:322,0
DA:325,3
DA:340,3
DA:351,2
DA:352,9
DA:359,2
DA:360,2
DA:362,2
DA:363,10
DA:364,10
DA:365,6
DA:369,2
LF:106
LH:79
BRDA:35,0,0,2
BRDA:35,0,1,1
BRDA:35,0,2,1
BRDA:35,0,3,1
BRDA:35,0,4,0
BRDA:53,1,0,7
BRDA:53,1,1,2
BRDA:53,1,2,2
BRDA:53,1,3,1
BRDA:53,1,4,1
BRDA:78,2,0,2
BRDA:78,2,1,1
BRDA:78,2,2,0
BRDA:78,2,3,0
BRDA:78,2,4,0
BRDA:103,3,0,2
BRDA:103,3,1,1
BRDA:103,3,2,0
BRDA:103,3,3,0
BRDA:103,3,4,0
BRDA:129,4,0,2
BRDA:129,4,1,1
BRDA:129,4,2,1
BRDA:129,4,3,0
BRDA:203,5,0,2
BRDA:207,6,0,1
BRDA:207,6,1,1
BRDA:207,7,0,2
BRDA:207,7,1,1
BRDA:230,8,0,1
BRDA:230,8,1,3
BRDA:231,9,0,1
BRDA:231,9,1,2
BRDA:232,10,0,1
BRDA:232,10,1,1
BRDA:240,11,0,1
BRDA:240,11,1,0
BRDA:240,11,2,1
BRDA:240,11,3,1
BRDA:240,11,4,0
BRDA:259,12,0,1
BRDA:259,12,1,1
BRDA:259,12,2,1
BRDA:259,12,3,1
BRDA:259,12,4,0
BRDA:303,13,0,3
BRDA:303,13,1,0
BRDA:303,13,2,0
BRDA:303,13,3,0
BRDA:303,13,4,0
BRDA:340,14,0,3
BRDA:340,14,1,2
BRDA:340,14,2,2
BRDA:340,14,3,1
BRDA:364,15,0,6
BRDA:364,15,1,4
BRF:56
BRH:41
end_of_record
TN:
SF:src\features\gantt\utils\msProjectImport.ts
FN:43,convertDependencyType
FN:61,parseMSProjectDuration
FN:82,parseMSProjectDate
FN:101,parseXMLString
FN:117,getElementText
FN:125,getElementBool
FN:133,getElementNumber
FN:141,parseMSProjectXML
FN:163,(anonymous_8)
FN:191,(anonymous_9)
FN:211,(anonymous_10)
FN:247,(anonymous_11)
FN:278,validateImportedSchedule
FN:288,(anonymous_13)
FN:293,(anonymous_14)
FN:300,(anonymous_15)
FN:322,importFromFile
FN:323,(anonymous_17)
FN:326,(anonymous_18)
FN:342,(anonymous_19)
FN:353,generateSampleXML
FNF:21
FNH:21
FNDA:20,convertDependencyType
FNDA:32,parseMSProjectDuration
FNDA:64,parseMSProjectDate
FNDA:15,parseXMLString
FNDA:483,getElementText
FNDA:66,getElementBool
FNDA:86,getElementNumber
FNDA:15,parseMSProjectXML
FNDA:42,(anonymous_8)
FNDA:20,(anonymous_9)
FNDA:33,(anonymous_10)
FNDA:20,(anonymous_11)
FNDA:6,validateImportedSchedule
FNDA:11,(anonymous_13)
FNDA:10,(anonymous_14)
FNDA:11,(anonymous_15)
FNDA:3,importFromFile
FNDA:3,(anonymous_17)
FNDA:2,(anonymous_18)
FNDA:1,(anonymous_19)
FNDA:13,generateSampleXML
DA:44,20
DA:46,0
DA:48,19
DA:50,0
DA:52,1
DA:54,0
DA:62,32
DA:65,27
DA:66,27
DA:67,27
DA:70,0
DA:71,0
DA:72,0
DA:73,0
DA:76,0
DA:83,64
DA:86,64
DA:87,64
DA:90,0
DA:91,0
DA:92,0
DA:94,0
DA:102,15
DA:103,15
DA:106,15
DA:107,15
DA:108,1
DA:111,14
DA:118,483
DA:119,483
DA:126,66
DA:127,66
DA:134,86
DA:135,86
DA:142,15
DA:143,15
DA:144,15
DA:145,15
DA:147,15
DA:148,15
DA:151,15
DA:153,15
DA:154,1
DA:155,1
DA:159,13
DA:160,13
DA:163,13
DA:164,42
DA:165,42
DA:166,42
DA:169,42
DA:170,9
DA:173,33
DA:190,42
DA:191,42
DA:192,20
DA:193,20
DA:194,20
DA:195,20
DA:197,20
DA:198,20
DA:206,42
DA:207,42
DA:211,13
DA:213,33
DA:214,1
DA:215,1
DA:219,32
DA:220,0
DA:221,0
DA:224,32
DA:225,32
DA:226,32
DA:229,33
DA:240,33
DA:241,33
DA:244,33
DA:247,33
DA:248,20
DA:249,20
DA:250,20
DA:257,0
DA:264,13
DA:265,1
DA:268,13
DA:270,1
DA:271,1
DA:283,6
DA:284,6
DA:287,6
DA:288,6
DA:289,11
DA:290,11
DA:293,6
DA:294,10
DA:295,1
DA:300,6
DA:301,11
DA:302,11
DA:304,11
DA:305,2
DA:312,6
DA:323,3
DA:324,3
DA:326,3
DA:327,2
DA:328,2
DA:329,2
DA:330,2
DA:332,2
DA:338,0
DA:342,3
DA:343,1
DA:346,3
DA:354,13
LF:115
LH:99
BRDA:44,0,0,0
BRDA:44,0,1,19
BRDA:44,0,2,0
BRDA:44,0,3,1
BRDA:44,0,4,0
BRDA:62,1,0,5
BRDA:62,1,1,27
BRDA:66,2,0,27
BRDA:66,2,1,0
BRDA:71,3,0,0
BRDA:71,3,1,0
BRDA:91,4,0,0
BRDA:91,4,1,0
BRDA:107,5,0,1
BRDA:107,5,1,14
BRDA:119,6,0,483
BRDA:119,6,1,105
BRDA:127,7,0,66
BRDA:127,7,1,56
BRDA:135,8,0,47
BRDA:135,8,1,39
BRDA:153,9,0,1
BRDA:153,9,1,14
BRDA:169,10,0,9
BRDA:169,10,1,33
BRDA:169,11,0,42
BRDA:169,11,1,33
BRDA:174,12,0,33
BRDA:174,12,1,0
BRDA:175,13,0,42
BRDA:175,13,1,0
BRDA:178,14,0,42
BRDA:178,14,1,0
BRDA:179,15,0,42
BRDA:179,15,1,0
BRDA:195,16,0,0
BRDA:195,16,1,20
BRDA:197,17,0,20
BRDA:197,17,1,0
BRDA:213,18,0,1
BRDA:213,18,1,32
BRDA:219,19,0,0
BRDA:219,19,1,32
BRDA:219,20,0,32
BRDA:219,20,1,32
BRDA:226,21,0,32
BRDA:226,21,1,9
BRDA:249,22,0,20
BRDA:249,22,1,0
BRDA:254,23,0,20
BRDA:254,23,1,20
BRDA:264,24,0,1
BRDA:264,24,1,12
BRDA:270,25,0,1
BRDA:270,25,1,0
BRDA:289,26,0,11
BRDA:289,26,1,10
BRDA:294,27,0,1
BRDA:294,27,1,9
BRDA:304,28,0,2
BRDA:304,28,1,9
BRDA:304,29,0,11
BRDA:304,29,1,2
BRF:63
BRH:46
end_of_record
TN:
SF:src\features\projects\hooks\useProjects.ts
FN:10,useProjects
FN:15,(anonymous_1)
FN:34,useProject
FN:37,(anonymous_3)
FN:54,useCreateProject
FN:59,(anonymous_5)
FN:92,(anonymous_6)
FN:99,useUpdateProject
FN:103,(anonymous_8)
FN:114,(anonymous_9)
FN:122,useDeleteProject
FN:126,(anonymous_11)
FN:134,(anonymous_12)
FN:141,useMyProjects
FN:146,(anonymous_14)
FN:160,(anonymous_15)
FNF:16
FNH:13
FNDA:4,useProjects
FNDA:2,(anonymous_1)
FNDA:3,useProject
FNDA:1,(anonymous_3)
FNDA:1,useCreateProject
FNDA:1,(anonymous_5)
FNDA:1,(anonymous_6)
FNDA:1,useUpdateProject
FNDA:1,(anonymous_8)
FNDA:1,(anonymous_9)
FNDA:2,useDeleteProject
FNDA:2,(anonymous_11)
FNDA:1,(anonymous_12)
FNDA:0,useMyProjects
FNDA:0,(anonymous_14)
FNDA:0,(anonymous_15)
DA:11,4
DA:13,4
DA:16,2
DA:17,0
DA:20,2
DA:26,2
DA:27,1
DA:35,3
DA:38,1
DA:40,1
DA:46,1
DA:47,1
DA:55,1
DA:56,1
DA:58,1
DA:60,1
DA:61,0
DA:64,1
DA:73,1
DA:76,1
DA:77,1
DA:78,1
DA:85,0
DA:90,1
DA:93,1
DA:100,1
DA:102,1
DA:104,1
DA:111,1
DA:112,1
DA:115,1
DA:116,1
DA:123,2
DA:125,2
DA:127,2
DA:132,2
DA:135,1
DA:142,0
DA:144,0
DA:147,0
DA:150,0
DA:157,0
DA:160,0
LF:43
LH:34
BRDA:16,0,0,0
BRDA:16,0,1,2
BRDA:26,1,0,1
BRDA:26,1,1,1
BRDA:38,2,0,0
BRDA:38,2,1,1
BRDA:46,3,0,0
BRDA:46,3,1,1
BRDA:60,4,0,0
BRDA:60,4,1,1
BRDA:73,5,0,0
BRDA:73,5,1,1
BRDA:76,6,0,1
BRDA:76,6,1,0
BRDA:111,7,0,0
BRDA:111,7,1,1
BRDA:132,8,0,1
BRDA:132,8,1,1
BRDA:147,9,0,0
BRDA:147,9,1,0
BRDA:157,10,0,0
BRDA:157,10,1,0
BRF:22
BRH:11
end_of_record
TN:
SF:src\features\punch-lists\hooks\usePunchItems.ts
FN:8,usePunchItems
FN:11,(anonymous_1)
FN:21,usePunchItem
FN:24,(anonymous_3)
FN:34,useCreatePunchItem
FN:39,(anonymous_5)
FN:44,(anonymous_6)
FN:52,useUpdatePunchItem
FN:56,(anonymous_8)
FN:59,(anonymous_9)
FN:68,useDeletePunchItem
FN:72,(anonymous_11)
FN:75,(anonymous_12)
FN:82,useUpdatePunchItemStatus
FN:87,(anonymous_14)
FN:96,(anonymous_15)
FNF:16
FNH:16
FNDA:7,usePunchItems
FNDA:3,(anonymous_1)
FNDA:5,usePunchItem
FNDA:2,(anonymous_3)
FNDA:3,useCreatePunchItem
FNDA:3,(anonymous_5)
FNDA:2,(anonymous_6)
FNDA:2,useUpdatePunchItem
FNDA:2,(anonymous_8)
FNDA:1,(anonymous_9)
FNDA:2,useDeletePunchItem
FNDA:2,(anonymous_11)
FNDA:2,(anonymous_12)
FNDA:4,useUpdatePunchItemStatus
FNDA:4,(anonymous_14)
FNDA:4,(anonymous_15)
DA:9,7
DA:12,3
DA:14,3
DA:22,5
DA:25,2
DA:27,2
DA:35,3
DA:36,3
DA:38,3
DA:40,3
DA:42,2
DA:45,2
DA:46,2
DA:53,2
DA:55,2
DA:57,2
DA:60,1
DA:61,1
DA:62,1
DA:69,2
DA:71,2
DA:73,2
DA:76,2
DA:83,4
DA:84,4
DA:86,4
DA:94,4
DA:97,4
DA:98,4
DA:99,4
LF:30
LH:30
BRDA:12,0,0,0
BRDA:12,0,1,3
BRDA:25,1,0,0
BRDA:25,1,1,2
BRDA:40,2,0,1
BRDA:40,2,1,2
BRF:6
BRH:4
end_of_record
TN:
SF:src\features\rfis\hooks\useRFIs.ts
FN:60,useRFIWorkflowType
FN:65,(anonymous_1)
FN:92,useRFIs
FN:95,(anonymous_3)
FN:123,useRFI
FN:130,(anonymous_5)
FN:154,useRFIsByStatus
FN:164,(anonymous_7)
FN:190,useMyRFIs
FN:199,(anonymous_9)
FN:230,useRFIComments
FN:237,(anonymous_11)
FN:260,useRFIHistory
FN:267,(anonymous_13)
FN:303,useCreateRFI
FN:308,(anonymous_15)
FN:361,(anonymous_16)
FN:385,useUpdateRFI
FN:389,(anonymous_18)
FN:429,(anonymous_19)
FN:449,useChangeRFIStatus
FN:453,(anonymous_21)
FN:499,(anonymous_22)
FN:522,useAddRFIComment
FN:527,(anonymous_24)
FN:554,(anonymous_25)
FN:570,useDeleteRFI
FN:574,(anonymous_27)
FN:586,(anonymous_28)
FNF:29
FNH:29
FNDA:3,useRFIWorkflowType
FNDA:1,(anonymous_1)
FNDA:5,useRFIs
FNDA:2,(anonymous_3)
FNDA:6,useRFI
FNDA:1,(anonymous_5)
FNDA:6,useRFIsByStatus
FNDA:1,(anonymous_7)
FNDA:8,useMyRFIs
FNDA:2,(anonymous_9)
FNDA:6,useRFIComments
FNDA:1,(anonymous_11)
FNDA:6,useRFIHistory
FNDA:1,(anonymous_13)
FNDA:3,useCreateRFI
FNDA:3,(anonymous_15)
FNDA:1,(anonymous_16)
FNDA:2,useUpdateRFI
FNDA:2,(anonymous_18)
FNDA:1,(anonymous_19)
FNDA:3,useChangeRFIStatus
FNDA:3,(anonymous_21)
FNDA:2,(anonymous_22)
FNDA:2,useAddRFIComment
FNDA:2,(anonymous_24)
FNDA:1,(anonymous_25)
FNDA:2,useDeleteRFI
FNDA:2,(anonymous_27)
FNDA:1,(anonymous_28)
DA:61,3
DA:63,3
DA:66,1
DA:68,1
DA:75,1
DA:76,1
DA:93,5
DA:96,2
DA:97,0
DA:100,2
DA:108,2
DA:109,2
DA:124,6
DA:125,4
DA:128,2
DA:131,1
DA:138,1
DA:139,1
DA:158,6
DA:159,4
DA:162,2
DA:165,1
DA:174,1
DA:175,1
DA:191,8
DA:193,8
DA:194,4
DA:197,4
DA:200,2
DA:206,2
DA:207,1
DA:210,2
DA:211,2
DA:213,2
DA:215,2
DA:216,2
DA:231,6
DA:232,4
DA:235,2
DA:238,1
DA:245,1
DA:246,1
DA:261,6
DA:262,4
DA:265,2
DA:268,1
DA:274,1
DA:275,1
DA:304,3
DA:305,3
DA:307,3
DA:309,3
DA:310,1
DA:313,2
DA:314,0
DA:317,2
DA:318,0
DA:321,2
DA:322,1
DA:326,1
DA:335,1
DA:338,3
DA:358,1
DA:359,1
DA:363,1
DA:364,1
DA:386,2
DA:388,2
DA:390,2
DA:391,1
DA:395,1
DA:397,1
DA:398,1
DA:400,1
DA:401,0
DA:403,1
DA:404,0
DA:406,1
DA:407,1
DA:409,1
DA:410,0
DA:412,1
DA:413,0
DA:415,1
DA:416,0
DA:419,1
DA:426,1
DA:427,1
DA:431,1
DA:432,1
DA:433,1
DA:450,3
DA:452,3
DA:454,3
DA:455,0
DA:458,3
DA:459,0
DA:463,3
DA:464,3
DA:465,1
DA:469,2
DA:474,2
DA:476,1
DA:482,1
DA:483,1
DA:485,1
DA:486,1
DA:489,2
DA:496,2
DA:497,2
DA:501,2
DA:502,2
DA:503,2
DA:504,2
DA:523,2
DA:524,2
DA:526,2
DA:528,2
DA:529,0
DA:532,2
DA:533,0
DA:536,2
DA:537,1
DA:540,1
DA:551,1
DA:552,1
DA:556,1
DA:557,1
DA:571,2
DA:573,2
DA:575,2
DA:576,1
DA:579,1
DA:584,1
DA:588,1
LF:135
LH:123
BRDA:66,0,0,0
BRDA:66,0,1,1
BRDA:75,1,0,0
BRDA:75,1,1,1
BRDA:96,2,0,0
BRDA:96,2,1,2
BRDA:96,3,0,2
BRDA:96,3,1,2
BRDA:108,4,0,0
BRDA:108,4,1,2
BRDA:111,5,0,5
BRDA:111,5,1,4
BRDA:124,6,0,4
BRDA:124,6,1,2
BRDA:138,7,0,0
BRDA:138,7,1,1
BRDA:158,8,0,4
BRDA:158,8,1,2
BRDA:174,9,0,0
BRDA:174,9,1,1
BRDA:177,10,0,2
BRDA:177,10,1,2
BRDA:193,11,0,4
BRDA:193,11,1,4
BRDA:206,12,0,1
BRDA:206,12,1,1
BRDA:215,13,0,0
BRDA:215,13,1,2
BRDA:231,14,0,4
BRDA:231,14,1,2
BRDA:245,15,0,0
BRDA:245,15,1,1
BRDA:261,16,0,4
BRDA:261,16,1,2
BRDA:274,17,0,0
BRDA:274,17,1,1
BRDA:309,18,0,1
BRDA:309,18,1,2
BRDA:313,19,0,0
BRDA:313,19,1,2
BRDA:317,20,0,0
BRDA:317,20,1,2
BRDA:321,21,0,1
BRDA:321,21,1,1
BRDA:335,22,0,1
BRDA:335,22,1,1
BRDA:345,23,0,3
BRDA:345,23,1,0
BRDA:346,24,0,3
BRDA:346,24,1,1
BRDA:347,25,0,3
BRDA:347,25,1,1
BRDA:348,26,0,3
BRDA:348,26,1,0
BRDA:349,27,0,3
BRDA:349,27,1,1
BRDA:350,28,0,3
BRDA:350,28,1,1
BRDA:358,29,0,0
BRDA:358,29,1,1
BRDA:390,30,0,1
BRDA:390,30,1,1
BRDA:397,31,0,1
BRDA:397,31,1,0
BRDA:398,32,0,1
BRDA:398,32,1,0
BRDA:400,33,0,0
BRDA:400,33,1,1
BRDA:401,34,0,0
BRDA:401,34,1,0
BRDA:403,35,0,0
BRDA:403,35,1,1
BRDA:404,36,0,0
BRDA:404,36,1,0
BRDA:406,37,0,1
BRDA:406,37,1,0
BRDA:409,38,0,0
BRDA:409,38,1,1
BRDA:410,39,0,0
BRDA:410,39,1,0
BRDA:412,40,0,0
BRDA:412,40,1,1
BRDA:415,41,0,0
BRDA:415,41,1,1
BRDA:416,42,0,0
BRDA:416,42,1,0
BRDA:426,43,0,0
BRDA:426,43,1,1
BRDA:454,44,0,0
BRDA:454,44,1,3
BRDA:458,45,0,0
BRDA:458,45,1,3
BRDA:464,46,0,1
BRDA:464,46,1,2
BRDA:474,47,0,1
BRDA:474,47,1,1
BRDA:482,48,0,1
BRDA:482,48,1,0
BRDA:482,49,0,1
BRDA:482,49,1,1
BRDA:485,50,0,1
BRDA:485,50,1,0
BRDA:496,51,0,0
BRDA:496,51,1,2
BRDA:527,52,0,2
BRDA:528,53,0,0
BRDA:528,53,1,2
BRDA:532,54,0,0
BRDA:532,54,1,2
BRDA:536,55,0,1
BRDA:536,55,1,1
BRDA:545,56,0,1
BRDA:545,56,1,0
BRDA:551,57,0,0
BRDA:551,57,1,1
BRDA:575,58,0,1
BRDA:575,58,1,1
BRDA:584,59,0,0
BRDA:584,59,1,1
BRF:119
BRH:78
end_of_record
TN:
SF:src\features\submittals\hooks\useSubmittals.ts
FN:13,useSubmittalWorkflowType
FN:18,(anonymous_1)
FN:30,useSubmittals
FN:33,(anonymous_3)
FN:54,useSubmittal
FN:57,(anonymous_5)
FN:76,useMySubmittals
FN:82,(anonymous_7)
FN:110,useSubmittalsByStatus
FN:117,(anonymous_9)
FN:143,useSubmittalComments
FN:146,(anonymous_11)
FN:166,useSubmittalProcurement
FN:169,(anonymous_13)
FNF:14
FNH:14
FNDA:9,useSubmittalWorkflowType
FNDA:3,(anonymous_1)
FNDA:5,useSubmittals
FNDA:2,(anonymous_3)
FNDA:5,useSubmittal
FNDA:2,(anonymous_5)
FNDA:6,useMySubmittals
FNDA:2,(anonymous_7)
FNDA:4,useSubmittalsByStatus
FNDA:2,(anonymous_9)
FNDA:3,useSubmittalComments
FNDA:1,(anonymous_11)
FNDA:5,useSubmittalProcurement
FNDA:2,(anonymous_13)
DA:14,9
DA:16,9
DA:19,3
DA:20,3
DA:31,5
DA:34,2
DA:36,2
DA:44,2
DA:45,2
DA:55,5
DA:58,2
DA:60,2
DA:66,2
DA:67,1
DA:77,6
DA:78,6
DA:80,6
DA:83,2
DA:84,0
DA:87,2
DA:94,2
DA:95,1
DA:98,2
DA:100,2
DA:101,2
DA:115,4
DA:118,2
DA:120,2
DA:127,2
DA:128,1
DA:131,2
DA:133,2
DA:134,2
DA:144,3
DA:147,1
DA:149,1
DA:156,1
DA:157,1
DA:167,5
DA:170,2
DA:172,2
DA:179,2
DA:180,2
LF:43
LH:42
BRDA:19,0,0,0
BRDA:19,0,1,3
BRDA:34,1,0,0
BRDA:34,1,1,2
BRDA:34,2,0,2
BRDA:34,2,1,2
BRDA:44,3,0,0
BRDA:44,3,1,2
BRDA:47,4,0,5
BRDA:47,4,1,4
BRDA:58,5,0,0
BRDA:58,5,1,2
BRDA:66,6,0,1
BRDA:66,6,1,1
BRDA:83,7,0,0
BRDA:83,7,1,2
BRDA:83,8,0,2
BRDA:83,8,1,2
BRDA:94,9,0,1
BRDA:94,9,1,1
BRDA:100,10,0,0
BRDA:100,10,1,2
BRDA:103,11,0,6
BRDA:103,11,1,6
BRDA:118,12,0,0
BRDA:118,12,1,2
BRDA:118,13,0,2
BRDA:118,13,1,2
BRDA:127,14,0,1
BRDA:127,14,1,1
BRDA:133,15,0,0
BRDA:133,15,1,2
BRDA:136,16,0,4
BRDA:136,16,1,4
BRDA:147,17,0,0
BRDA:147,17,1,1
BRDA:156,18,0,0
BRDA:156,18,1,1
BRDA:170,19,0,0
BRDA:170,19,1,2
BRDA:179,20,0,0
BRDA:179,20,1,2
BRF:42
BRH:30
end_of_record
TN:
SF:src\features\tasks\hooks\useTasks.ts
FN:10,useTasks
FN:13,(anonymous_1)
FN:31,useTask
FN:34,(anonymous_3)
FN:51,useMyTasks
FN:56,(anonymous_5)
FN:79,useCreateTask
FN:84,(anonymous_7)
FN:101,(anonymous_8)
FN:109,useUpdateTask
FN:113,(anonymous_10)
FN:124,(anonymous_11)
FN:133,useDeleteTask
FN:137,(anonymous_13)
FN:145,(anonymous_14)
FNF:15
FNH:9
FNDA:7,useTasks
FNDA:3,(anonymous_1)
FNDA:5,useTask
FNDA:2,(anonymous_3)
FNDA:6,useMyTasks
FNDA:3,(anonymous_5)
FNDA:4,useCreateTask
FNDA:4,(anonymous_7)
FNDA:1,(anonymous_8)
FNDA:0,useUpdateTask
FNDA:0,(anonymous_10)
FNDA:0,(anonymous_11)
FNDA:0,useDeleteTask
FNDA:0,(anonymous_13)
FNDA:0,(anonymous_14)
DA:11,7
DA:14,3
DA:16,3
DA:23,3
DA:24,2
DA:32,5
DA:35,2
DA:37,2
DA:43,2
DA:44,1
DA:52,6
DA:54,6
DA:57,3
DA:59,3
DA:65,3
DA:66,1
DA:69,3
DA:71,3
DA:72,3
DA:80,4
DA:81,4
DA:83,4
DA:85,4
DA:86,1
DA:89,3
DA:98,3
DA:99,1
DA:102,1
DA:103,1
DA:110,0
DA:112,0
DA:114,0
DA:121,0
DA:122,0
DA:125,0
DA:126,0
DA:127,0
DA:134,0
DA:136,0
DA:138,0
DA:143,0
DA:146,0
LF:42
LH:29
BRDA:14,0,0,0
BRDA:14,0,1,3
BRDA:23,1,0,1
BRDA:23,1,1,2
BRDA:35,2,0,0
BRDA:35,2,1,2
BRDA:43,3,0,1
BRDA:43,3,1,1
BRDA:57,4,0,0
BRDA:57,4,1,3
BRDA:65,5,0,1
BRDA:65,5,1,2
BRDA:71,6,0,0
BRDA:71,6,1,3
BRDA:85,7,0,1
BRDA:85,7,1,3
BRDA:98,8,0,2
BRDA:98,8,1,1
BRDA:121,9,0,0
BRDA:121,9,1,0
BRDA:143,10,0,0
BRDA:143,10,1,0
BRF:22
BRH:14
end_of_record
TN:
SF:src\features\workflows\hooks\useWorkflowItems.ts
FN:9,useWorkflowItems
FN:12,(anonymous_1)
FN:22,useWorkflowItem
FN:25,(anonymous_3)
FN:35,useCreateWorkflowItem
FN:39,(anonymous_5)
FN:42,(anonymous_6)
FN:50,useUpdateWorkflowItem
FN:54,(anonymous_8)
FN:57,(anonymous_9)
FN:66,useDeleteWorkflowItem
FN:70,(anonymous_11)
FN:73,(anonymous_12)
FN:80,useUpdateWorkflowItemStatus
FN:84,(anonymous_14)
FN:87,(anonymous_15)
FNF:16
FNH:16
FNDA:4,useWorkflowItems
FNDA:2,(anonymous_1)
FNDA:3,useWorkflowItem
FNDA:1,(anonymous_3)
FNDA:2,useCreateWorkflowItem
FNDA:1,(anonymous_5)
FNDA:1,(anonymous_6)
FNDA:2,useUpdateWorkflowItem
FNDA:1,(anonymous_8)
FNDA:1,(anonymous_9)
FNDA:2,useDeleteWorkflowItem
FNDA:1,(anonymous_11)
FNDA:1,(anonymous_12)
FNDA:2,useUpdateWorkflowItemStatus
FNDA:1,(anonymous_14)
FNDA:1,(anonymous_15)
DA:10,4
DA:13,2
DA:15,2
DA:23,3
DA:26,1
DA:28,1
DA:36,2
DA:38,2
DA:40,1
DA:43,1
DA:44,1
DA:51,2
DA:53,2
DA:55,1
DA:58,1
DA:59,1
DA:60,1
DA:67,2
DA:69,2
DA:71,1
DA:74,1
DA:81,2
DA:83,2
DA:85,1
DA:88,1
DA:89,1
DA:90,1
LF:27
LH:27
BRDA:13,0,0,0
BRDA:13,0,1,2
BRDA:26,1,0,0
BRDA:26,1,1,1
BRF:4
BRH:2
end_of_record
TN:
SF:src\lib\dateUtils.ts
FN:7,(anonymous_0)
FN:30,(anonymous_1)
FN:34,(anonymous_2)
FN:38,(anonymous_3)
FN:42,(anonymous_4)
FNF:5
FNH:5
FNDA:26,(anonymous_0)
FNDA:4,(anonymous_1)
FNDA:5,(anonymous_2)
FNDA:5,(anonymous_3)
FNDA:8,(anonymous_4)
DA:7,1
DA:12,26
DA:14,17
DA:16,17
DA:17,15
DA:18,2
DA:19,1
DA:21,1
DA:24,17
DA:26,0
DA:30,1
DA:31,4
DA:34,1
DA:35,5
DA:38,1
DA:39,5
DA:42,1
DA:43,8
DA:45,5
DA:46,5
DA:47,5
DA:49,0
LF:22
LH:20
BRDA:9,0,0,26
BRDA:10,1,0,26
BRDA:12,2,0,9
BRDA:12,2,1,17
BRDA:16,3,0,15
BRDA:16,3,1,2
BRDA:18,4,0,1
BRDA:18,4,1,1
BRDA:24,5,0,16
BRDA:24,5,1,1
BRDA:30,6,0,4
BRDA:34,7,0,5
BRDA:38,8,0,5
BRDA:43,9,0,3
BRDA:43,9,1,5
BRDA:47,10,0,4
BRDA:47,10,1,1
BRF:17
BRH:17
end_of_record
TN:
SF:src\lib\utils.ts
FN:11,cn
FNF:1
FNH:1
FNDA:886,cn
DA:12,886
LF:1
LH:1
BRF:0
BRH:0
end_of_record
TN:
SF:src\lib\api\client.ts
FN:11,(anonymous_0)
FN:33,(anonymous_1)
FN:101,(anonymous_2)
FN:168,(anonymous_3)
FN:190,(anonymous_4)
FN:208,(anonymous_5)
FN:225,(anonymous_6)
FN:248,(anonymous_7)
FN:264,(anonymous_8)
FNF:9
FNH:0
FNDA:0,(anonymous_0)
FNDA:0,(anonymous_1)
FNDA:0,(anonymous_2)
FNDA:0,(anonymous_3)
FNDA:0,(anonymous_4)
FNDA:0,(anonymous_5)
FNDA:0,(anonymous_6)
FNDA:0,(anonymous_7)
FNDA:0,(anonymous_8)
DA:13,0
DA:14,0
DA:23,0
DA:37,0
DA:38,0
DA:41,0
DA:42,0
DA:43,0
DA:45,0
DA:46,0
DA:48,0
DA:49,0
DA:51,0
DA:52,0
DA:54,0
DA:55,0
DA:57,0
DA:58,0
DA:60,0
DA:61,0
DA:63,0
DA:64,0
DA:66,0
DA:67,0
DA:69,0
DA:70,0
DA:76,0
DA:77,0
DA:83,0
DA:84,0
DA:85,0
DA:88,0
DA:90,0
DA:91,0
DA:93,0
DA:105,0
DA:106,0
DA:109,0
DA:110,0
DA:111,0
DA:113,0
DA:114,0
DA:116,0
DA:117,0
DA:119,0
DA:120,0
DA:122,0
DA:123,0
DA:125,0
DA:126,0
DA:128,0
DA:129,0
DA:131,0
DA:132,0
DA:134,0
DA:135,0
DA:137,0
DA:138,0
DA:144,0
DA:145,0
DA:151,0
DA:152,0
DA:153,0
DA:156,0
DA:158,0
DA:159,0
DA:161,0
DA:173,0
DA:174,0
DA:180,0
DA:181,0
DA:183,0
DA:191,0
DA:192,0
DA:198,0
DA:199,0
DA:201,0
DA:209,0
DA:210,0
DA:215,0
DA:216,0
DA:218,0
DA:230,0
DA:231,0
DA:238,0
DA:239,0
DA:241,0
DA:249,0
DA:250,0
DA:255,0
DA:257,0
DA:268,0
DA:269,0
DA:270,0
DA:271,0
DA:273,0
DA:274,0
DA:276,0
DA:281,2
LF:99
LH:1
BRDA:13,0,0,0
BRDA:13,0,1,0
BRDA:16,1,0,0
BRDA:16,1,1,0
BRDA:25,2,0,0
BRDA:25,2,1,0
BRDA:38,3,0,0
BRDA:38,3,1,0
BRDA:41,4,0,0
BRDA:41,4,1,0
BRDA:43,5,0,0
BRDA:43,5,1,0
BRDA:43,5,2,0
BRDA:43,5,3,0
BRDA:43,5,4,0
BRDA:43,5,5,0
BRDA:43,5,6,0
BRDA:43,5,7,0
BRDA:43,5,8,0
BRDA:76,6,0,0
BRDA:76,6,1,0
BRDA:83,7,0,0
BRDA:83,7,1,0
BRDA:84,8,0,0
BRDA:84,8,1,0
BRDA:84,9,0,0
BRDA:84,9,1,0
BRDA:90,10,0,0
BRDA:90,10,1,0
BRDA:106,11,0,0
BRDA:106,11,1,0
BRDA:109,12,0,0
BRDA:109,12,1,0
BRDA:111,13,0,0
BRDA:111,13,1,0
BRDA:111,13,2,0
BRDA:111,13,3,0
BRDA:111,13,4,0
BRDA:111,13,5,0
BRDA:111,13,6,0
BRDA:111,13,7,0
BRDA:111,13,8,0
BRDA:144,14,0,0
BRDA:144,14,1,0
BRDA:151,15,0,0
BRDA:151,15,1,0
BRDA:152,16,0,0
BRDA:152,16,1,0
BRDA:152,17,0,0
BRDA:152,17,1,0
BRDA:158,18,0,0
BRDA:158,18,1,0
BRDA:159,19,0,0
BRDA:159,19,1,0
BRDA:176,20,0,0
BRDA:176,20,1,0
BRDA:180,21,0,0
BRDA:180,21,1,0
BRDA:198,22,0,0
BRDA:198,22,1,0
BRDA:215,23,0,0
BRDA:215,23,1,0
BRDA:238,24,0,0
BRDA:238,24,1,0
BRDA:255,25,0,0
BRDA:255,25,1,0
BRDA:273,26,0,0
BRDA:273,26,1,0
BRF:68
BRH:0
end_of_record
TN:
SF:src\lib\api\errors.ts
FN:14,(anonymous_0)
FN:25,(anonymous_1)
FN:52,(anonymous_2)
FN:59,(anonymous_3)
FN:66,(anonymous_4)
FN:74,withErrorHandling
FN:104,getErrorMessage
FNF:7
FNH:1
FNDA:206,(anonymous_0)
FNDA:0,(anonymous_1)
FNDA:0,(anonymous_2)
FNDA:0,(anonymous_3)
FNDA:0,(anonymous_4)
FNDA:0,withErrorHandling
FNDA:0,getErrorMessage
DA:15,206
DA:16,206
DA:17,206
DA:18,206
DA:19,206
DA:27,0
DA:29,0
DA:31,0
DA:33,0
DA:35,0
DA:37,0
DA:39,0
DA:41,0
DA:43,0
DA:45,0
DA:53,0
DA:60,0
DA:67,0
DA:81,0
DA:82,0
DA:84,0
DA:91,0
DA:93,0
DA:94,0
DA:97,0
DA:105,0
DA:106,0
DA:109,0
DA:110,0
DA:113,0
LF:30
LH:5
BRDA:27,0,0,0
BRDA:27,0,1,0
BRDA:27,0,2,0
BRDA:27,0,3,0
BRDA:27,0,4,0
BRDA:27,0,5,0
BRDA:27,0,6,0
BRDA:27,0,7,0
BRDA:27,0,8,0
BRDA:45,1,0,0
BRDA:45,1,1,0
BRDA:53,2,0,0
BRDA:53,2,1,0
BRDA:67,3,0,0
BRDA:67,3,1,0
BRDA:84,4,0,0
BRDA:84,4,1,0
BRDA:88,5,0,0
BRDA:88,5,1,0
BRDA:93,6,0,0
BRDA:93,6,1,0
BRDA:105,7,0,0
BRDA:105,7,1,0
BRDA:109,8,0,0
BRDA:109,8,1,0
BRF:25
BRH:0
end_of_record
TN:
SF:src\lib\api\index.ts
FNF:0
FNH:0
LF:0
LH:0
BRF:0
BRH:0
end_of_record
TN:
SF:src\lib\api\services\approval-actions.ts
FN:29,(anonymous_0)
FN:36,(anonymous_1)
FN:57,(anonymous_2)
FN:71,(anonymous_3)
FN:92,(anonymous_4)
FN:138,(anonymous_5)
FN:177,(anonymous_6)
FN:224,(anonymous_7)
FN:281,(anonymous_8)
FN:286,(anonymous_9)
FN:449,(anonymous_10)
FN:457,(anonymous_11)
FNF:12
FNH:11
FNDA:4,(anonymous_0)
FNDA:2,(anonymous_1)
FNDA:2,(anonymous_2)
FNDA:2,(anonymous_3)
FNDA:3,(anonymous_4)
FNDA:1,(anonymous_5)
FNDA:2,(anonymous_6)
FNDA:11,(anonymous_7)
FNDA:6,(anonymous_8)
FNDA:9,(anonymous_9)
FNDA:2,(anonymous_10)
FNDA:0,(anonymous_11)
DA:23,1
DA:25,1
DA:30,4
DA:41,2
DA:42,1
DA:48,1
DA:58,2
DA:59,1
DA:65,1
DA:76,2
DA:77,1
DA:83,1
DA:93,3
DA:94,1
DA:100,2
DA:101,1
DA:108,1
DA:109,1
DA:110,0
DA:117,1
DA:128,1
DA:129,1
DA:130,0
DA:137,1
DA:138,1
DA:141,3
DA:142,0
DA:149,1
DA:169,1
DA:171,1
DA:178,2
DA:179,2
DA:180,1
DA:186,1
DA:207,1
DA:209,1
DA:211,1
DA:233,11
DA:234,11
DA:235,1
DA:242,10
DA:243,10
DA:244,1
DA:251,9
DA:264,9
DA:265,9
DA:266,1
DA:272,8
DA:273,1
DA:280,7
DA:281,6
DA:285,11
DA:286,9
DA:289,11
DA:290,1
DA:297,6
DA:298,6
DA:299,6
DA:300,1
DA:308,5
DA:320,5
DA:323,5
DA:324,5
DA:325,5
DA:327,5
DA:329,3
DA:331,3
DA:333,2
DA:336,2
DA:339,1
DA:341,2
DA:342,1
DA:343,1
DA:344,1
DA:352,5
DA:353,4
DA:358,4
DA:359,3
DA:362,4
DA:363,1
DA:366,4
DA:371,4
DA:375,5
DA:405,5
DA:408,5
DA:410,5
DA:416,5
DA:417,11
DA:420,11
DA:422,3
DA:428,3
DA:429,3
DA:435,3
DA:446,2
DA:449,2
DA:450,1
DA:451,1
DA:456,1
DA:457,0
DA:463,0
DA:476,3
DA:479,5
DA:481,6
LF:103
LH:98
BRDA:41,0,0,1
BRDA:41,0,1,1
BRDA:58,1,0,1
BRDA:58,1,1,1
BRDA:76,2,0,1
BRDA:76,2,1,1
BRDA:93,3,0,1
BRDA:93,3,1,2
BRDA:100,4,0,1
BRDA:100,4,1,1
BRDA:109,5,0,0
BRDA:109,5,1,1
BRDA:109,6,0,1
BRDA:109,6,1,1
BRDA:128,7,0,0
BRDA:128,7,1,1
BRDA:129,8,0,0
BRDA:129,8,1,1
BRDA:141,9,0,0
BRDA:141,9,1,3
BRDA:169,10,0,0
BRDA:169,10,1,1
BRDA:179,11,0,1
BRDA:179,11,1,1
BRDA:207,12,0,0
BRDA:207,12,1,1
BRDA:209,13,0,1
BRDA:209,13,1,0
BRDA:211,14,0,1
BRDA:211,14,1,0
BRDA:227,15,0,11
BRDA:234,16,0,1
BRDA:234,16,1,10
BRDA:243,17,0,1
BRDA:243,17,1,9
BRDA:243,18,0,10
BRDA:243,18,1,10
BRDA:264,19,0,0
BRDA:264,19,1,9
BRDA:265,20,0,1
BRDA:265,20,1,8
BRDA:272,21,0,1
BRDA:272,21,1,7
BRDA:280,22,0,7
BRDA:280,22,1,0
BRDA:289,23,0,1
BRDA:289,23,1,10
BRDA:297,24,0,6
BRDA:297,24,1,0
BRDA:299,25,0,1
BRDA:299,25,1,5
BRDA:315,26,0,5
BRDA:315,26,1,2
BRDA:316,27,0,11
BRDA:316,27,1,4
BRDA:317,28,0,11
BRDA:317,28,1,4
BRDA:320,29,0,0
BRDA:320,29,1,5
BRDA:327,30,0,3
BRDA:327,30,1,2
BRDA:327,31,0,5
BRDA:327,31,1,3
BRDA:331,32,0,2
BRDA:331,32,1,1
BRDA:333,33,0,1
BRDA:333,33,1,1
BRDA:341,34,0,1
BRDA:341,34,1,1
BRDA:344,35,0,1
BRDA:344,35,1,0
BRDA:352,36,0,4
BRDA:352,36,1,1
BRDA:352,37,0,5
BRDA:352,37,1,2
BRDA:358,38,0,3
BRDA:358,38,1,1
BRDA:362,39,0,1
BRDA:362,39,1,3
BRDA:362,40,0,4
BRDA:362,40,1,1
BRDA:371,41,0,0
BRDA:371,41,1,4
BRDA:405,42,0,0
BRDA:405,42,1,5
BRDA:416,43,0,5
BRDA:416,43,1,5
BRDA:420,44,0,3
BRDA:420,44,1,2
BRDA:420,45,0,11
BRDA:420,45,1,3
BRDA:420,45,2,2
BRDA:420,45,3,1
BRDA:428,46,0,3
BRDA:428,46,1,0
BRDA:440,47,0,3
BRDA:440,47,1,3
BRDA:443,48,0,3
BRDA:443,48,1,3
BRDA:446,49,0,1
BRDA:446,49,1,1
BRDA:450,50,0,1
BRDA:450,50,1,0
BRDA:456,51,0,0
BRDA:456,51,1,1
BRDA:467,52,0,0
BRDA:467,52,1,0
BRDA:468,53,0,0
BRDA:468,53,1,0
BRDA:469,54,0,0
BRDA:469,54,1,0
BRDA:481,55,0,6
BRDA:481,55,1,0
BRF:113
BRH:88
end_of_record
TN:
SF:src\lib\api\services\approval-requests.ts
FN:29,(anonymous_0)
FN:81,(anonymous_1)
FN:84,(anonymous_2)
FN:105,(anonymous_3)
FN:162,(anonymous_4)
FN:169,(anonymous_5)
FN:187,(anonymous_6)
FN:209,(anonymous_7)
FN:234,(anonymous_8)
FN:305,(anonymous_9)
FN:314,(anonymous_10)
FN:358,(anonymous_11)
FN:419,(anonymous_12)
FN:482,(anonymous_13)
FN:495,(anonymous_14)
FNF:15
FNH:12
FNDA:8,(anonymous_0)
FNDA:4,(anonymous_1)
FNDA:3,(anonymous_2)
FNDA:12,(anonymous_3)
FNDA:2,(anonymous_4)
FNDA:0,(anonymous_5)
FNDA:2,(anonymous_6)
FNDA:2,(anonymous_7)
FNDA:6,(anonymous_8)
FNDA:0,(anonymous_9)
FNDA:0,(anonymous_10)
FNDA:4,(anonymous_11)
FNDA:7,(anonymous_12)
FNDA:4,(anonymous_13)
FNDA:2,(anonymous_14)
DA:23,1
DA:25,1
DA:30,8
DA:31,8
DA:51,8
DA:52,4
DA:53,1
DA:55,3
DA:59,8
DA:60,1
DA:63,8
DA:64,1
DA:67,8
DA:68,0
DA:71,8
DA:73,8
DA:77,8
DA:79,8
DA:80,3
DA:81,3
DA:82,4
DA:83,3
DA:84,3
DA:86,4
DA:90,8
DA:92,0
DA:106,12
DA:107,12
DA:108,1
DA:114,11
DA:151,11
DA:152,11
DA:153,1
DA:160,10
DA:161,2
DA:163,2
DA:168,10
DA:169,8
DA:172,10
DA:174,2
DA:188,2
DA:189,2
DA:190,1
DA:196,1
DA:202,1
DA:209,1
DA:210,2
DA:211,2
DA:215,1
DA:221,1
DA:235,6
DA:237,6
DA:238,1
DA:244,5
DA:245,1
DA:251,4
DA:252,1
DA:258,3
DA:259,1
DA:266,2
DA:267,2
DA:268,1
DA:275,1
DA:276,1
DA:277,0
DA:284,1
DA:298,1
DA:301,1
DA:304,1
DA:305,1
DA:306,6
DA:308,0
DA:313,0
DA:314,0
DA:321,0
DA:327,0
DA:339,0
DA:342,1
DA:344,5
DA:359,4
DA:360,4
DA:361,1
DA:368,3
DA:369,3
DA:370,0
DA:377,3
DA:378,3
DA:379,1
DA:385,2
DA:386,1
DA:393,1
DA:401,1
DA:404,1
DA:406,3
DA:423,7
DA:424,7
DA:425,2
DA:431,5
DA:447,5
DA:449,5
DA:450,2
DA:458,3
DA:459,3
DA:461,7
DA:469,2
DA:483,4
DA:484,4
DA:485,1
DA:488,3
DA:490,3
DA:491,1
DA:494,2
DA:495,2
DA:498,4
DA:500,0
LF:115
LH:104
BRDA:51,0,0,4
BRDA:51,0,1,4
BRDA:52,1,0,1
BRDA:52,1,1,3
BRDA:59,2,0,1
BRDA:59,2,1,7
BRDA:63,3,0,1
BRDA:63,3,1,7
BRDA:67,4,0,0
BRDA:67,4,1,8
BRDA:73,5,0,0
BRDA:73,5,1,8
BRDA:77,6,0,8
BRDA:77,6,1,0
BRDA:79,7,0,3
BRDA:79,7,1,5
BRDA:82,8,0,1
BRDA:82,8,1,3
BRDA:86,9,0,4
BRDA:86,9,1,0
BRDA:92,10,0,0
BRDA:92,10,1,0
BRDA:107,11,0,1
BRDA:107,11,1,11
BRDA:151,12,0,0
BRDA:151,12,1,11
BRDA:152,13,0,1
BRDA:152,13,1,10
BRDA:160,14,0,2
BRDA:160,14,1,8
BRDA:168,15,0,8
BRDA:168,15,1,2
BRDA:174,16,0,2
BRDA:174,16,1,0
BRDA:189,17,0,1
BRDA:189,17,1,1
BRDA:210,18,0,2
BRDA:210,18,1,0
BRDA:221,19,0,1
BRDA:221,19,1,0
BRDA:237,20,0,1
BRDA:237,20,1,5
BRDA:244,21,0,1
BRDA:244,21,1,4
BRDA:251,22,0,1
BRDA:251,22,1,3
BRDA:258,23,0,1
BRDA:258,23,1,2
BRDA:267,24,0,1
BRDA:267,24,1,1
BRDA:276,25,0,0
BRDA:276,25,1,1
BRDA:276,26,0,1
BRDA:276,26,1,1
BRDA:298,27,0,0
BRDA:298,27,1,1
BRDA:306,28,0,0
BRDA:306,28,1,6
BRDA:313,29,0,0
BRDA:313,29,1,0
BRDA:330,30,0,0
BRDA:330,30,1,0
BRDA:331,31,0,0
BRDA:331,31,1,0
BRDA:332,32,0,0
BRDA:332,32,1,0
BRDA:333,33,0,0
BRDA:333,33,1,0
BRDA:344,34,0,5
BRDA:344,34,1,0
BRDA:360,35,0,1
BRDA:360,35,1,3
BRDA:369,36,0,0
BRDA:369,36,1,3
BRDA:369,37,0,3
BRDA:369,37,1,3
BRDA:378,38,0,1
BRDA:378,38,1,2
BRDA:385,39,0,1
BRDA:385,39,1,1
BRDA:401,40,0,0
BRDA:401,40,1,1
BRDA:406,41,0,3
BRDA:406,41,1,0
BRDA:424,42,0,2
BRDA:424,42,1,5
BRDA:424,43,0,7
BRDA:424,43,1,6
BRDA:447,44,0,0
BRDA:447,44,1,5
BRDA:449,45,0,2
BRDA:449,45,1,3
BRDA:459,46,0,3
BRDA:459,46,1,2
BRDA:465,47,0,7
BRDA:465,47,1,3
BRDA:466,48,0,7
BRDA:466,48,1,1
BRDA:469,49,0,2
BRDA:469,49,1,0
BRDA:484,50,0,1
BRDA:484,50,1,3
BRDA:484,51,0,4
BRDA:484,51,1,3
BRDA:490,52,0,1
BRDA:490,52,1,2
BRDA:498,53,0,4
BRDA:498,53,1,0
BRF:108
BRH:78
end_of_record
TN:
SF:src\lib\api\services\approval-workflows.ts
FN:27,(anonymous_0)
FN:58,(anonymous_1)
FN:60,(anonymous_2)
FN:78,(anonymous_3)
FN:107,(anonymous_4)
FN:126,(anonymous_5)
FN:173,(anonymous_6)
FN:199,(anonymous_7)
FN:215,(anonymous_8)
FN:255,(anonymous_9)
FN:291,(anonymous_10)
FN:320,(anonymous_11)
FN:348,(anonymous_12)
FN:372,(anonymous_13)
FNF:14
FNH:10
FNDA:6,(anonymous_0)
FNDA:3,(anonymous_1)
FNDA:2,(anonymous_2)
FNDA:4,(anonymous_3)
FNDA:0,(anonymous_4)
FNDA:5,(anonymous_5)
FNDA:1,(anonymous_6)
FNDA:0,(anonymous_7)
FNDA:2,(anonymous_8)
FNDA:0,(anonymous_9)
FNDA:2,(anonymous_10)
FNDA:2,(anonymous_11)
FNDA:0,(anonymous_12)
FNDA:1,(anonymous_13)
DA:21,1
DA:23,1
DA:28,6
DA:29,6
DA:30,1
DA:36,5
DA:45,5
DA:46,2
DA:49,5
DA:50,2
DA:53,5
DA:55,5
DA:58,5
DA:61,2
DA:65,1
DA:79,4
DA:80,4
DA:81,1
DA:87,3
DA:96,3
DA:97,3
DA:98,1
DA:105,2
DA:108,0
DA:112,2
DA:127,5
DA:129,5
DA:130,1
DA:136,4
DA:137,1
DA:143,3
DA:144,1
DA:150,2
DA:151,1
DA:158,1
DA:170,1
DA:173,1
DA:184,1
DA:189,1
DA:191,0
DA:192,0
DA:197,1
DA:199,0
DA:202,4
DA:219,2
DA:220,2
DA:221,1
DA:228,1
DA:229,1
DA:230,1
DA:231,1
DA:234,1
DA:235,1
DA:240,1
DA:244,1
DA:246,0
DA:251,0
DA:254,0
DA:255,0
DA:266,0
DA:270,0
DA:275,1
DA:277,1
DA:292,2
DA:293,2
DA:294,1
DA:300,1
DA:305,1
DA:307,1
DA:324,2
DA:325,2
DA:326,1
DA:332,1
DA:333,1
DA:340,0
DA:343,0
DA:348,0
DA:358,2
DA:376,1
LF:79
LH:66
BRDA:29,0,0,1
BRDA:29,0,1,5
BRDA:45,1,0,2
BRDA:45,1,1,3
BRDA:49,2,0,2
BRDA:49,2,1,3
BRDA:55,3,0,0
BRDA:55,3,1,5
BRDA:58,4,0,5
BRDA:58,4,1,0
BRDA:60,5,0,3
BRDA:60,5,1,0
BRDA:65,6,0,1
BRDA:65,6,1,0
BRDA:80,7,0,1
BRDA:80,7,1,3
BRDA:96,8,0,0
BRDA:96,8,1,3
BRDA:97,9,0,1
BRDA:97,9,1,2
BRDA:107,10,0,2
BRDA:107,10,1,0
BRDA:112,11,0,2
BRDA:112,11,1,0
BRDA:129,12,0,1
BRDA:129,12,1,4
BRDA:136,13,0,1
BRDA:136,13,1,3
BRDA:143,14,0,1
BRDA:143,14,1,2
BRDA:150,15,0,1
BRDA:150,15,1,1
BRDA:150,16,0,2
BRDA:150,16,1,2
BRDA:162,17,0,1
BRDA:162,17,1,0
BRDA:170,18,0,0
BRDA:170,18,1,1
BRDA:175,19,0,1
BRDA:175,19,1,0
BRDA:179,20,0,1
BRDA:179,20,1,1
BRDA:180,21,0,1
BRDA:180,21,1,1
BRDA:181,22,0,1
BRDA:181,22,1,1
BRDA:189,23,0,0
BRDA:189,23,1,1
BRDA:199,24,0,1
BRDA:199,24,1,0
BRDA:202,25,0,4
BRDA:202,25,1,0
BRDA:220,26,0,1
BRDA:220,26,1,1
BRDA:229,27,0,1
BRDA:229,27,1,0
BRDA:230,28,0,1
BRDA:230,28,1,0
BRDA:231,29,0,0
BRDA:231,29,1,1
BRDA:234,30,0,1
BRDA:234,30,1,0
BRDA:240,31,0,0
BRDA:240,31,1,1
BRDA:244,32,0,0
BRDA:244,32,1,1
BRDA:251,33,0,0
BRDA:251,33,1,0
BRDA:254,34,0,0
BRDA:254,34,1,0
BRDA:257,35,0,0
BRDA:257,35,1,0
BRDA:261,36,0,0
BRDA:261,36,1,0
BRDA:262,37,0,0
BRDA:262,37,1,0
BRDA:263,38,0,0
BRDA:263,38,1,0
BRDA:270,39,0,0
BRDA:270,39,1,0
BRDA:277,40,0,1
BRDA:277,40,1,0
BRDA:293,41,0,1
BRDA:293,41,1,1
BRDA:305,42,0,0
BRDA:305,42,1,1
BRDA:307,43,0,1
BRDA:307,43,1,0
BRDA:325,44,0,1
BRDA:325,44,1,1
BRDA:332,45,0,1
BRDA:332,45,1,0
BRDA:348,46,0,0
BRDA:348,46,1,0
BRDA:358,47,0,2
BRDA:358,47,1,0
BRF:96
BRH:56
end_of_record
TN:
SF:src\lib\api\services\change-orders.ts
FN:66,(anonymous_0)
FN:90,(anonymous_1)
FN:139,(anonymous_2)
FN:175,(anonymous_3)
FN:237,(anonymous_4)
FN:264,(anonymous_5)
FN:285,(anonymous_6)
FN:317,(anonymous_7)
FN:324,(anonymous_8)
FN:353,(anonymous_9)
FN:404,(anonymous_10)
FNF:11
FNH:11
FNDA:5,(anonymous_0)
FNDA:3,(anonymous_1)
FNDA:2,(anonymous_2)
FNDA:3,(anonymous_3)
FNDA:4,(anonymous_4)
FNDA:2,(anonymous_5)
FNDA:2,(anonymous_6)
FNDA:2,(anonymous_7)
FNDA:3,(anonymous_8)
FNDA:3,(anonymous_9)
FNDA:2,(anonymous_10)
DA:62,2
DA:67,5
DA:68,5
DA:75,5
DA:76,3
DA:78,2
DA:94,3
DA:96,3
DA:97,2
DA:98,1
DA:104,1
DA:124,1
DA:125,1
DA:127,2
DA:140,2
DA:141,2
DA:160,2
DA:161,1
DA:163,1
DA:188,3
DA:190,3
DA:199,3
DA:201,3
DA:216,3
DA:222,3
DA:223,2
DA:225,1
DA:241,4
DA:242,4
DA:249,4
DA:250,2
DA:252,2
DA:265,2
DA:266,2
DA:271,2
DA:273,1
DA:290,2
DA:291,2
DA:302,2
DA:303,1
DA:305,1
DA:323,2
DA:324,3
DA:333,2
DA:338,2
DA:339,1
DA:341,1
DA:354,3
DA:356,3
DA:362,3
DA:363,2
DA:364,1
DA:371,1
DA:377,1
DA:389,1
DA:390,1
DA:392,2
DA:405,2
DA:406,2
DA:408,1
LF:60
LH:60
BRDA:75,0,0,2
BRDA:75,0,1,3
BRDA:78,1,0,0
BRDA:78,1,1,2
BRDA:97,2,0,1
BRDA:97,2,1,1
BRDA:124,3,0,0
BRDA:124,3,1,1
BRDA:125,4,0,1
BRDA:125,4,1,0
BRDA:127,5,0,2
BRDA:127,5,1,0
BRDA:160,6,0,1
BRDA:160,6,1,1
BRDA:163,7,0,0
BRDA:163,7,1,1
BRDA:199,8,0,3
BRDA:199,8,1,2
BRDA:205,9,0,3
BRDA:205,9,1,0
BRDA:206,10,0,3
BRDA:206,10,1,0
BRDA:207,11,0,3
BRDA:207,11,1,0
BRDA:208,12,0,3
BRDA:208,12,1,0
BRDA:209,13,0,3
BRDA:209,13,1,0
BRDA:222,14,0,1
BRDA:222,14,1,2
BRDA:225,15,0,0
BRDA:225,15,1,1
BRDA:249,16,0,2
BRDA:249,16,1,2
BRDA:252,17,0,0
BRDA:252,17,1,2
BRDA:271,18,0,1
BRDA:271,18,1,1
BRDA:273,19,0,0
BRDA:273,19,1,1
BRDA:302,20,0,1
BRDA:302,20,1,1
BRDA:305,21,0,0
BRDA:305,21,1,1
BRDA:338,22,0,1
BRDA:338,22,1,1
BRDA:341,23,0,0
BRDA:341,23,1,1
BRDA:362,24,0,1
BRDA:362,24,1,2
BRDA:363,25,0,1
BRDA:363,25,1,1
BRDA:389,26,0,0
BRDA:389,26,1,1
BRDA:392,27,0,1
BRDA:392,27,1,1
BRDA:408,28,0,1
BRDA:408,28,1,0
BRF:58
BRH:41
end_of_record
TN:
SF:src\lib\api\services\checklists.ts
FN:35,(anonymous_0)
FN:86,(anonymous_1)
FN:109,(anonymous_2)
FN:156,(anonymous_3)
FN:179,(anonymous_4)
FN:205,(anonymous_5)
FN:228,(anonymous_6)
FN:248,(anonymous_7)
FN:286,(anonymous_8)
FN:323,(anonymous_9)
FN:353,(anonymous_10)
FN:379,(anonymous_11)
FN:402,(anonymous_12)
FN:405,(anonymous_13)
FN:427,(anonymous_14)
FN:481,(anonymous_15)
FN:504,(anonymous_16)
FN:551,(anonymous_17)
FN:585,(anonymous_18)
FN:611,(anonymous_19)
FN:639,(anonymous_20)
FN:666,(anonymous_21)
FN:702,(anonymous_22)
FN:725,(anonymous_23)
FN:751,(anonymous_24)
FN:784,(anonymous_25)
FN:811,(anonymous_26)
FNF:27
FNH:27
FNDA:9,(anonymous_0)
FNDA:3,(anonymous_1)
FNDA:7,(anonymous_2)
FNDA:5,(anonymous_3)
FNDA:3,(anonymous_4)
FNDA:3,(anonymous_5)
FNDA:3,(anonymous_6)
FNDA:1,(anonymous_7)
FNDA:4,(anonymous_8)
FNDA:5,(anonymous_9)
FNDA:6,(anonymous_10)
FNDA:3,(anonymous_11)
FNDA:3,(anonymous_12)
FNDA:3,(anonymous_13)
FNDA:10,(anonymous_14)
FNDA:3,(anonymous_15)
FNDA:4,(anonymous_16)
FNDA:4,(anonymous_17)
FNDA:5,(anonymous_18)
FNDA:3,(anonymous_19)
FNDA:3,(anonymous_20)
FNDA:4,(anonymous_21)
FNDA:3,(anonymous_22)
FNDA:3,(anonymous_23)
FNDA:3,(anonymous_24)
FNDA:3,(anonymous_25)
FNDA:5,(anonymous_26)
DA:9,1
DA:26,1
DA:36,9
DA:37,9
DA:44,9
DA:45,1
DA:47,9
DA:48,1
DA:50,9
DA:51,1
DA:53,9
DA:54,1
DA:56,9
DA:57,1
DA:59,9
DA:60,1
DA:63,9
DA:65,9
DA:66,1
DA:72,8
DA:74,1
DA:87,3
DA:88,3
DA:89,1
DA:95,2
DA:97,2
DA:110,7
DA:111,7
DA:112,1
DA:118,6
DA:128,6
DA:129,2
DA:135,4
DA:136,1
DA:142,3
DA:144,4
DA:157,5
DA:158,5
DA:159,1
DA:165,4
DA:167,2
DA:183,3
DA:184,3
DA:185,1
DA:191,2
DA:193,2
DA:206,3
DA:207,3
DA:208,1
DA:214,2
DA:216,2
DA:229,3
DA:230,3
DA:233,2
DA:246,2
DA:247,1
DA:249,1
DA:268,2
DA:270,1
DA:287,4
DA:288,4
DA:289,1
DA:295,3
DA:302,3
DA:303,1
DA:309,2
DA:311,2
DA:324,5
DA:325,5
DA:326,1
DA:332,4
DA:333,1
DA:339,3
DA:341,3
DA:357,6
DA:358,6
DA:359,1
DA:365,5
DA:367,3
DA:380,3
DA:381,3
DA:382,1
DA:388,2
DA:390,2
DA:403,3
DA:404,3
DA:406,3
DA:410,1
DA:428,10
DA:429,10
DA:436,10
DA:437,1
DA:439,10
DA:440,1
DA:442,10
DA:443,1
DA:445,10
DA:446,1
DA:448,10
DA:449,1
DA:451,10
DA:452,1
DA:454,10
DA:455,1
DA:458,10
DA:460,10
DA:461,1
DA:467,9
DA:469,1
DA:482,3
DA:483,3
DA:484,1
DA:490,2
DA:492,2
DA:505,4
DA:506,4
DA:507,1
DA:513,3
DA:523,3
DA:524,1
DA:530,2
DA:531,1
DA:537,1
DA:539,3
DA:552,4
DA:553,4
DA:554,1
DA:560,3
DA:561,1
DA:567,2
DA:573,3
DA:589,5
DA:590,5
DA:591,1
DA:597,4
DA:599,3
DA:612,3
DA:613,3
DA:614,1
DA:620,2
DA:627,2
DA:640,3
DA:641,3
DA:642,1
DA:648,2
DA:650,2
DA:667,4
DA:668,4
DA:669,1
DA:675,3
DA:681,3
DA:682,1
DA:688,2
DA:690,2
DA:703,3
DA:704,3
DA:705,1
DA:711,2
DA:713,2
DA:729,3
DA:730,3
DA:731,1
DA:737,2
DA:739,2
DA:752,3
DA:753,3
DA:754,1
DA:760,2
DA:765,2
DA:766,1
DA:772,2
DA:785,3
DA:786,3
DA:787,1
DA:793,2
DA:795,2
DA:812,5
DA:813,5
DA:814,1
DA:820,4
DA:823,4
DA:824,1
DA:830,3
DA:831,2
DA:840,1
DA:842,2
LF:186
LH:186
BRDA:44,0,0,1
BRDA:44,0,1,8
BRDA:47,1,0,1
BRDA:47,1,1,8
BRDA:50,2,0,1
BRDA:50,2,1,8
BRDA:53,3,0,1
BRDA:53,3,1,8
BRDA:56,4,0,1
BRDA:56,4,1,8
BRDA:56,5,0,9
BRDA:56,5,1,1
BRDA:59,6,0,1
BRDA:59,6,1,8
BRDA:65,7,0,1
BRDA:65,7,1,8
BRDA:72,8,0,8
BRDA:72,8,1,1
BRDA:74,9,0,1
BRDA:74,9,1,0
BRDA:88,10,0,1
BRDA:88,10,1,2
BRDA:97,11,0,1
BRDA:97,11,1,1
BRDA:111,12,0,1
BRDA:111,12,1,6
BRDA:128,13,0,2
BRDA:128,13,1,4
BRDA:135,14,0,1
BRDA:135,14,1,3
BRDA:144,15,0,4
BRDA:144,15,1,0
BRDA:158,16,0,1
BRDA:158,16,1,4
BRDA:167,17,0,1
BRDA:167,17,1,1
BRDA:184,18,0,1
BRDA:184,18,1,2
BRDA:193,19,0,1
BRDA:193,19,1,1
BRDA:207,20,0,1
BRDA:207,20,1,2
BRDA:216,21,0,1
BRDA:216,21,1,1
BRDA:246,22,0,1
BRDA:246,22,1,1
BRDA:246,23,0,2
BRDA:246,23,1,2
BRDA:253,24,0,1
BRDA:253,24,1,0
BRDA:255,25,0,1
BRDA:255,25,1,0
BRDA:270,26,0,1
BRDA:270,26,1,0
BRDA:288,27,0,1
BRDA:288,27,1,3
BRDA:302,28,0,1
BRDA:302,28,1,2
BRDA:309,29,0,2
BRDA:309,29,1,1
BRDA:311,30,0,2
BRDA:311,30,1,0
BRDA:325,31,0,1
BRDA:325,31,1,4
BRDA:332,32,0,1
BRDA:332,32,1,3
BRDA:341,33,0,2
BRDA:341,33,1,1
BRDA:358,34,0,1
BRDA:358,34,1,5
BRDA:367,35,0,1
BRDA:367,35,1,2
BRDA:381,36,0,1
BRDA:381,36,1,2
BRDA:390,37,0,1
BRDA:390,37,1,1
BRDA:410,38,0,1
BRDA:410,38,1,0
BRDA:436,39,0,1
BRDA:436,39,1,9
BRDA:439,40,0,1
BRDA:439,40,1,9
BRDA:442,41,0,1
BRDA:442,41,1,9
BRDA:445,42,0,1
BRDA:445,42,1,9
BRDA:448,43,0,1
BRDA:448,43,1,9
BRDA:451,44,0,1
BRDA:451,44,1,9
BRDA:454,45,0,1
BRDA:454,45,1,9
BRDA:460,46,0,1
BRDA:460,46,1,9
BRDA:467,47,0,9
BRDA:467,47,1,1
BRDA:469,48,0,1
BRDA:469,48,1,0
BRDA:483,49,0,1
BRDA:483,49,1,2
BRDA:492,50,0,1
BRDA:492,50,1,1
BRDA:506,51,0,1
BRDA:506,51,1,3
BRDA:523,52,0,1
BRDA:523,52,1,2
BRDA:530,53,0,1
BRDA:530,53,1,1
BRDA:539,54,0,3
BRDA:539,54,1,0
BRDA:553,55,0,1
BRDA:553,55,1,3
BRDA:560,56,0,1
BRDA:560,56,1,2
BRDA:573,57,0,2
BRDA:573,57,1,1
BRDA:590,58,0,1
BRDA:590,58,1,4
BRDA:599,59,0,1
BRDA:599,59,1,2
BRDA:613,60,0,1
BRDA:613,60,1,2
BRDA:627,61,0,2
BRDA:627,61,1,0
BRDA:641,62,0,1
BRDA:641,62,1,2
BRDA:650,63,0,1
BRDA:650,63,1,1
BRDA:668,64,0,1
BRDA:668,64,1,3
BRDA:681,65,0,1
BRDA:681,65,1,2
BRDA:688,66,0,2
BRDA:688,66,1,1
BRDA:690,67,0,2
BRDA:690,67,1,0
BRDA:704,68,0,1
BRDA:704,68,1,2
BRDA:713,69,0,1
BRDA:713,69,1,1
BRDA:730,70,0,1
BRDA:730,70,1,2
BRDA:739,71,0,1
BRDA:739,71,1,1
BRDA:753,72,0,1
BRDA:753,72,1,2
BRDA:765,73,0,1
BRDA:765,73,1,1
BRDA:772,74,0,2
BRDA:772,74,1,0
BRDA:786,75,0,1
BRDA:786,75,1,2
BRDA:786,76,0,3
BRDA:786,76,1,3
BRDA:795,77,0,1
BRDA:795,77,1,1
BRDA:813,78,0,1
BRDA:813,78,1,4
BRDA:823,79,0,1
BRDA:823,79,1,3
BRDA:830,80,0,2
BRDA:830,80,1,1
BRDA:830,81,0,3
BRDA:830,81,1,2
BRDA:842,82,0,2
BRDA:842,82,1,0
BRF:166
BRH:153
end_of_record
TN:
SF:src\lib\api\services\daily-reports.ts
FN:14,(anonymous_0)
FN:47,(anonymous_1)
FN:63,(anonymous_2)
FN:87,(anonymous_3)
FN:114,(anonymous_4)
FN:142,(anonymous_5)
FN:178,(anonymous_6)
FN:201,(anonymous_7)
FN:220,(anonymous_8)
FN:239,(anonymous_9)
FNF:10
FNH:10
FNDA:3,(anonymous_0)
FNDA:2,(anonymous_1)
FNDA:1,(anonymous_2)
FNDA:1,(anonymous_3)
FNDA:2,(anonymous_4)
FNDA:3,(anonymous_5)
FNDA:2,(anonymous_6)
FNDA:1,(anonymous_7)
FNDA:1,(anonymous_8)
FNDA:1,(anonymous_9)
DA:10,2
DA:18,3
DA:19,3
DA:20,1
DA:26,2
DA:35,2
DA:48,2
DA:49,2
DA:51,1
DA:67,1
DA:68,1
DA:75,0
DA:92,1
DA:93,1
DA:102,0
DA:117,2
DA:119,2
DA:120,2
DA:121,1
DA:128,1
DA:130,1
DA:146,3
DA:147,3
DA:148,1
DA:155,2
DA:156,2
DA:157,1
DA:164,1
DA:166,2
DA:179,2
DA:180,2
DA:181,1
DA:187,1
DA:189,1
DA:202,1
DA:203,1
DA:208,0
DA:221,1
DA:222,1
DA:227,0
DA:240,1
DA:241,1
DA:246,0
LF:43
LH:38
BRDA:19,0,0,1
BRDA:19,0,1,2
BRDA:29,1,0,2
BRDA:29,1,1,2
BRDA:32,2,0,3
BRDA:32,2,1,2
BRDA:35,3,0,1
BRDA:35,3,1,1
BRDA:51,4,0,0
BRDA:51,4,1,1
BRDA:75,5,0,0
BRDA:75,5,1,0
BRDA:102,6,0,0
BRDA:102,6,1,0
BRDA:120,7,0,1
BRDA:120,7,1,1
BRDA:130,8,0,1
BRDA:130,8,1,0
BRDA:147,9,0,1
BRDA:147,9,1,2
BRDA:156,10,0,1
BRDA:156,10,1,1
BRDA:166,11,0,2
BRDA:166,11,1,0
BRDA:180,12,0,1
BRDA:180,12,1,1
BRDA:189,13,0,1
BRDA:189,13,1,0
BRDA:208,14,0,0
BRDA:208,14,1,0
BRDA:227,15,0,0
BRDA:227,15,1,0
BRDA:246,16,0,0
BRDA:246,16,1,0
BRF:34
BRH:20
end_of_record
TN:
SF:src\lib\api\services\document-access-log.ts
FN:74,(anonymous_0)
FN:118,(anonymous_1)
FN:188,(anonymous_2)
FN:207,(anonymous_3)
FN:210,(anonymous_4)
FN:230,(anonymous_5)
FNF:6
FNH:6
FNDA:3,(anonymous_0)
FNDA:3,(anonymous_1)
FNDA:2,(anonymous_2)
FNDA:5,(anonymous_3)
FNDA:5,(anonymous_4)
FNDA:2,(anonymous_5)
DA:6,1
DA:57,1
DA:75,3
DA:77,3
DA:78,1
DA:79,1
DA:82,2
DA:94,2
DA:95,1
DA:97,1
DA:100,1
DA:129,3
DA:142,3
DA:143,1
DA:146,3
DA:147,1
DA:150,3
DA:151,0
DA:154,3
DA:155,0
DA:158,3
DA:159,1
DA:162,3
DA:163,0
DA:166,3
DA:168,3
DA:169,1
DA:170,1
DA:173,2
DA:195,2
DA:201,2
DA:202,0
DA:203,0
DA:206,2
DA:207,5
DA:208,2
DA:210,2
DA:211,5
DA:214,2
DA:234,2
DA:248,2
DA:249,0
DA:250,0
DA:253,2
LF:44
LH:37
BRDA:77,0,0,1
BRDA:77,0,1,2
BRDA:89,1,0,2
BRDA:89,1,1,1
BRDA:94,2,0,1
BRDA:94,2,1,1
BRDA:142,3,0,1
BRDA:142,3,1,2
BRDA:146,4,0,1
BRDA:146,4,1,2
BRDA:150,5,0,0
BRDA:150,5,1,3
BRDA:154,6,0,0
BRDA:154,6,1,3
BRDA:158,7,0,1
BRDA:158,7,1,2
BRDA:162,8,0,0
BRDA:162,8,1,3
BRDA:163,9,0,0
BRDA:163,9,1,0
BRDA:168,10,0,1
BRDA:168,10,1,2
BRDA:173,11,0,2
BRDA:173,11,1,1
BRDA:201,12,0,0
BRDA:201,12,1,2
BRDA:206,13,0,2
BRDA:206,13,1,0
BRDA:211,14,0,5
BRDA:211,14,1,2
BRDA:215,15,0,2
BRDA:215,15,1,1
BRDA:216,16,0,2
BRDA:216,16,1,1
BRDA:218,17,0,2
BRDA:218,17,1,1
BRDA:232,18,0,2
BRDA:248,19,0,0
BRDA:248,19,1,2
BRDA:253,20,0,2
BRDA:253,20,1,0
BRF:41
BRH:32
end_of_record
TN:
SF:src\lib\api\services\documents.ts
FN:13,(anonymous_0)
FN:39,(anonymous_1)
FN:55,(anonymous_2)
FN:91,(anonymous_3)
FN:117,(anonymous_4)
FN:140,(anonymous_5)
FN:159,(anonymous_6)
FN:184,(anonymous_7)
FN:203,(anonymous_8)
FN:220,(anonymous_9)
FN:275,(anonymous_10)
FN:348,(anonymous_11)
FN:384,(anonymous_12)
FN:387,(anonymous_13)
FN:410,(anonymous_14)
FN:424,(anonymous_15)
FN:453,(anonymous_16)
FN:480,(anonymous_17)
FN:481,(anonymous_18)
FNF:19
FNH:9
FNDA:0,(anonymous_0)
FNDA:0,(anonymous_1)
FNDA:0,(anonymous_2)
FNDA:0,(anonymous_3)
FNDA:0,(anonymous_4)
FNDA:0,(anonymous_5)
FNDA:0,(anonymous_6)
FNDA:0,(anonymous_7)
FNDA:0,(anonymous_8)
FNDA:0,(anonymous_9)
FNDA:6,(anonymous_10)
FNDA:6,(anonymous_11)
FNDA:2,(anonymous_12)
FNDA:4,(anonymous_13)
FNDA:2,(anonymous_14)
FNDA:2,(anonymous_15)
FNDA:4,(anonymous_16)
FNDA:14,(anonymous_17)
FNDA:6,(anonymous_18)
DA:9,2
DA:17,0
DA:18,0
DA:27,0
DA:40,0
DA:41,0
DA:43,0
DA:58,0
DA:59,0
DA:60,0
DA:66,0
DA:67,0
DA:73,0
DA:79,0
DA:95,0
DA:96,0
DA:97,0
DA:103,0
DA:105,0
DA:118,0
DA:119,0
DA:120,0
DA:126,0
DA:128,0
DA:141,0
DA:142,0
DA:147,0
DA:162,0
DA:163,0
DA:164,0
DA:170,0
DA:172,0
DA:188,0
DA:189,0
DA:191,0
DA:204,0
DA:205,0
DA:207,0
DA:225,0
DA:226,0
DA:227,0
DA:233,0
DA:234,0
DA:240,0
DA:247,0
DA:248,0
DA:255,0
DA:260,0
DA:262,0
DA:280,6
DA:281,6
DA:282,1
DA:288,5
DA:289,1
DA:296,4
DA:299,4
DA:300,6
DA:301,6
DA:302,6
DA:303,6
DA:306,6
DA:312,4
DA:333,4
DA:335,2
DA:349,6
DA:350,6
DA:351,1
DA:358,5
DA:362,5
DA:370,5
DA:372,1
DA:385,2
DA:386,2
DA:387,4
DA:389,2
DA:390,1
DA:396,1
DA:398,1
DA:411,2
DA:412,2
DA:413,1
DA:420,1
DA:421,1
DA:424,2
DA:425,1
DA:426,1
DA:433,1
DA:438,1
DA:440,1
DA:465,4
DA:466,4
DA:467,4
DA:470,4
DA:479,4
DA:480,14
DA:481,6
DA:487,4
DA:493,2
LF:98
LH:50
BRDA:21,0,0,0
BRDA:21,0,1,0
BRDA:24,1,0,0
BRDA:24,1,1,0
BRDA:27,2,0,0
BRDA:27,2,1,0
BRDA:43,3,0,0
BRDA:43,3,1,0
BRDA:59,4,0,0
BRDA:59,4,1,0
BRDA:66,5,0,0
BRDA:66,5,1,0
BRDA:79,6,0,0
BRDA:79,6,1,0
BRDA:96,7,0,0
BRDA:96,7,1,0
BRDA:105,8,0,0
BRDA:105,8,1,0
BRDA:119,9,0,0
BRDA:119,9,1,0
BRDA:128,10,0,0
BRDA:128,10,1,0
BRDA:147,11,0,0
BRDA:147,11,1,0
BRDA:163,12,0,0
BRDA:163,12,1,0
BRDA:172,13,0,0
BRDA:172,13,1,0
BRDA:191,14,0,0
BRDA:191,14,1,0
BRDA:207,15,0,0
BRDA:207,15,1,0
BRDA:226,16,0,0
BRDA:226,16,1,0
BRDA:233,17,0,0
BRDA:233,17,1,0
BRDA:247,18,0,0
BRDA:247,18,1,0
BRDA:260,19,0,0
BRDA:260,19,1,0
BRDA:262,20,0,0
BRDA:262,20,1,0
BRDA:281,21,0,1
BRDA:281,21,1,5
BRDA:288,22,0,1
BRDA:288,22,1,4
BRDA:299,23,0,4
BRDA:299,23,1,0
BRDA:301,24,0,6
BRDA:301,24,1,0
BRDA:302,25,0,6
BRDA:302,25,1,0
BRDA:321,26,0,4
BRDA:321,26,1,3
BRDA:335,27,0,2
BRDA:335,27,1,0
BRDA:350,28,0,1
BRDA:350,28,1,5
BRDA:372,29,0,1
BRDA:372,29,1,0
BRDA:389,30,0,1
BRDA:389,30,1,1
BRDA:398,31,0,1
BRDA:398,31,1,0
BRDA:412,32,0,1
BRDA:412,32,1,1
BRDA:425,33,0,1
BRDA:425,33,1,0
BRDA:440,34,0,1
BRDA:440,34,1,0
BRDA:493,35,0,0
BRDA:493,35,1,2
BRF:72
BRH:21
end_of_record
TN:
SF:src\lib\api\services\markups.ts
FN:66,(anonymous_0)
FN:121,(anonymous_1)
FN:144,(anonymous_2)
FN:190,(anonymous_3)
FN:216,(anonymous_4)
FN:239,(anonymous_5)
FN:274,(anonymous_6)
FN:284,(anonymous_7)
FNF:8
FNH:8
FNDA:4,(anonymous_0)
FNDA:2,(anonymous_1)
FNDA:5,(anonymous_2)
FNDA:2,(anonymous_3)
FNDA:4,(anonymous_4)
FNDA:3,(anonymous_5)
FNDA:2,(anonymous_6)
FNDA:2,(anonymous_7)
DA:60,1
DA:70,4
DA:71,4
DA:72,1
DA:79,3
DA:94,3
DA:95,1
DA:98,3
DA:100,3
DA:101,0
DA:107,3
DA:109,1
DA:122,2
DA:123,2
DA:124,1
DA:130,1
DA:132,1
DA:147,5
DA:148,5
DA:149,1
DA:155,4
DA:156,1
DA:162,3
DA:163,1
DA:169,2
DA:170,1
DA:176,1
DA:178,4
DA:194,2
DA:195,2
DA:196,1
DA:202,1
DA:204,1
DA:217,4
DA:218,4
DA:219,1
DA:225,3
DA:227,1
DA:242,3
DA:243,3
DA:244,1
DA:251,2
DA:252,3
DA:253,1
DA:260,1
DA:262,2
DA:275,2
DA:276,2
DA:277,1
DA:284,2
DA:286,1
LF:51
LH:50
BRDA:71,0,0,1
BRDA:71,0,1,3
BRDA:94,1,0,1
BRDA:94,1,1,2
BRDA:94,2,0,3
BRDA:94,2,1,1
BRDA:100,3,0,0
BRDA:100,3,1,3
BRDA:107,4,0,3
BRDA:107,4,1,0
BRDA:109,5,0,1
BRDA:109,5,1,0
BRDA:123,6,0,1
BRDA:123,6,1,1
BRDA:132,7,0,1
BRDA:132,7,1,0
BRDA:148,8,0,1
BRDA:148,8,1,4
BRDA:155,9,0,1
BRDA:155,9,1,3
BRDA:162,10,0,1
BRDA:162,10,1,2
BRDA:169,11,0,1
BRDA:169,11,1,1
BRDA:178,12,0,4
BRDA:178,12,1,0
BRDA:195,13,0,1
BRDA:195,13,1,1
BRDA:204,14,0,1
BRDA:204,14,1,0
BRDA:218,15,0,1
BRDA:218,15,1,3
BRDA:227,16,0,1
BRDA:227,16,1,0
BRDA:243,17,0,1
BRDA:243,17,1,2
BRDA:243,18,0,3
BRDA:243,18,1,3
BRDA:252,19,0,1
BRDA:252,19,1,2
BRDA:252,20,0,3
BRDA:252,20,1,2
BRDA:252,20,2,2
BRDA:262,21,0,2
BRDA:262,21,1,0
BRDA:276,22,0,1
BRDA:276,22,1,1
BRDA:276,23,0,2
BRDA:276,23,1,2
BRDA:286,24,0,1
BRDA:286,24,1,0
BRF:51
BRH:42
end_of_record
TN:
SF:src\lib\api\services\messaging.ts
FN:36,getConversations
FN:85,(anonymous_1)
FN:87,(anonymous_2)
FN:108,getConversation
FN:157,createConversation
FN:190,(anonymous_5)
FN:191,(anonymous_6)
FN:224,getOrCreateDirectConversation
FN:245,updateConversation
FN:282,addParticipants
FN:309,(anonymous_10)
FN:312,(anonymous_11)
FN:319,(anonymous_12)
FN:341,removeParticipant
FN:384,leaveConversation
FN:411,getMessages
FN:502,getMessage
FN:548,sendMessage
FN:598,editMessage
FN:635,deleteMessage
FN:658,markAsRead
FN:686,searchMessages
FN:713,(anonymous_22)
FN:741,getParticipants
FN:779,updateParticipant
FN:805,getUnreadCount
FN:840,addReaction
FN:884,removeReaction
FNF:28
FNH:27
FNDA:7,getConversations
FNDA:5,(anonymous_1)
FNDA:5,(anonymous_2)
FNDA:3,getConversation
FNDA:2,createConversation
FNDA:1,(anonymous_5)
FNDA:1,(anonymous_6)
FNDA:1,getOrCreateDirectConversation
FNDA:1,updateConversation
FNDA:2,addParticipants
FNDA:0,(anonymous_10)
FNDA:1,(anonymous_11)
FNDA:1,(anonymous_12)
FNDA:2,removeParticipant
FNDA:1,leaveConversation
FNDA:3,getMessages
FNDA:1,getMessage
FNDA:2,sendMessage
FNDA:1,editMessage
FNDA:1,deleteMessage
FNDA:1,markAsRead
FNDA:2,searchMessages
FNDA:1,(anonymous_22)
FNDA:1,getParticipants
FNDA:1,updateParticipant
FNDA:2,getUnreadCount
FNDA:2,addReaction
FNDA:1,removeReaction
DA:27,1
DA:40,7
DA:41,7
DA:58,7
DA:59,1
DA:63,7
DA:64,1
DA:68,7
DA:69,1
DA:73,7
DA:74,7
DA:75,7
DA:78,7
DA:80,7
DA:82,7
DA:85,5
DA:86,5
DA:87,5
DA:92,7
DA:93,7
DA:96,0
DA:99,5
DA:101,2
DA:112,3
DA:114,3
DA:122,3
DA:123,2
DA:127,1
DA:146,1
DA:148,1
DA:150,2
DA:161,2
DA:163,2
DA:174,2
DA:177,2
DA:185,2
DA:188,2
DA:189,1
DA:190,1
DA:191,1
DA:197,1
DA:198,1
DA:202,1
DA:207,2
DA:208,0
DA:215,2
DA:217,0
DA:228,1
DA:229,1
DA:234,1
DA:236,1
DA:238,0
DA:250,1
DA:252,1
DA:260,1
DA:261,0
DA:264,1
DA:271,1
DA:273,1
DA:275,0
DA:288,2
DA:290,2
DA:298,2
DA:299,1
DA:303,1
DA:309,1
DA:312,2
DA:314,2
DA:315,0
DA:319,1
DA:325,1
DA:330,1
DA:332,1
DA:334,1
DA:346,2
DA:348,2
DA:356,2
DA:357,0
DA:361,2
DA:362,1
DA:366,1
DA:373,1
DA:375,1
DA:377,1
DA:388,1
DA:389,1
DA:396,1
DA:398,1
DA:400,0
DA:416,3
DA:418,3
DA:426,3
DA:427,0
DA:430,3
DA:447,3
DA:449,1
DA:455,1
DA:456,1
DA:460,3
DA:462,0
DA:468,0
DA:469,0
DA:473,3
DA:474,1
DA:477,3
DA:478,0
DA:482,3
DA:483,3
DA:486,3
DA:487,3
DA:489,3
DA:491,3
DA:493,3
DA:495,0
DA:506,1
DA:507,1
DA:524,1
DA:527,1
DA:535,1
DA:536,0
DA:539,1
DA:541,0
DA:552,2
DA:554,2
DA:562,2
DA:563,0
DA:567,2
DA:570,2
DA:587,2
DA:589,2
DA:591,0
DA:603,1
DA:605,1
DA:608,1
DA:624,1
DA:626,1
DA:628,0
DA:639,1
DA:640,1
DA:647,1
DA:649,1
DA:651,0
DA:663,1
DA:665,1
DA:675,1
DA:677,1
DA:679,0
DA:691,2
DA:692,2
DA:703,2
DA:704,1
DA:707,1
DA:713,1
DA:715,1
DA:716,1
DA:718,0
DA:722,2
DA:726,2
DA:728,2
DA:730,0
DA:745,1
DA:747,1
DA:755,1
DA:756,0
DA:759,1
DA:768,1
DA:770,1
DA:772,0
DA:784,1
DA:785,1
DA:794,1
DA:796,1
DA:798,0
DA:809,2
DA:810,2
DA:812,1
DA:817,1
DA:818,1
DA:821,1
DA:825,1
DA:826,1
DA:829,0
DA:845,2
DA:847,2
DA:855,2
DA:856,1
DA:860,1
DA:873,1
DA:875,1
DA:877,0
DA:888,1
DA:889,1
DA:895,1
DA:897,1
DA:899,0
LF:195
LH:165
BRDA:58,0,0,1
BRDA:58,0,1,6
BRDA:63,1,0,1
BRDA:63,1,1,6
BRDA:68,2,0,1
BRDA:68,2,1,6
BRDA:73,3,0,7
BRDA:73,3,1,6
BRDA:74,4,0,7
BRDA:74,4,1,6
BRDA:82,5,0,2
BRDA:82,5,1,5
BRDA:85,6,0,5
BRDA:85,6,1,0
BRDA:87,7,0,5
BRDA:87,7,1,5
BRDA:93,8,0,0
BRDA:93,8,1,7
BRDA:122,9,0,2
BRDA:122,9,1,1
BRDA:146,10,0,0
BRDA:146,10,1,1
BRDA:167,11,0,2
BRDA:167,11,1,0
BRDA:168,12,0,2
[...]
DA:98,0
DA:100,0
DA:117,0
DA:118,0
DA:119,0
DA:121,0
DA:122,0
DA:127,0
DA:128,0
DA:134,0
DA:135,0
DA:137,0
DA:140,0
DA:141,0
DA:142,0
DA:157,0
DA:165,0
DA:174,0
DA:175,0
DA:176,0
DA:177,0
DA:183,0
DA:185,0
DA:190,0
DA:191,0
DA:199,0
DA:200,0
DA:206,0
DA:207,0
DA:209,0
DA:212,0
DA:213,0
DA:214,0
DA:225,0
DA:234,0
DA:235,0
DA:236,0
DA:237,0
DA:243,0
DA:248,0
DA:249,0
DA:266,2
DA:268,2
DA:270,0
DA:271,0
DA:272,0
DA:275,0
DA:276,0
DA:277,0
DA:280,2
DA:281,2
DA:286,2
DA:287,2
DA:289,2
DA:296,0
DA:303,0
DA:304,0
DA:308,0
DA:309,0
DA:319,0
DA:321,0
DA:322,0
DA:325,0
DA:326,0
DA:329,0
DA:334,2
DA:338,0
DA:342,0
LF:88
LH:8
BRDA:69,0,0,0
BRDA:69,0,1,0
BRDA:74,1,0,0
BRDA:74,1,1,0
BRDA:80,2,0,0
BRDA:80,2,1,0
BRDA:117,3,0,0
BRDA:117,3,1,0
BRDA:118,4,0,0
BRDA:118,4,1,0
BRDA:119,5,0,0
BRDA:119,5,1,0
BRDA:121,6,0,0
BRDA:121,6,1,0
BRDA:127,7,0,0
BRDA:127,7,1,0
BRDA:135,8,0,0
BRDA:135,8,1,0
BRDA:149,9,0,0
BRDA:149,9,1,0
BRDA:154,10,0,0
BRDA:154,10,1,0
BRDA:174,11,0,0
BRDA:174,11,1,0
BRDA:183,12,0,0
BRDA:183,12,1,0
BRDA:193,13,0,0
BRDA:193,13,1,0
BRDA:199,14,0,0
BRDA:199,14,1,0
BRDA:207,15,0,0
BRDA:207,15,1,0
BRDA:234,16,0,0
BRDA:234,16,1,0
BRDA:245,17,0,0
BRDA:245,17,1,0
BRDA:251,18,0,0
BRDA:251,18,1,0
BRDA:266,19,0,2
BRDA:266,19,1,2
BRDA:268,20,0,0
BRDA:268,20,1,0
BRDA:268,20,2,2
BRDA:268,20,3,2
BRDA:286,21,0,2
BRDA:286,21,1,0
BRDA:303,22,0,0
BRDA:303,22,1,0
BRDA:319,23,0,0
BRDA:319,23,1,0
BRDA:321,24,0,0
BRDA:321,24,1,0
BRDA:325,25,0,0
BRDA:325,25,1,0
BRF:54
BRH:5
end_of_record
TN:
SF:src\lib\email\templates\approval-completed.ts
FN:36,generateApprovalCompletedEmail
FNF:1
FNH:0
FNDA:0,generateApprovalCompletedEmail
DA:23,2
DA:30,2
DA:37,0
DA:38,0
DA:40,0
DA:100,0
DA:105,0
DA:107,0
LF:8
LH:2
BRDA:37,0,0,0
BRDA:37,0,1,0
BRDA:38,1,0,0
BRDA:38,1,1,0
BRDA:56,2,0,0
BRDA:56,2,1,0
BRDA:70,3,0,0
BRDA:70,3,1,0
BRDA:79,4,0,0
BRDA:79,4,1,0
BRDA:86,5,0,0
BRDA:86,5,1,0
BRDA:94,6,0,0
BRDA:94,6,1,0
BRF:14
BRH:0
end_of_record
TN:
SF:src\lib\email\templates\approval-request.ts
FN:29,generateApprovalRequestEmail
FNF:1
FNH:0
FNDA:0,generateApprovalRequestEmail
DA:22,2
DA:30,0
DA:32,0
DA:95,0
DA:100,0
DA:102,0
LF:6
LH:1
BRDA:30,0,0,0
BRDA:30,0,1,0
BRDA:48,1,0,0
BRDA:48,1,1,0
BRDA:62,2,0,0
BRDA:62,2,1,0
BRDA:68,3,0,0
BRDA:68,3,1,0
BRDA:77,4,0,0
BRDA:77,4,1,0
BRF:10
BRH:0
end_of_record
TN:
SF:src\lib\email\templates\base-template.ts
FN:17,wrapInBaseTemplate
FN:275,generatePlainText
FNF:2
FNH:0
FNDA:0,wrapInBaseTemplate
FNDA:0,generatePlainText
DA:18,0
DA:19,0
DA:21,0
DA:276,0
LF:4
LH:0
BRDA:19,0,0,0
BRDA:19,0,1,0
BRDA:220,1,0,0
BRDA:220,1,1,0
BRDA:234,2,0,0
BRDA:234,2,1,0
BRDA:254,3,0,0
BRDA:254,3,1,0
BRF:8
BRH:0
end_of_record
TN:
SF:src\lib\email\templates\incident-notification.ts
FN:31,generateIncidentNotificationEmail
FNF:1
FNH:0
FNDA:0,generateIncidentNotificationEmail
DA:23,2
DA:32,0
DA:33,0
DA:35,0
DA:117,0
DA:122,0
DA:124,0
LF:7
LH:1
BRDA:32,0,0,0
BRDA:32,0,1,0
BRDA:42,1,0,0
BRDA:42,1,1,0
BRDA:90,2,0,0
BRDA:90,2,1,0
BRDA:109,3,0,0
BRDA:109,3,1,0
BRF:8
BRH:0
end_of_record
TN:
SF:src\lib\email\templates\index.ts
FNF:0
FNH:0
LF:0
LH:0
BRF:0
BRH:0
end_of_record
TN:
SF:src\lib\notifications\ToastContext.tsx
FN:21,ToastProvider
FN:25,(anonymous_1)
FN:38,(anonymous_2)
FN:42,(anonymous_3)
FN:52,(anonymous_4)
FN:53,(anonymous_5)
FN:53,(anonymous_6)
FN:56,(anonymous_7)
FN:61,(anonymous_8)
FN:67,(anonymous_9)
FN:73,(anonymous_10)
FN:79,(anonymous_11)
FN:85,(anonymous_12)
FN:105,useToast
FNF:14
FNH:0
FNDA:0,ToastProvider
FNDA:0,(anonymous_1)
FNDA:0,(anonymous_2)
FNDA:0,(anonymous_3)
FNDA:0,(anonymous_4)
FNDA:0,(anonymous_5)
FNDA:0,(anonymous_6)
FNDA:0,(anonymous_7)
FNDA:0,(anonymous_8)
FNDA:0,(anonymous_9)
FNDA:0,(anonymous_10)
FNDA:0,(anonymous_11)
FNDA:0,(anonymous_12)
FNDA:0,useToast
DA:19,2
DA:22,0
DA:24,0
DA:26,0
DA:28,0
DA:38,0
DA:41,0
DA:42,0
DA:43,0
DA:47,0
DA:52,0
DA:53,0
DA:56,0
DA:57,0
DA:60,0
DA:62,0
DA:66,0
DA:68,0
DA:72,0
DA:74,0
DA:78,0
DA:80,0
DA:84,0
DA:86,0
DA:90,0
DA:102,0
DA:106,0
DA:107,0
DA:108,0
DA:110,0
LF:30
LH:1
BRDA:33,0,0,0
BRDA:33,0,1,0
BRDA:33,1,0,0
BRDA:33,1,1,0
BRDA:41,2,0,0
BRDA:41,2,1,0
BRDA:41,3,0,0
BRDA:41,3,1,0
BRDA:107,4,0,0
BRDA:107,4,1,0
BRF:10
BRH:0
end_of_record
TN:
SF:src\lib\notifications\notification-service.ts
FN:49,(anonymous_0)
FN:104,(anonymous_1)
FN:161,(anonymous_2)
FN:232,(anonymous_3)
FN:268,(anonymous_4)
FN:279,(anonymous_5)
FN:282,(anonymous_6)
FN:294,(anonymous_7)
FN:301,(anonymous_8)
FN:304,(anonymous_9)
FN:312,sendApprovalRequestNotification
FN:320,sendApprovalCompletedNotification
FN:328,sendIncidentNotification
FNF:13
FNH:2
FNDA:0,(anonymous_0)
FNDA:3,(anonymous_1)
FNDA:0,(anonymous_2)
FNDA:0,(anonymous_3)
FNDA:0,(anonymous_4)
FNDA:0,(anonymous_5)
FNDA:0,(anonymous_6)
FNDA:0,(anonymous_7)
FNDA:0,(anonymous_8)
FNDA:0,(anonymous_9)
FNDA:0,sendApprovalRequestNotification
FNDA:3,sendApprovalCompletedNotification
FNDA:0,sendIncidentNotification
DA:36,2
DA:45,2
DA:54,0
DA:56,0
DA:57,0
DA:64,0
DA:65,0
DA:66,0
DA:67,0
DA:75,0
DA:80,0
DA:81,0
DA:82,0
DA:95,0
DA:109,3
DA:114,3
DA:121,3
DA:122,0
DA:123,0
DA:124,0
DA:132,0
DA:137,0
DA:138,0
DA:139,0
DA:153,0
DA:166,0
DA:168,0
DA:169,0
DA:175,0
DA:176,0
DA:177,0
DA:178,0
DA:186,0
DA:191,0
DA:192,0
DA:193,0
DA:207,0
DA:213,0
DA:214,0
DA:224,0
DA:246,0
DA:247,0
DA:255,0
DA:256,0
DA:259,0
DA:262,0
DA:269,0
DA:270,0
DA:272,0
DA:280,0
DA:281,0
DA:282,0
DA:283,0
DA:285,0
DA:295,0
DA:302,0
DA:303,0
DA:304,0
DA:306,0
DA:317,0
DA:325,3
DA:333,0
LF:62
LH:6
BRDA:52,0,0,0
BRDA:54,1,0,0
BRDA:54,1,1,0
BRDA:59,2,0,0
BRDA:59,2,1,0
BRDA:60,3,0,0
BRDA:60,3,1,0
BRDA:64,4,0,0
BRDA:64,4,1,0
BRDA:80,5,0,0
BRDA:80,5,1,0
BRDA:107,6,0,3
BRDA:111,7,0,3
BRDA:111,7,1,3
BRDA:121,8,0,0
BRDA:121,8,1,3
BRDA:137,9,0,0
BRDA:137,9,1,0
BRDA:164,10,0,0
BRDA:171,11,0,0
BRDA:171,11,1,0
BRDA:175,12,0,0
BRDA:175,12,1,0
BRDA:175,13,0,0
BRDA:175,13,1,0
BRDA:191,14,0,0
BRDA:191,14,1,0
BRDA:199,15,0,0
BRDA:199,15,1,0
BRDA:217,16,0,0
BRDA:217,16,1,0
BRDA:246,17,0,0
BRDA:246,17,1,0
BRDA:255,18,0,0
BRDA:255,18,1,0
BRDA:270,19,0,0
BRDA:270,19,1,0
BRDA:281,20,0,0
BRDA:281,20,1,0
BRDA:283,21,0,0
BRDA:283,21,1,0
BRDA:303,22,0,0
BRDA:303,22,1,0
BRF:43
BRH:4
end_of_record
TN:
SF:src\lib\notifications\useNotifications.ts
FN:8,useNotifications
FN:15,(anonymous_1)
FN:56,(anonymous_2)
FN:87,(anonymous_3)
FN:97,(anonymous_4)
FN:107,(anonymous_5)
FN:117,(anonymous_6)
FNF:7
FNH:0
FNDA:0,useNotifications
FNDA:0,(anonymous_1)
FNDA:0,(anonymous_2)
FNDA:0,(anonymous_3)
FNDA:0,(anonymous_4)
FNDA:0,(anonymous_5)
FNDA:0,(anonymous_6)
DA:9,0
DA:14,0
DA:25,0
DA:26,0
DA:28,0
DA:29,0
DA:32,0
DA:33,0
DA:35,0
DA:42,0
DA:43,0
DA:45,0
DA:46,0
DA:55,0
DA:57,0
DA:64,0
DA:66,0
DA:67,0
DA:70,0
DA:71,0
DA:75,0
DA:78,0
DA:86,0
DA:88,0
DA:96,0
DA:98,0
DA:106,0
DA:108,0
DA:116,0
DA:118,0
DA:123,0
LF:31
LH:0
BRDA:28,0,0,0
BRDA:28,0,1,0
BRDA:35,1,0,0
BRDA:35,1,1,0
BRDA:39,2,0,0
BRDA:39,2,1,0
BRDA:42,3,0,0
BRDA:42,3,1,0
BRDA:57,4,0,0
BRDA:57,4,1,0
BRDA:61,5,0,0
BRDA:61,5,1,0
BRDA:64,6,0,0
BRDA:64,6,1,0
BRDA:66,7,0,0
BRDA:66,7,1,0
BRDA:70,8,0,0
BRDA:70,8,1,0
BRF:18
BRH:0
end_of_record
TN:
SF:src\lib\offline\indexeddb.ts
FN:81,initDatabase
FN:88,(anonymous_1)
FN:145,(anonymous_2)
FN:150,(anonymous_3)
FN:153,(anonymous_4)
FN:170,getDatabase
FN:180,closeDatabase
FN:191,deleteDatabase
FN:205,getAllFromStore
FN:213,getFromStore
FN:224,addToStore
FN:233,putInStore
FN:242,deleteFromStore
FN:250,clearStore
FN:258,getByIndex
FN:272,countRecords
FN:280,countByIndex
FN:294,cleanupExpiredCache
FN:316,getStorageEstimate
FN:344,isStoragePersisted
FN:354,requestPersistentStorage
FNF:21
FNH:16
FNDA:25,initDatabase
FNDA:0,(anonymous_1)
FNDA:0,(anonymous_2)
FNDA:0,(anonymous_3)
FNDA:0,(anonymous_4)
FNDA:18,getDatabase
FNDA:36,closeDatabase
FNDA:2,deleteDatabase
FNDA:2,getAllFromStore
FNDA:2,getFromStore
FNDA:2,addToStore
FNDA:2,putInStore
FNDA:1,deleteFromStore
FNDA:1,clearStore
FNDA:2,getByIndex
FNDA:2,countRecords
FNDA:2,countByIndex
FNDA:0,cleanupExpiredCache
FNDA:1,getStorageEstimate
FNDA:1,isStoragePersisted
FNDA:1,requestPersistentStorage
DA:14,1
DA:15,1
DA:18,1
DA:76,1
DA:82,25
DA:83,1
DA:86,24
DA:87,24
DA:89,0
DA:92,0
DA:93,0
DA:96,0
DA:97,0
DA:98,0
DA:99,0
DA:103,0
DA:104,0
DA:107,0
DA:108,0
DA:109,0
DA:110,0
DA:114,0
DA:115,0
DA:118,0
DA:119,0
DA:120,0
DA:124,0
DA:125,0
DA:128,0
DA:129,0
DA:130,0
DA:134,0
DA:135,0
DA:138,0
DA:139,0
DA:140,0
DA:141,0
DA:142,0
DA:146,0
DA:151,0
DA:154,0
DA:155,0
DA:159,23
DA:160,23
DA:162,1
DA:163,1
DA:171,18
DA:172,17
DA:174,1
DA:181,36
DA:182,23
DA:183,23
DA:184,23
DA:192,2
DA:193,2
DA:194,2
DA:195,2
DA:197,0
DA:198,0
DA:206,2
DA:207,2
DA:217,2
DA:218,2
DA:225,2
DA:226,2
DA:227,2
DA:234,2
DA:235,2
DA:236,2
DA:243,1
DA:244,1
DA:251,1
DA:252,1
DA:263,2
DA:264,2
DA:265,2
DA:266,2
DA:273,2
DA:274,2
DA:285,2
DA:286,2
DA:287,2
DA:288,2
DA:295,0
DA:296,0
DA:297,0
DA:299,0
DA:300,0
DA:303,0
DA:304,0
DA:305,0
DA:308,0
DA:309,0
DA:310,0
DA:321,1
DA:322,0
DA:323,0
DA:324,0
DA:325,0
DA:327,0
DA:334,1
DA:345,1
DA:346,0
DA:348,1
DA:355,1
DA:356,0
DA:358,1
LF:107
LH:53
BRDA:82,0,0,1
BRDA:82,0,1,24
BRDA:92,1,0,0
BRDA:92,1,1,0
BRDA:103,2,0,0
BRDA:103,2,1,0
BRDA:114,3,0,0
BRDA:114,3,1,0
BRDA:124,4,0,0
BRDA:124,4,1,0
BRDA:134,5,0,0
BRDA:134,5,1,0
BRDA:171,6,0,17
BRDA:171,6,1,1
BRDA:181,7,0,23
BRDA:181,7,1,13
BRDA:321,8,0,0
BRDA:321,8,1,1
BRDA:321,9,0,1
BRDA:321,9,1,0
BRDA:323,10,0,0
BRDA:323,10,1,0
BRDA:324,11,0,0
BRDA:324,11,1,0
BRDA:325,12,0,0
BRDA:325,12,1,0
BRDA:345,13,0,0
BRDA:345,13,1,1
BRDA:345,14,0,1
BRDA:345,14,1,0
BRDA:355,15,0,0
BRDA:355,15,1,1
BRDA:355,16,0,1
BRDA:355,16,1,0
BRF:34
BRH:12
end_of_record
TN:
SF:src\lib\offline\photo-queue.ts
FN:20,queuePhoto
FN:49,getPendingPhotos
FN:56,getPhotosByResponse
FN:63,getPhotosByChecklist
FN:70,getQueuedPhoto
FN:77,updatePhotoStatus
FN:106,markPhotoUploaded
FN:113,markPhotoFailed
FN:120,removeQueuedPhoto
FN:128,getPendingPhotoCount
FN:136,getAllQueuedPhotos
FN:143,clearUploadedPhotos
FN:157,retryFailedPhotos
FN:174,getQueueStats
FN:218,blobToFile
FNF:15
FNH:15
FNDA:3,queuePhoto
FNDA:3,getPendingPhotos
FNDA:1,getPhotosByResponse
FNDA:1,getPhotosByChecklist
FNDA:11,getQueuedPhoto
FNDA:9,updatePhotoStatus
FNDA:1,markPhotoUploaded
FNDA:1,markPhotoFailed
FNDA:3,removeQueuedPhoto
FNDA:1,getPendingPhotoCount
FNDA:3,getAllQueuedPhotos
FNDA:2,clearUploadedPhotos
FNDA:2,retryFailedPhotos
FNDA:2,getQueueStats
FNDA:2,blobToFile
DA:26,3
DA:40,3
DA:41,3
DA:43,3
DA:50,3
DA:57,1
DA:64,1
DA:71,11
DA:83,9
DA:84,9
DA:85,1
DA:88,8
DA:95,8
DA:96,2
DA:99,8
DA:100,8
DA:107,1
DA:114,1
DA:121,3
DA:122,3
DA:129,1
DA:130,1
DA:137,3
DA:144,2
DA:146,2
DA:147,2
DA:150,2
DA:151,2
DA:158,2
DA:160,2
DA:162,4
DA:163,2
DA:167,2
DA:168,2
DA:182,2
DA:184,2
DA:193,2
DA:194,5
DA:196,5
DA:198,2
DA:199,2
DA:201,1
DA:202,1
DA:204,1
DA:205,1
DA:207,1
DA:208,1
DA:212,2
DA:219,2
LF:49
LH:49
BRDA:41,0,0,1
BRDA:41,0,1,2
BRDA:84,1,0,1
BRDA:84,1,1,8
BRDA:95,2,0,2
BRDA:95,2,1,6
BRDA:96,3,0,2
BRDA:96,3,1,1
BRDA:162,4,0,2
BRDA:162,4,1,2
BRDA:196,5,0,2
BRDA:196,5,1,1
BRDA:196,5,2,1
BRDA:196,5,3,1
BRF:14
BRH:14
end_of_record
TN:
SF:src\lib\offline\storage-manager.ts
FN:80,(anonymous_0)
FN:87,(anonymous_1)
FN:101,(anonymous_2)
FN:108,(anonymous_3)
FN:121,(anonymous_4)
FN:145,(anonymous_5)
FN:164,(anonymous_6)
FN:179,(anonymous_7)
FN:186,(anonymous_8)
FN:193,(anonymous_9)
FN:210,(anonymous_10)
FN:218,(anonymous_11)
FN:250,(anonymous_12)
FN:275,(anonymous_13)
FN:308,(anonymous_14)
FNF:15
FNH:15
FNDA:1,(anonymous_0)
FNDA:1,(anonymous_1)
FNDA:1,(anonymous_2)
FNDA:1,(anonymous_3)
FNDA:1,(anonymous_4)
FNDA:1,(anonymous_5)
FNDA:1,(anonymous_6)
FNDA:1,(anonymous_7)
FNDA:1,(anonymous_8)
FNDA:1,(anonymous_9)
FNDA:1,(anonymous_10)
FNDA:1,(anonymous_11)
FNDA:1,(anonymous_12)
FNDA:1,(anonymous_13)
FNDA:1,(anonymous_14)
DA:19,1
DA:81,9
DA:88,7
DA:89,2
DA:93,5
DA:94,5
DA:95,5
DA:102,2
DA:109,5
DA:110,5
DA:111,89
DA:112,89
DA:113,89
DA:115,5
DA:126,3
DA:127,3
DA:129,3
DA:139,3
DA:146,4
DA:148,4
DA:149,1
DA:153,3
DA:154,1
DA:155,1
DA:158,2
DA:165,1
DA:166,1
DA:167,1
DA:169,1
DA:170,2
DA:173,1
DA:180,1
DA:187,3
DA:194,12
DA:196,12
DA:204,12
DA:211,2
DA:212,2
DA:219,2
DA:222,2
DA:224,2
DA:225,2
DA:226,1
DA:230,1
DA:233,1
DA:236,1
DA:239,1
DA:241,1
DA:242,1
DA:244,1
DA:254,4
DA:255,4
DA:256,4
DA:258,4
DA:259,4
DA:261,4
DA:262,4
DA:263,4
DA:264,4
DA:268,4
DA:269,4
DA:281,6
DA:287,6
DA:288,6
DA:289,6
DA:291,6
DA:292,4
DA:293,4
DA:294,4
DA:297,6
DA:314,4
DA:315,4
DA:317,4
DA:318,4
DA:320,4
DA:321,1
DA:322,1
DA:323,3
DA:324,1
DA:325,1
DA:328,4
LF:81
LH:81
BRDA:81,0,0,9
BRDA:81,0,1,1
BRDA:88,1,0,2
BRDA:88,1,1,5
BRDA:88,2,0,7
BRDA:88,2,1,6
BRDA:134,3,0,1
BRDA:134,3,1,2
BRDA:148,4,0,1
BRDA:148,4,1,3
BRDA:153,5,0,1
BRDA:153,5,1,2
BRDA:153,6,0,3
BRDA:153,6,1,2
BRDA:225,7,0,1
BRDA:225,7,1,1
BRDA:262,8,0,4
BRDA:262,8,1,0
BRDA:292,9,0,4
BRDA:292,9,1,3
BRDA:320,10,0,1
BRDA:320,10,1,3
BRDA:323,11,0,1
BRDA:323,11,1,2
BRF:24
BRH:23
end_of_record
TN:
SF:src\lib\offline\sync-manager.ts
FN:21,(anonymous_0)
FN:25,(anonymous_1)
FN:38,(anonymous_2)
FN:46,(anonymous_3)
FN:59,(anonymous_4)
FN:76,(anonymous_5)
FN:127,(anonymous_6)
FN:135,(anonymous_7)
FN:144,(anonymous_8)
FN:165,(anonymous_9)
FN:185,(anonymous_10)
FN:194,(anonymous_11)
FN:208,initSyncManager
FNF:13
FNH:9
FNDA:13,(anonymous_0)
FNDA:0,(anonymous_1)
FNDA:0,(anonymous_2)
FNDA:4,(anonymous_3)
FNDA:13,(anonymous_4)
FNDA:13,(anonymous_5)
FNDA:0,(anonymous_6)
FNDA:0,(anonymous_7)
FNDA:13,(anonymous_8)
FNDA:13,(anonymous_9)
FNDA:13,(anonymous_10)
FNDA:13,(anonymous_11)
FNDA:1,initSyncManager
DA:12,13
DA:13,13
DA:14,13
DA:15,13
DA:22,4
DA:25,4
DA:26,0
DA:27,0
DA:30,4
DA:33,4
DA:34,0
DA:38,4
DA:39,0
DA:40,0
DA:41,0
DA:46,4
DA:47,4
DA:48,4
DA:49,4
DA:50,4
DA:51,4
DA:60,0
DA:61,0
DA:63,0
DA:65,0
DA:66,0
DA:69,0
DA:78,0
DA:79,0
DA:80,0
DA:84,0
DA:85,0
DA:86,0
DA:87,0
DA:91,0
DA:92,0
DA:93,0
DA:94,0
DA:97,0
DA:98,0
DA:99,0
DA:102,0
DA:103,0
DA:105,0
DA:106,0
DA:107,0
DA:109,0
DA:112,0
DA:113,0
DA:117,0
DA:118,0
DA:125,0
DA:126,0
DA:127,0
DA:130,0
DA:131,0
DA:134,0
DA:135,0
DA:137,0
DA:149,0
DA:152,0
DA:153,0
DA:166,4
DA:167,1
DA:170,3
DA:171,1
DA:174,2
DA:175,1
DA:176,1
DA:179,1
DA:187,0
DA:188,0
DA:198,1
DA:209,1
LF:74
LH:25
BRDA:33,0,0,0
BRDA:33,0,1,4
BRDA:33,1,0,4
BRDA:33,1,1,4
BRDA:40,2,0,0
BRDA:40,2,1,0
BRDA:40,3,0,0
BRDA:40,3,1,0
BRDA:49,4,0,4
BRDA:49,4,1,0
BRDA:63,5,0,0
BRDA:63,5,1,0
BRDA:78,6,0,0
BRDA:78,6,1,0
BRDA:85,7,0,0
BRDA:85,7,1,0
BRDA:92,8,0,0
BRDA:92,8,1,0
BRDA:97,9,0,0
BRDA:97,9,1,0
BRDA:112,10,0,0
BRDA:112,10,1,0
BRDA:117,11,0,0
BRDA:117,11,1,0
BRDA:119,12,0,0
BRDA:119,12,1,0
BRDA:125,13,0,0
BRDA:125,13,1,0
BRDA:125,14,0,0
BRDA:125,14,1,0
BRDA:152,15,0,0
BRDA:152,15,1,0
BRDA:152,16,0,0
BRDA:152,16,1,0
BRDA:166,17,0,1
BRDA:166,17,1,3
BRDA:170,18,0,1
BRDA:170,18,1,2
BRDA:174,19,0,1
BRDA:174,19,1,1
BRF:40
BRH:10
end_of_record
TN:
SF:src\lib\validation\index.ts
FNF:0
FNH:0
LF:0
LH:0
BRF:0
BRH:0
end_of_record
TN:
SF:src\lib\validation\schemas.ts
FN:77,(anonymous_0)
FN:83,(anonymous_1)
FN:111,(anonymous_2)
FN:112,(anonymous_3)
FN:285,(anonymous_4)
FN:302,validateArray
FN:309,(anonymous_6)
FN:316,(anonymous_7)
FNF:8
FNH:8
FNDA:6,(anonymous_0)
FNDA:6,(anonymous_1)
FNDA:12,(anonymous_2)
FNDA:12,(anonymous_3)
FNDA:5,(anonymous_4)
FNDA:6,validateArray
FNDA:14,(anonymous_6)
FNDA:10,(anonymous_7)
DA:10,3
DA:15,3
DA:22,3
DA:24,3
DA:26,3
DA:32,3
DA:77,6
DA:83,6
DA:90,3
DA:99,3
DA:111,12
DA:113,12
DA:114,12
DA:115,12
DA:116,12
DA:117,12
DA:171,3
DA:180,3
DA:227,3
DA:236,3
DA:255,3
DA:285,5
DA:290,3
DA:306,6
DA:307,6
DA:309,6
DA:310,14
DA:311,14
DA:312,7
DA:314,7
DA:316,10
DA:321,6
LF:32
LH:32
BRDA:77,0,0,6
BRDA:77,0,1,6
BRDA:83,1,0,6
BRDA:83,1,1,6
BRDA:311,2,0,7
BRDA:311,2,1,7
BRF:6
BRH:6
end_of_record
TN:
SF:src\lib\validation\useFormValidation.ts
FN:26,useFormValidation
FN:39,(anonymous_1)
FN:45,(anonymous_2)
FN:78,(anonymous_3)
FN:87,(anonymous_4)
FN:96,(anonymous_5)
FN:97,(anonymous_6)
FN:103,(anonymous_7)
FN:123,(anonymous_8)
FN:130,(anonymous_9)
FN:131,(anonymous_10)
FN:142,(anonymous_11)
FN:152,(anonymous_12)
FN:161,(anonymous_13)
FN:168,(anonymous_14)
FN:170,(anonymous_15)
FN:170,(anonymous_16)
FN:193,useFieldValidation
FN:197,(anonymous_18)
FN:206,(anonymous_19)
FN:207,(anonymous_20)
FN:213,(anonymous_21)
FN:227,(anonymous_22)
FN:228,(anonymous_23)
FN:235,(anonymous_24)
FN:239,(anonymous_25)
FNF:26
FNH:0
FNDA:0,useFormValidation
FNDA:0,(anonymous_1)
FNDA:0,(anonymous_2)
FNDA:0,(anonymous_3)
FNDA:0,(anonymous_4)
FNDA:0,(anonymous_5)
FNDA:0,(anonymous_6)
FNDA:0,(anonymous_7)
FNDA:0,(anonymous_8)
FNDA:0,(anonymous_9)
FNDA:0,(anonymous_10)
FNDA:0,(anonymous_11)
FNDA:0,(anonymous_12)
FNDA:0,(anonymous_13)
FNDA:0,(anonymous_14)
FNDA:0,(anonymous_15)
FNDA:0,(anonymous_16)
FNDA:0,useFieldValidation
FNDA:0,(anonymous_18)
FNDA:0,(anonymous_19)
FNDA:0,(anonymous_20)
FNDA:0,(anonymous_21)
FNDA:0,(anonymous_22)
FNDA:0,(anonymous_23)
FNDA:0,(anonymous_24)
FNDA:0,(anonymous_25)
DA:30,0
DA:31,0
DA:32,0
DA:33,0
DA:38,0
DA:40,0
DA:42,0
DA:43,0
DA:45,0
DA:46,0
DA:47,0
DA:48,0
DA:50,0
DA:53,0
DA:55,0
DA:56,0
DA:59,0
DA:65,0
DA:66,0
DA:77,0
DA:79,0
DA:82,0
DA:83,0
DA:87,0
DA:88,0
DA:90,0
DA:93,0
DA:95,0
DA:96,0
DA:97,0
DA:103,0
DA:104,0
DA:105,0
DA:106,0
DA:111,0
DA:114,0
DA:123,0
DA:124,0
DA:130,0
DA:131,0
DA:132,0
DA:133,0
DA:134,0
DA:141,0
DA:143,0
DA:151,0
DA:153,0
DA:161,0
DA:162,0
DA:168,0
DA:169,0
DA:170,0
DA:173,0
DA:176,0
DA:194,0
DA:196,0
DA:198,0
DA:200,0
DA:203,0
DA:205,0
DA:206,0
DA:207,0
DA:211,0
DA:213,0
DA:214,0
DA:215,0
DA:216,0
DA:218,0
DA:221,0
DA:227,0
DA:228,0
DA:229,0
DA:230,0
DA:231,0
DA:235,0
DA:236,0
DA:239,0
DA:240,0
DA:243,0
LF:79
LH:0
BRDA:42,0,0,0
BRDA:42,0,1,0
BRDA:47,1,0,0
BRDA:47,1,1,0
BRDA:55,2,0,0
BRDA:55,2,1,0
BRDA:78,3,0,0
BRDA:82,4,0,0
BRDA:82,4,1,0
BRDA:90,5,0,0
BRDA:90,5,1,0
BRDA:95,6,0,0
BRDA:95,6,1,0
BRDA:200,7,0,0
BRDA:200,7,1,0
BRDA:205,8,0,0
BRDA:205,8,1,0
BRF:17
BRH:0
end_of_record
TN:
SF:src\lib\validation\validateAndCall.ts
FN:10,validateAndCall
FN:19,(anonymous_1)
FN:48,createValidatedAPI
FN:52,(anonymous_3)
FN:60,mergeErrors
FN:87,hasErrors
FN:89,(anonymous_6)
FN:95,getFirstError
FN:110,formatValidationErrors
FN:114,(anonymous_9)
FN:115,(anonymous_10)
FNF:11
FNH:0
FNDA:0,validateAndCall
FNDA:0,(anonymous_1)
FNDA:0,createValidatedAPI
FNDA:0,(anonymous_3)
FNDA:0,mergeErrors
FNDA:0,hasErrors
FNDA:0,(anonymous_6)
FNDA:0,getFirstError
FNDA:0,formatValidationErrors
FNDA:0,(anonymous_9)
FNDA:0,(anonymous_10)
DA:15,0
DA:17,0
DA:18,0
DA:19,0
DA:20,0
DA:21,0
DA:22,0
DA:24,0
DA:27,0
DA:30,0
DA:31,0
DA:32,0
DA:34,0
DA:41,0
DA:52,0
DA:53,0
DA:64,0
DA:66,0
DA:68,0
DA:71,0
DA:72,0
DA:73,0
DA:74,0
DA:77,0
DA:81,0
DA:88,0
DA:89,0
DA:96,0
DA:98,0
DA:99,0
DA:100,0
DA:104,0
DA:111,0
DA:113,0
DA:115,0
LF:35
LH:0
BRDA:17,0,0,0
BRDA:17,0,1,0
BRDA:21,1,0,0
BRDA:21,1,1,0
BRDA:34,2,0,0
BRDA:34,2,1,0
BRDA:38,3,0,0
BRDA:38,3,1,0
BRDA:64,4,0,0
BRDA:64,4,1,0
BRDA:66,5,0,0
BRDA:66,5,1,0
BRDA:71,6,0,0
BRDA:71,6,1,0
BRDA:73,7,0,0
BRDA:73,7,1,0
BRDA:88,8,0,0
BRDA:88,8,1,0
BRDA:96,9,0,0
BRDA:96,9,1,0
BRDA:99,10,0,0
BRDA:99,10,1,0
BRDA:111,11,0,0
BRDA:111,11,1,0
BRF:24
BRH:0
end_of_record
TN:
SF:src\types\messaging.ts
FN:327,parseMentions
FN:348,extractMentionedUserIds
FN:350,(anonymous_2)
FN:357,formatMentionsForDisplay
FN:367,createMention
FN:378,formatMessageTime
FN:397,isRecentMessage
FN:408,isValidMessageContent
FN:412,isValidConversationName
FN:417,isValidAttachment
FNF:10
FNH:3
FNDA:3,parseMentions
FNDA:3,extractMentionedUserIds
FNDA:1,(anonymous_2)
FNDA:0,formatMentionsForDisplay
FNDA:0,createMention
FNDA:0,formatMessageTime
FNDA:0,isRecentMessage
FNDA:0,isValidMessageContent
FNDA:0,isValidConversationName
FNDA:0,isValidAttachment
DA:263,1
DA:284,1
DA:328,3
DA:329,3
DA:332,3
DA:333,1
DA:342,3
DA:349,3
DA:350,3
DA:358,0
DA:368,0
DA:379,0
DA:380,0
DA:381,0
DA:382,0
DA:383,0
DA:384,0
DA:386,0
DA:387,0
DA:388,0
DA:389,0
DA:391,0
DA:398,0
DA:399,0
DA:400,0
DA:401,0
DA:409,0
DA:413,0
DA:414,0
DA:418,0
LF:30
LH:9
BRDA:386,0,0,0
BRDA:386,0,1,0
BRDA:387,1,0,0
BRDA:387,1,1,0
BRDA:388,2,0,0
BRDA:388,2,1,0
BRDA:389,3,0,0
BRDA:389,3,1,0
BRDA:409,4,0,0
BRDA:409,4,1,0
BRDA:413,5,0,0
BRDA:413,5,1,0
BRDA:414,6,0,0
BRDA:414,6,1,0
BRDA:414,6,2,0
BRDA:419,7,0,0
BRDA:419,7,1,0
BRDA:419,7,2,0
BRDA:419,7,3,0
BRF:19
BRH:0
end_of_record
